<?xml version="1.0" encoding="UTF-8"?>
<testsuite name="feature.SwitchScript" tests="107" skipped="1" failures="7" errors="0" timestamp="2020-07-03T10:25:40" hostname="LAPTOP-DUISMC2A" time="112.249">
  <properties/>
  <testcase name="1. Distributor Registration" classname="feature.SwitchScript" time="1.44"/>
  <testcase name="2. Intrabank Activation of Distributor" classname="feature.SwitchScript" time="0.356"/>
  <testcase name="3. Intrabank Set PIN of Distributor" classname="feature.SwitchScript" time="0.269"/>
  <testcase name="4. IB Distributor Registration" classname="feature.SwitchScript" time="0.423"/>
  <testcase name="5. IB Activation of Distributor" classname="feature.SwitchScript" time="0.337"/>
  <testcase name="6. IB Set PIN of Distributor" classname="feature.SwitchScript" time="0.239"/>
  <testcase name="7. Intra Agent Registration" classname="feature.SwitchScript" time="0.38"/>
  <testcase name="8. Intra Activation of Agent" classname="feature.SwitchScript" time="0.352"/>
  <testcase name="9. Intra Set PIN of Agent" classname="feature.SwitchScript" time="0.251"/>
  <testcase name="10. IB Agent Registration" classname="feature.SwitchScript" time="0.319"/>
  <testcase name="11. IB Activation of Agent" classname="feature.SwitchScript" time="0.335"/>
  <testcase name="12. IB Set PIN of Agent" classname="feature.SwitchScript" time="0.231"/>
  <testcase name="13. AD Agent Registration" classname="feature.SwitchScript" time="0.328"/>
  <testcase name="14. AD Agent Activation" classname="feature.SwitchScript" time="0.325"/>
  <testcase name="15. AD Agent Set PIN" classname="feature.SwitchScript" time="0.251"/>
  <testcase name="16. Intra Custome Registration" classname="feature.SwitchScript" time="0.53"/>
  <testcase name="17. Intra Customer Activation" classname="feature.SwitchScript" time="0.43"/>
  <testcase name="18. Intra Customer Set PIN" classname="feature.SwitchScript" time="0.338"/>
  <testcase name="19. IB Customer Registration" classname="feature.SwitchScript" time="0.408"/>
  <testcase name="20. IB Customer Activation" classname="feature.SwitchScript" time="0.406"/>
  <testcase name="21. IB Customer Set PIN" classname="feature.SwitchScript" time="0.317"/>
  <testcase name="22. ADC Customer Registration" classname="feature.SwitchScript" time="0.389"/>
  <testcase name="23. ADC Customer Activation" classname="feature.SwitchScript" time="0.395"/>
  <testcase name="24. ADC Customer Set PIN" classname="feature.SwitchScript" time="0.316"/>
  <testcase name="25. Bank Cash-in to intra Distributor" classname="feature.SwitchScript" time="0.207"/>
  <testcase name="26. Bank Cash-in to IB Distributor" classname="feature.SwitchScript" time="0.173"/>
  <testcase name="27. Bank Cash-out from intra Distributor" classname="feature.SwitchScript" time="0.222"/>
  <testcase name="28. Bank Cash-out from ib Distributor" classname="feature.SwitchScript" time="0.241"/>
  <testcase name="29. Distributor Cash-in to Intra Agent" classname="feature.SwitchScript" time="0.278"/>
  <testcase name="30. Distributor Cash-in to IB Agent" classname="feature.SwitchScript" time="0.245"/>
  <testcase name="31. Distributor Cash-in to AD Agent" classname="feature.SwitchScript" time="0.315">
    <failure message="Condition not satisfied:&#10;&#10;json.status==&quot;PROCESSED&quot;&#10;|    |     |&#10;|    |     false&#10;|    |     15 differences (16% similarity)&#10;|    |     (N-)O(T_)E(NOUGH_CR)ED(ITS)&#10;|    |     (PR)O(C-)E(SS------)ED(---)&#10;|    NOT_ENOUGH_CREDITS&#10;[status:NOT_ENOUGH_CREDITS, msg:, trnxId:, smsHeader:, payFor:null, message:null, description:null, incentiveStatus:null, incentiveStatusDesc:null, interBankDistrCommRate:null, walletNumber:null, fromSMSHeader:TB3 SureCash, toSMSHeader:TB4 SureCash, balanceFrom:-1.0, balanceTo:-1.0, smsFromAc:N/A, smsToAc:N/A, smsToExternalCustomer:N/A, fromAccount:null, toAccount:null, externalCustomer:null, bankName:TB3, ibfee:null, fee:-1.0, commission:-1.0, cbsBalance:-1.0, ticket:N/A, traceNo:N/A, fromAccountType:UNKNOWN_ACCOUNT_TYPE, toAccountType:UNKNOWN_ACCOUNT_TYPE, ibFeeCr:null, ibFeeDr:null, disbursementMaxFee:null, trnxAmount:-1.0, disbursementInfo:null, txnTime:null, trnxCode:1203, feeDirection:null, statusStr:NOT_ENOUGH_CREDITS, payForSMSHeader:TB3 SureCash]&#10;" type="org.spockframework.runtime.SpockComparisonFailure">Condition not satisfied:

json.status==&quot;PROCESSED&quot;
|    |     |
|    |     false
|    |     15 differences (16% similarity)
|    |     (N-)O(T_)E(NOUGH_CR)ED(ITS)
|    |     (PR)O(C-)E(SS------)ED(---)
|    NOT_ENOUGH_CREDITS
[status:NOT_ENOUGH_CREDITS, msg:, trnxId:, smsHeader:, payFor:null, message:null, description:null, incentiveStatus:null, incentiveStatusDesc:null, interBankDistrCommRate:null, walletNumber:null, fromSMSHeader:TB3 SureCash, toSMSHeader:TB4 SureCash, balanceFrom:-1.0, balanceTo:-1.0, smsFromAc:N/A, smsToAc:N/A, smsToExternalCustomer:N/A, fromAccount:null, toAccount:null, externalCustomer:null, bankName:TB3, ibfee:null, fee:-1.0, commission:-1.0, cbsBalance:-1.0, ticket:N/A, traceNo:N/A, fromAccountType:UNKNOWN_ACCOUNT_TYPE, toAccountType:UNKNOWN_ACCOUNT_TYPE, ibFeeCr:null, ibFeeDr:null, disbursementMaxFee:null, trnxAmount:-1.0, disbursementInfo:null, txnTime:null, trnxCode:1203, feeDirection:null, statusStr:NOT_ENOUGH_CREDITS, payForSMSHeader:TB3 SureCash]

	at feature.SwitchScript.31. Distributor Cash-in to AD Agent(SwitchScript.groovy:420)
</failure>
  </testcase>
  <testcase name="32. Distributor Cash-out to Intra Agent" classname="feature.SwitchScript" time="0.287"/>
  <testcase name="33. Distributor Cash-out to IB Agent" classname="feature.SwitchScript" time="0.28"/>
  <testcase name="34. Distributor Cash-out to AD Agent" classname="feature.SwitchScript" time="0.241">
    <failure message="Condition not satisfied:&#10;&#10;json.status==&quot;PROCESSED&quot;&#10;|    |     |&#10;|    |     false&#10;|    |     15 differences (16% similarity)&#10;|    |     (N-)O(T_)E(NOUGH_CR)ED(ITS)&#10;|    |     (PR)O(C-)E(SS------)ED(---)&#10;|    NOT_ENOUGH_CREDITS&#10;[status:NOT_ENOUGH_CREDITS, msg:, trnxId:, smsHeader:, payFor:null, message:null, description:null, incentiveStatus:null, incentiveStatusDesc:null, interBankDistrCommRate:null, walletNumber:null, fromSMSHeader:TB4 SureCash, toSMSHeader:TB3 SureCash, balanceFrom:-1.0, balanceTo:-1.0, smsFromAc:N/A, smsToAc:N/A, smsToExternalCustomer:N/A, fromAccount:null, toAccount:null, externalCustomer:null, bankName:TB4, ibfee:null, fee:-1.0, commission:-1.0, cbsBalance:-1.0, ticket:N/A, traceNo:N/A, fromAccountType:UNKNOWN_ACCOUNT_TYPE, toAccountType:UNKNOWN_ACCOUNT_TYPE, ibFeeCr:null, ibFeeDr:null, disbursementMaxFee:null, trnxAmount:-1.0, disbursementInfo:null, txnTime:null, trnxCode:1204, feeDirection:null, statusStr:NOT_ENOUGH_CREDITS, payForSMSHeader:TB4 SureCash]&#10;" type="org.spockframework.runtime.SpockComparisonFailure">Condition not satisfied:

json.status==&quot;PROCESSED&quot;
|    |     |
|    |     false
|    |     15 differences (16% similarity)
|    |     (N-)O(T_)E(NOUGH_CR)ED(ITS)
|    |     (PR)O(C-)E(SS------)ED(---)
|    NOT_ENOUGH_CREDITS
[status:NOT_ENOUGH_CREDITS, msg:, trnxId:, smsHeader:, payFor:null, message:null, description:null, incentiveStatus:null, incentiveStatusDesc:null, interBankDistrCommRate:null, walletNumber:null, fromSMSHeader:TB4 SureCash, toSMSHeader:TB3 SureCash, balanceFrom:-1.0, balanceTo:-1.0, smsFromAc:N/A, smsToAc:N/A, smsToExternalCustomer:N/A, fromAccount:null, toAccount:null, externalCustomer:null, bankName:TB4, ibfee:null, fee:-1.0, commission:-1.0, cbsBalance:-1.0, ticket:N/A, traceNo:N/A, fromAccountType:UNKNOWN_ACCOUNT_TYPE, toAccountType:UNKNOWN_ACCOUNT_TYPE, ibFeeCr:null, ibFeeDr:null, disbursementMaxFee:null, trnxAmount:-1.0, disbursementInfo:null, txnTime:null, trnxCode:1204, feeDirection:null, statusStr:NOT_ENOUGH_CREDITS, payForSMSHeader:TB4 SureCash]

	at feature.SwitchScript.34. Distributor Cash-out to AD Agent(SwitchScript.groovy:462)
</failure>
  </testcase>
  <testcase name="35. Intra Agent Cash-in to Intra Customer Cash-in" classname="feature.SwitchScript" time="0.39"/>
  <testcase name="36. IB Agent Cash-in to Intra Customer Cash-in" classname="feature.SwitchScript" time="0.708">
    <failure message="Condition not satisfied:&#10;&#10;json.status==&quot;PROCESSED&quot;&#10;|    |     |&#10;|    |     false&#10;|    |     44 differences (10% similarity)&#10;|    |     (DAILY_TXN_LIMIT_EX)CE(EDED Reversal )S(tatus :)S(UCC)E(SS)&#10;|    |     (PRO---------------)CE(--------------)S(-------)S(---)E(D-)&#10;|    DAILY_TXN_LIMIT_EXCEEDED Reversal Status :SUCCESS&#10;[status:DAILY_TXN_LIMIT_EXCEEDED Reversal Status :SUCCESS, msg:, trnxId:TB4[T400000078715], smsHeader:, payFor:null, message:null, description:DAILY_TXN_LIMIT_EXCEEDED, incentiveStatus:null, incentiveStatusDesc:null, interBankDistrCommRate:null, walletNumber:null, fromSMSHeader:TB4 SureCash, toSMSHeader:TB3 SureCash, balanceFrom:45044.35, balanceTo:-1.0, smsFromAc:N/A, smsToAc:N/A, smsToExternalCustomer:N/A, fromAccount:null, toAccount:null, externalCustomer:null, bankName:TB4, ibfee:null, fee:-1.0, commission:-1.0, cbsBalance:-1.0, ticket:N/A, traceNo:TB4[N/A], fromAccountType:UNKNOWN_ACCOUNT_TYPE, toAccountType:UNKNOWN_ACCOUNT_TYPE, ibFeeCr:null, ibFeeDr:164.625, disbursementMaxFee:null, trnxAmount:25000.0, disbursementInfo:null, txnTime:null, trnxCode:10, feeDirection:null, statusStr:DAILY_TXN_LIMIT_EXCEEDED Reversal Status :SUCCESS, payForSMSHeader:TB4 SureCash]&#10;" type="org.spockframework.runtime.SpockComparisonFailure">Condition not satisfied:

json.status==&quot;PROCESSED&quot;
|    |     |
|    |     false
|    |     44 differences (10% similarity)
|    |     (DAILY_TXN_LIMIT_EX)CE(EDED Reversal )S(tatus :)S(UCC)E(SS)
|    |     (PRO---------------)CE(--------------)S(-------)S(---)E(D-)
|    DAILY_TXN_LIMIT_EXCEEDED Reversal Status :SUCCESS
[status:DAILY_TXN_LIMIT_EXCEEDED Reversal Status :SUCCESS, msg:, trnxId:TB4[T400000078715], smsHeader:, payFor:null, message:null, description:DAILY_TXN_LIMIT_EXCEEDED, incentiveStatus:null, incentiveStatusDesc:null, interBankDistrCommRate:null, walletNumber:null, fromSMSHeader:TB4 SureCash, toSMSHeader:TB3 SureCash, balanceFrom:45044.35, balanceTo:-1.0, smsFromAc:N/A, smsToAc:N/A, smsToExternalCustomer:N/A, fromAccount:null, toAccount:null, externalCustomer:null, bankName:TB4, ibfee:null, fee:-1.0, commission:-1.0, cbsBalance:-1.0, ticket:N/A, traceNo:TB4[N/A], fromAccountType:UNKNOWN_ACCOUNT_TYPE, toAccountType:UNKNOWN_ACCOUNT_TYPE, ibFeeCr:null, ibFeeDr:164.625, disbursementMaxFee:null, trnxAmount:25000.0, disbursementInfo:null, txnTime:null, trnxCode:10, feeDirection:null, statusStr:DAILY_TXN_LIMIT_EXCEEDED Reversal Status :SUCCESS, payForSMSHeader:TB4 SureCash]

	at feature.SwitchScript.36. IB Agent Cash-in to Intra Customer Cash-in(SwitchScript.groovy:497)
</failure>
  </testcase>
  <testcase name="37. Intra Agent Cash-in to IB Customer Cash-in" classname="feature.SwitchScript" time="0.251">
    <failure message="Condition not satisfied:&#10;&#10;json.status==&quot;PROCESSED&quot;&#10;|    |     |&#10;|    |     false&#10;|    |     15 differences (16% similarity)&#10;|    |     (N-)O(T_)E(NOUGH_CR)ED(ITS)&#10;|    |     (PR)O(C-)E(SS------)ED(---)&#10;|    NOT_ENOUGH_CREDITS&#10;[status:NOT_ENOUGH_CREDITS, msg:, trnxId:, smsHeader:, payFor:null, message:null, description:null, incentiveStatus:null, incentiveStatusDesc:null, interBankDistrCommRate:null, walletNumber:null, fromSMSHeader:TB4 SureCash, toSMSHeader:TB3 SureCash, balanceFrom:-1.0, balanceTo:-1.0, smsFromAc:N/A, smsToAc:N/A, smsToExternalCustomer:N/A, fromAccount:null, toAccount:null, externalCustomer:null, bankName:TB4, ibfee:null, fee:-1.0, commission:-1.0, cbsBalance:-1.0, ticket:N/A, traceNo:N/A, fromAccountType:UNKNOWN_ACCOUNT_TYPE, toAccountType:UNKNOWN_ACCOUNT_TYPE, ibFeeCr:null, ibFeeDr:null, disbursementMaxFee:null, trnxAmount:-1.0, disbursementInfo:null, txnTime:null, trnxCode:10, feeDirection:null, statusStr:NOT_ENOUGH_CREDITS, payForSMSHeader:TB4 SureCash]&#10;" type="org.spockframework.runtime.SpockComparisonFailure">Condition not satisfied:

json.status==&quot;PROCESSED&quot;
|    |     |
|    |     false
|    |     15 differences (16% similarity)
|    |     (N-)O(T_)E(NOUGH_CR)ED(ITS)
|    |     (PR)O(C-)E(SS------)ED(---)
|    NOT_ENOUGH_CREDITS
[status:NOT_ENOUGH_CREDITS, msg:, trnxId:, smsHeader:, payFor:null, message:null, description:null, incentiveStatus:null, incentiveStatusDesc:null, interBankDistrCommRate:null, walletNumber:null, fromSMSHeader:TB4 SureCash, toSMSHeader:TB3 SureCash, balanceFrom:-1.0, balanceTo:-1.0, smsFromAc:N/A, smsToAc:N/A, smsToExternalCustomer:N/A, fromAccount:null, toAccount:null, externalCustomer:null, bankName:TB4, ibfee:null, fee:-1.0, commission:-1.0, cbsBalance:-1.0, ticket:N/A, traceNo:N/A, fromAccountType:UNKNOWN_ACCOUNT_TYPE, toAccountType:UNKNOWN_ACCOUNT_TYPE, ibFeeCr:null, ibFeeDr:null, disbursementMaxFee:null, trnxAmount:-1.0, disbursementInfo:null, txnTime:null, trnxCode:10, feeDirection:null, statusStr:NOT_ENOUGH_CREDITS, payForSMSHeader:TB4 SureCash]

	at feature.SwitchScript.37. Intra Agent Cash-in to IB Customer Cash-in(SwitchScript.groovy:515)
</failure>
  </testcase>
  <testcase name="38. Intra Agent to ADC Customer Cash-in" classname="feature.SwitchScript" time="0.736"/>
  <testcase name="39. Intra Agent to Intra Customer Cash-Out" classname="feature.SwitchScript" time="0.574"/>
  <testcase name="40. IB Agent to Intra Customer Cash-Out" classname="feature.SwitchScript" time="0.844"/>
  <testcase name="41. Intra Agent to ADC Customer Cash-Out" classname="feature.SwitchScript" time="0.92"/>
  <testcase name="42. AD Agent to Intra Customer Cash-Out" classname="feature.SwitchScript" time="0.726"/>
  <testcase name="43. Retailer Tag Add Inta Bank" classname="feature.SwitchScript" time="0.198"/>
  <testcase name="44. Retailer Tag Add IB Bank" classname="feature.SwitchScript" time="0.186"/>
  <testcase name="45. Intra customer to intra customer Send Money" classname="feature.SwitchScript" time="0.321"/>
  <testcase name="46. Intra customer to ib customer Send Money" classname="feature.SwitchScript" time="0.61"/>
  <testcase name="47. Intra customer to adc customer Send Money" classname="feature.SwitchScript" time="0.873"/>
  <testcase name="48. Retailer Tag Remove Intra Bank" classname="feature.SwitchScript" time="0.23"/>
  <testcase name="49. Retailer Tag Remove IB Bank" classname="feature.SwitchScript" time="0.185"/>
  <testcase name="50. Intra CusTo Intra Merchant Payment" classname="feature.SwitchScript" time="0.311"/>
  <testcase name="51. Intra Cus To IB Merchant Payment Fee From Cus Min Amount" classname="feature.SwitchScript" time="0.857"/>
  <testcase name="52. Intra Cus To IB Merchant Payment Fee From Cus General Amount" classname="feature.SwitchScript" time="8.723"/>
  <testcase name="53. Intra Cus To IB Merchant Payment Fee From Cus MAx Amount" classname="feature.SwitchScript" time="8.615"/>
  <testcase name="54. Intra Cus To IB Merchant Payment Fee From Merchant Min Amount" classname="feature.SwitchScript" time="0.856"/>
  <testcase name="55. Intra Cus To IB Merchant Payment Fee From Merchant General Amount" classname="feature.SwitchScript" time="8.788"/>
  <testcase name="56. Intra Cus To IB Merchant Payment Fee From Merchant Max Amount" classname="feature.SwitchScript" time="8.787"/>
  <testcase name="57. Intra Agent To Intra Merchant Payment" classname="feature.SwitchScript" time="0.362"/>
  <testcase name="58. Ib Agent To Intra Merchant Payment" classname="feature.SwitchScript" time="0.907"/>
  <testcase name="59. Ad Agent To Intra Merchant Payment" classname="feature.SwitchScript" time="0.871"/>
  <testcase name="60. Intra Agent To IB Merchant Payment Fee From Customer Min Amount" classname="feature.SwitchScript" time="1.228"/>
  <testcase name="61. Intra Agent To IB Merchant Payment Fee From Customer General Amount" classname="feature.SwitchScript" time="9.127"/>
  <testcase name="62. Intra Agent To IB Merchant Payment Fee From Customer Max Amount" classname="feature.SwitchScript" time="9.117"/>
  <testcase name="63. Ib Agent To IB Merchant Payment Fee From Customer" classname="feature.SwitchScript" time="0.506"/>
  <testcase name="64. adAgentToIBMerchantPaymentFeeFromCustomer" classname="feature.SwitchScript" time="0.42"/>
  <testcase name="65. adAgentToIBMerchantPaymentFeeFromCustomer" classname="feature.SwitchScript" time="1.153"/>
  <testcase name="66. Intra Agent To IB Merchant Payment Fee From Merchant General Amount" classname="feature.SwitchScript" time="8.793"/>
  <testcase name="67. Intra Agent To IB Merchant Payment Fee From Merchant MaxAmount" classname="feature.SwitchScript" time="6.093"/>
  <testcase name="68. Ib Agent To IB Merchant Payment Fee From Merchant" classname="feature.SwitchScript" time="3.436"/>
  <testcase name="69. Ad Agent To IB Merchant Payment Fee From Merchant" classname="feature.SwitchScript" time="0.75"/>
  <testcase name="70. Bulk disburse to Intra Customer" classname="feature.SwitchScript" time="0.328"/>
  <testcase name="71. Bulk disburse to IB Customer" classname="feature.SwitchScript" time="0.502"/>
  <testcase name="72. Bulk disburse to ADC Customer" classname="feature.SwitchScript" time="0.433"/>
  <testcase name="73. Bulk cash-out of IB customer" classname="feature.SwitchScript" time="0.777"/>
  <testcase name="74. Bulk cash-out of Intra customer" classname="feature.SwitchScript" time="0.766"/>
  <testcase name="75. DO to Intra Agent Cash-in" classname="feature.SwitchScript" time="0.446"/>
  <testcase name="76. DO to IB Agent Cash-in" classname="feature.SwitchScript" time="0.528"/>
  <testcase name="77. DO to Intra Agent Cash-out" classname="feature.SwitchScript" time="0.411"/>
  <testcase name="78. DO to IB Agent Cash-out" classname="feature.SwitchScript" time="0.551"/>
  <testcase name="79. Merchant to Merchant payment" classname="feature.SwitchScript" time="0.288"/>
  <testcase name="80. Merchant Cash-out from intra agent" classname="feature.SwitchScript" time="0.459"/>
  <testcase name="81. Merchant Cash-out from IB agent" classname="feature.SwitchScript" time="0.752"/>
  <testcase name="82. Merchant Cash-out from AD agent" classname="feature.SwitchScript" time="0.673"/>
  <testcase name="83. Stipend Customer registration" classname="feature.SwitchScript" time="0.197"/>
  <testcase name="84. Stipend Disburse" classname="feature.SwitchScript" time="0.111"/>
  <testcase name="85. Stipend Cash-out from Intrabank agent" classname="feature.SwitchScript" time="0.39"/>
  <testcase name="86. Stipend Cash-out from IB agent" classname="feature.SwitchScript" time="0.626"/>
  <testcase name="87. Sugar Cash-out from Intra agent" classname="feature.SwitchScript" time="0.366"/>
  <testcase name="88. Sugar Cash-out from IB agent" classname="feature.SwitchScript" time="0.607"/>
  <testcase name="89. Get Balance of Distributor" classname="feature.SwitchScript" time="0.097"/>
  <testcase name="90. Get Balance with right PIN" classname="feature.SwitchScript" time="0.078"/>
  <testcase name="91. Negative case: get balance with wrong PIN" classname="feature.SwitchScript" time="0.067">
    <failure message="Condition not satisfied:&#10;&#10;ss ==400&#10;|  |&#10;|  false&#10;200&#10;" type="org.spockframework.runtime.SpockComparisonFailure">Condition not satisfied:

ss ==400
|  |
|  false
200

	at feature.SwitchScript.91. Negative case: get balance with wrong PIN(SwitchScript.groovy:1546)
</failure>
  </testcase>
  <testcase name="92. Reverse Payment Intra bank" classname="feature.SwitchScript" time="0.493"/>
  <testcase name="93. Reverse Payment Inter Bank" classname="feature.SwitchScript" time="0.0">
    <skipped/>
  </testcase>
  <testcase name="94. Check cred of a user with right PIN" classname="feature.SwitchScript" time="0.083"/>
  <testcase name="95. Negative case: check cred with wrong PIN" classname="feature.SwitchScript" time="0.081"/>
  <testcase name="96. Direct top up with ROBI and AIRTEL" classname="feature.SwitchScript" time="0.249"/>
  <testcase name="97. top Up With Other Operator" classname="feature.SwitchScript" time="0.031">
    <failure message="Condition failed with Exception:&#10;&#10;ss ==400&#10;|&#10;groovy.lang.MissingPropertyException: No such property: ss for class: feature.SwitchScript&#10;Possible solutions: class&#10;" type="org.spockframework.runtime.ConditionFailedWithExceptionError">Condition failed with Exception:

ss ==400
|
groovy.lang.MissingPropertyException: No such property: ss for class: feature.SwitchScript
Possible solutions: class

	at feature.SwitchScript.97. top Up With Other Operator(SwitchScript.groovy:1651)
Caused by: groovy.lang.MissingPropertyException: No such property: ss for class: feature.SwitchScript
Possible solutions: class
	... 1 more
</failure>
  </testcase>
  <testcase name="98. Negative case: topup with wrong PIN" classname="feature.SwitchScript" time="0.214"/>
  <testcase name="99. Agent Swapping" classname="feature.SwitchScript" time="0.499"/>
  <testcase name="100. Change Status" classname="feature.SwitchScript" time="0.311"/>
  <testcase name="101. Change PIN with right PIN" classname="feature.SwitchScript" time="0.151"/>
  <testcase name="102. Negative case: change PIN with wrong PIN" classname="feature.SwitchScript" time="0.042"/>
  <testcase name="103. Negative case: change PIN with wrong PIN" classname="feature.SwitchScript" time="0.081"/>
  <testcase name="104. Negative case: do payment txn with wrong PIN" classname="feature.SwitchScript" time="0.209">
    <failure message="Condition not satisfied:&#10;&#10;json.status==&quot;INVALID_CREDENTIALS&quot;&#10;|    |     |&#10;|    |     false&#10;|    |     6 differences (68% similarity)&#10;|    |     (BLOCKE)D_CREDENTIALS&#10;|    |     (INVALI)D_CREDENTIALS&#10;|    BLOCKED_CREDENTIALS&#10;[status:BLOCKED_CREDENTIALS, msg:, trnxId:, smsHeader:, payFor:null, message:null, description:null, incentiveStatus:null, incentiveStatusDesc:null, interBankDistrCommRate:0.08765, walletNumber:null, fromSMSHeader:TB3 SureCash, toSMSHeader:TB3 SureCash, balanceFrom:-1.0, balanceTo:-1.0, smsFromAc:N/A, smsToAc:N/A, smsToExternalCustomer:N/A, fromAccount:null, toAccount:null, externalCustomer:null, bankName:tb3, ibfee:null, fee:-1.0, commission:0.0, cbsBalance:-1.0, ticket:N/A, traceNo:N/A, fromAccountType:AGENT, toAccountType:UNBANKED, ibFeeCr:null, ibFeeDr:null, disbursementMaxFee:null, trnxAmount:-1.0, disbursementInfo:null, txnTime:03-07-20 16:27:32, trnxCode:10, feeDirection:null, statusStr:BLOCKED_CREDENTIALS, payForSMSHeader:null]&#10;" type="org.spockframework.runtime.SpockComparisonFailure">Condition not satisfied:

json.status==&quot;INVALID_CREDENTIALS&quot;
|    |     |
|    |     false
|    |     6 differences (68% similarity)
|    |     (BLOCKE)D_CREDENTIALS
|    |     (INVALI)D_CREDENTIALS
|    BLOCKED_CREDENTIALS
[status:BLOCKED_CREDENTIALS, msg:, trnxId:, smsHeader:, payFor:null, message:null, description:null, incentiveStatus:null, incentiveStatusDesc:null, interBankDistrCommRate:0.08765, walletNumber:null, fromSMSHeader:TB3 SureCash, toSMSHeader:TB3 SureCash, balanceFrom:-1.0, balanceTo:-1.0, smsFromAc:N/A, smsToAc:N/A, smsToExternalCustomer:N/A, fromAccount:null, toAccount:null, externalCustomer:null, bankName:tb3, ibfee:null, fee:-1.0, commission:0.0, cbsBalance:-1.0, ticket:N/A, traceNo:N/A, fromAccountType:AGENT, toAccountType:UNBANKED, ibFeeCr:null, ibFeeDr:null, disbursementMaxFee:null, trnxAmount:-1.0, disbursementInfo:null, txnTime:03-07-20 16:27:32, trnxCode:10, feeDirection:null, statusStr:BLOCKED_CREDENTIALS, payForSMSHeader:null]

	at feature.SwitchScript.104. Negative case: do payment txn with wrong PIN(SwitchScript.groovy:1768)
</failure>
  </testcase>
  <testcase name="105. Enable reset PIN option" classname="feature.SwitchScript" time="0.058"/>
  <testcase name="106. Negative case: When suspended customer in destination and receive cash-in from Ad-Agent" classname="feature.SwitchScript" time="0.714"/>
  <testcase name="107. Negative case: When suspended customer in source and do cash-out from Ad-Agent" classname="feature.SwitchScript" time="0.139"/>
  <system-out><![CDATA[Distributor Registration request: null
Distributor Registration response: {
    "status": "SUCCESS",
    "msg": "",
    "trnxId": null,
    "smsHeader": "tb3 SureCash\n",
    "payFor": null,
    "message": "X",
    "description": null,
    "incentiveStatus": null,
    "incentiveStatusDesc": null,
    "interBankDistrCommRate": null,
    "walletNumber": null,
    "fromSMSHeader": "",
    "toSMSHeader": "",
    "balanceFrom": -1.0,
    "balanceTo": -1.0,
    "smsFromAc": "N/A",
    "smsToAc": "N/A",
    "smsToExternalCustomer": "N/A",
    "fromAccount": null,
    "toAccount": null,
    "externalCustomer": null,
    "bankName": null,
    "ibfee": null,
    "accountNo": "015010437257",
    "trnxResult": {
        "status": "",
        "msg": "",
        "trnxId": "",
        "smsHeader": "",
        "payFor": null,
        "message": null,
        "description": null,
        "incentiveStatus": null,
        "incentiveStatusDesc": null,
        "interBankDistrCommRate": null,
        "walletNumber": null,
        "fromSMSHeader": "",
        "toSMSHeader": "",
        "balanceFrom": -1.0,
        "balanceTo": -1.0,
        "smsFromAc": "N/A",
        "smsToAc": "N/A",
        "smsToExternalCustomer": "N/A",
        "fromAccount": null,
        "toAccount": null,
        "externalCustomer": null,
        "bankName": null,
        "ibfee": null,
        "fee": -1.0,
        "commission": -1.0,
        "cbsBalance": -1.0,
        "ticket": "N/A",
        "traceNo": "N/A",
        "fromAccountType": "UNKNOWN_ACCOUNT_TYPE",
        "toAccountType": "UNKNOWN_ACCOUNT_TYPE",
        "ibFeeCr": null,
        "ibFeeDr": null,
        "disbursementMaxFee": null,
        "trnxAmount": -1,
        "disbursementInfo": null,
        "txnTime": null,
        "trnxCode": 0,
        "feeDirection": null,
        "statusStr": "",
        "payForSMSHeader": null
    },
    "groupId": 43,
    "fullName": "Test Distributor TB3",
    "userAccountStatus": "Pending",
    "refId": 0,
    "customerSequentialId": "",
    "statusDesc": null,
    "statusStr": "SUCCESS",
    "payForSMSHeader": null
}
Distributor Activation request: null
Distributor Activation response: {
    "status": "SUCCESS",
    "msg": "",
    "trnxId": "",
    "smsHeader": "",
    "payFor": null,
    "message": null,
    "description": null,
    "incentiveStatus": null,
    "incentiveStatusDesc": null,
    "interBankDistrCommRate": null,
    "walletNumber": null,
    "fromSMSHeader": "",
    "toSMSHeader": "",
    "balanceFrom": -1.0,
    "balanceTo": -1.0,
    "smsFromAc": "N/A",
    "smsToAc": "N/A",
    "smsToExternalCustomer": "N/A",
    "fromAccount": null,
    "toAccount": null,
    "externalCustomer": null,
    "bankName": null,
    "ibfee": null,
    "reason": "N/A",
    "balance": 0.0,
    "refId": 0,
    "userAccountStatus": "Pre-Expired",
    "statusStr": "SUCCESS",
    "payForSMSHeader": null
}
[status:SUCCESS, msg:, trnxId:, smsHeader:, payFor:null, message:null, description:null, incentiveStatus:null, incentiveStatusDesc:null, interBankDistrCommRate:null, walletNumber:null, fromSMSHeader:, toSMSHeader:, balanceFrom:-1.0, balanceTo:-1.0, smsFromAc:N/A, smsToAc:N/A, smsToExternalCustomer:N/A, fromAccount:null, toAccount:null, externalCustomer:null, bankName:null, ibfee:null, reason:N/A, balance:0.0, refId:0, userAccountStatus:Pre-Expired, statusStr:SUCCESS, payForSMSHeader:null]Distributor set PIN request: null
Distributor set PIN response: {
    "status": "SUCCESS",
    "cmdCode": 0,
    "statusCode": 0,
    "newSecretKey": "",
    "msg": "",
    "smsHeader": "",
    "statusDesc": "",
    "statusStr": "SUCCESS",
    "message": "Pin has been successfully changed and user status:SUCCESS",
    "walletNumber": "N/A",
    "acStatus": "Active"
}
[status:SUCCESS, cmdCode:0, statusCode:0, newSecretKey:, msg:, smsHeader:, statusDesc:, statusStr:SUCCESS, message:Pin has been successfully changed and user status:SUCCESS, walletNumber:N/A, acStatus:Active]Distributor Registration IB request: null
Distributor Registration IB response: {
    "status": "SUCCESS",
    "msg": "",
    "trnxId": null,
    "smsHeader": "tb4 SureCash\n",
    "payFor": null,
    "message": "X",
    "description": null,
    "incentiveStatus": null,
    "incentiveStatusDesc": null,
    "interBankDistrCommRate": null,
    "walletNumber": null,
    "fromSMSHeader": "",
    "toSMSHeader": "",
    "balanceFrom": -1.0,
    "balanceTo": -1.0,
    "smsFromAc": "N/A",
    "smsToAc": "N/A",
    "smsToExternalCustomer": "N/A",
    "fromAccount": null,
    "toAccount": null,
    "externalCustomer": null,
    "bankName": null,
    "ibfee": null,
    "accountNo": "015031821703",
    "trnxResult": {
        "status": "",
        "msg": "",
        "trnxId": "",
        "smsHeader": "",
        "payFor": null,
        "message": null,
        "description": null,
        "incentiveStatus": null,
        "incentiveStatusDesc": null,
        "interBankDistrCommRate": null,
        "walletNumber": null,
        "fromSMSHeader": "",
        "toSMSHeader": "",
        "balanceFrom": -1.0,
        "balanceTo": -1.0,
        "smsFromAc": "N/A",
        "smsToAc": "N/A",
        "smsToExternalCustomer": "N/A",
        "fromAccount": null,
        "toAccount": null,
        "externalCustomer": null,
        "bankName": null,
        "ibfee": null,
        "fee": -1.0,
        "commission": -1.0,
        "cbsBalance": -1.0,
        "ticket": "N/A",
        "traceNo": "N/A",
        "fromAccountType": "UNKNOWN_ACCOUNT_TYPE",
        "toAccountType": "UNKNOWN_ACCOUNT_TYPE",
        "ibFeeCr": null,
        "ibFeeDr": null,
        "disbursementMaxFee": null,
        "trnxAmount": -1,
        "disbursementInfo": null,
        "txnTime": null,
        "trnxCode": 0,
        "feeDirection": null,
        "statusStr": "",
        "payForSMSHeader": null
    },
    "groupId": 43,
    "fullName": "Test Distributor TB3",
    "userAccountStatus": "Pending",
    "refId": 0,
    "customerSequentialId": "",
    "statusDesc": null,
    "statusStr": "SUCCESS",
    "payForSMSHeader": null
}
Distributor Activation IB request: null
Distributor Activation IB response: {
    "status": "SUCCESS",
    "msg": "",
    "trnxId": "",
    "smsHeader": "",
    "payFor": null,
    "message": null,
    "description": null,
    "incentiveStatus": null,
    "incentiveStatusDesc": null,
    "interBankDistrCommRate": null,
    "walletNumber": null,
    "fromSMSHeader": "",
    "toSMSHeader": "",
    "balanceFrom": -1.0,
    "balanceTo": -1.0,
    "smsFromAc": "N/A",
    "smsToAc": "N/A",
    "smsToExternalCustomer": "N/A",
    "fromAccount": null,
    "toAccount": null,
    "externalCustomer": null,
    "bankName": null,
    "ibfee": null,
    "reason": "N/A",
    "balance": 0.0,
    "refId": 0,
    "userAccountStatus": "Pre-Expired",
    "statusStr": "SUCCESS",
    "payForSMSHeader": null
}
[status:SUCCESS, msg:, trnxId:, smsHeader:, payFor:null, message:null, description:null, incentiveStatus:null, incentiveStatusDesc:null, interBankDistrCommRate:null, walletNumber:null, fromSMSHeader:, toSMSHeader:, balanceFrom:-1.0, balanceTo:-1.0, smsFromAc:N/A, smsToAc:N/A, smsToExternalCustomer:N/A, fromAccount:null, toAccount:null, externalCustomer:null, bankName:null, ibfee:null, reason:N/A, balance:0.0, refId:0, userAccountStatus:Pre-Expired, statusStr:SUCCESS, payForSMSHeader:null]IB Distributor set PIN request: null
IB Distributor set PIN response: {
    "status": "SUCCESS",
    "cmdCode": 0,
    "statusCode": 0,
    "newSecretKey": "",
    "msg": "",
    "smsHeader": "",
    "statusDesc": "",
    "statusStr": "SUCCESS",
    "message": "Pin has been successfully changed and user status:SUCCESS",
    "walletNumber": "N/A",
    "acStatus": "Active"
}
[status:SUCCESS, cmdCode:0, statusCode:0, newSecretKey:, msg:, smsHeader:, statusDesc:, statusStr:SUCCESS, message:Pin has been successfully changed and user status:SUCCESS, walletNumber:N/A, acStatus:Active]Intrabank agent registration request: null
Intrabank agent registration response: {
    "status": "SUCCESS",
    "msg": "",
    "trnxId": null,
    "smsHeader": "tb3 SureCash\n",
    "payFor": null,
    "message": "X",
    "description": null,
    "incentiveStatus": null,
    "incentiveStatusDesc": null,
    "interBankDistrCommRate": null,
    "walletNumber": null,
    "fromSMSHeader": "",
    "toSMSHeader": "",
    "balanceFrom": -1.0,
    "balanceTo": -1.0,
    "smsFromAc": "N/A",
    "smsToAc": "N/A",
    "smsToExternalCustomer": "N/A",
    "fromAccount": null,
    "toAccount": null,
    "externalCustomer": null,
    "bankName": null,
    "ibfee": null,
    "accountNo": "015061919070",
    "trnxResult": {
        "status": "",
        "msg": "",
        "trnxId": "",
        "smsHeader": "",
        "payFor": null,
        "message": null,
        "description": null,
        "incentiveStatus": null,
        "incentiveStatusDesc": null,
        "interBankDistrCommRate": null,
        "walletNumber": null,
        "fromSMSHeader": "",
        "toSMSHeader": "",
        "balanceFrom": -1.0,
        "balanceTo": -1.0,
        "smsFromAc": "N/A",
        "smsToAc": "N/A",
        "smsToExternalCustomer": "N/A",
        "fromAccount": null,
        "toAccount": null,
        "externalCustomer": null,
        "bankName": null,
        "ibfee": null,
        "fee": -1.0,
        "commission": -1.0,
        "cbsBalance": -1.0,
        "ticket": "N/A",
        "traceNo": "N/A",
        "fromAccountType": "UNKNOWN_ACCOUNT_TYPE",
        "toAccountType": "UNKNOWN_ACCOUNT_TYPE",
        "ibFeeCr": null,
        "ibFeeDr": null,
        "disbursementMaxFee": null,
        "trnxAmount": -1,
        "disbursementInfo": null,
        "txnTime": null,
        "trnxCode": 0,
        "feeDirection": null,
        "statusStr": "",
        "payForSMSHeader": null
    },
    "groupId": 25,
    "fullName": "Test Agent TB3",
    "userAccountStatus": "Pending",
    "refId": 0,
    "customerSequentialId": "",
    "statusDesc": null,
    "statusStr": "SUCCESS",
    "payForSMSHeader": null
}
Distributor Activation IB request: null
Distributor Activation IB response: {
    "status": "SUCCESS",
    "msg": "",
    "trnxId": "",
    "smsHeader": "",
    "payFor": null,
    "message": null,
    "description": null,
    "incentiveStatus": null,
    "incentiveStatusDesc": null,
    "interBankDistrCommRate": null,
    "walletNumber": null,
    "fromSMSHeader": "",
    "toSMSHeader": "",
    "balanceFrom": -1.0,
    "balanceTo": -1.0,
    "smsFromAc": "N/A",
    "smsToAc": "N/A",
    "smsToExternalCustomer": "N/A",
    "fromAccount": null,
    "toAccount": null,
    "externalCustomer": null,
    "bankName": null,
    "ibfee": null,
    "reason": "N/A",
    "balance": 0.0,
    "refId": 0,
    "userAccountStatus": "Pre-Expired",
    "statusStr": "SUCCESS",
    "payForSMSHeader": null
}
[status:SUCCESS, msg:, trnxId:, smsHeader:, payFor:null, message:null, description:null, incentiveStatus:null, incentiveStatusDesc:null, interBankDistrCommRate:null, walletNumber:null, fromSMSHeader:, toSMSHeader:, balanceFrom:-1.0, balanceTo:-1.0, smsFromAc:N/A, smsToAc:N/A, smsToExternalCustomer:N/A, fromAccount:null, toAccount:null, externalCustomer:null, bankName:null, ibfee:null, reason:N/A, balance:0.0, refId:0, userAccountStatus:Pre-Expired, statusStr:SUCCESS, payForSMSHeader:null]Intra Agent set PIN request: null
Intra Agent set PIN response: {
    "status": "SUCCESS",
    "cmdCode": 0,
    "statusCode": 0,
    "newSecretKey": "",
    "msg": "",
    "smsHeader": "",
    "statusDesc": "",
    "statusStr": "SUCCESS",
    "message": "Pin has been successfully changed and user status:SUCCESS",
    "walletNumber": "N/A",
    "acStatus": "Active"
}
[status:SUCCESS, cmdCode:0, statusCode:0, newSecretKey:, msg:, smsHeader:, statusDesc:, statusStr:SUCCESS, message:Pin has been successfully changed and user status:SUCCESS, walletNumber:N/A, acStatus:Active]IB agent registration request: null
IB agent registration response: {
    "status": "SUCCESS",
    "msg": "",
    "trnxId": null,
    "smsHeader": "tb4 SureCash\n",
    "payFor": null,
    "message": "X",
    "description": null,
    "incentiveStatus": null,
    "incentiveStatusDesc": null,
    "interBankDistrCommRate": null,
    "walletNumber": null,
    "fromSMSHeader": "",
    "toSMSHeader": "",
    "balanceFrom": -1.0,
    "balanceTo": -1.0,
    "smsFromAc": "N/A",
    "smsToAc": "N/A",
    "smsToExternalCustomer": "N/A",
    "fromAccount": null,
    "toAccount": null,
    "externalCustomer": null,
    "bankName": null,
    "ibfee": null,
    "accountNo": "015045042825",
    "trnxResult": {
        "status": "",
        "msg": "",
        "trnxId": "",
        "smsHeader": "",
        "payFor": null,
        "message": null,
        "description": null,
        "incentiveStatus": null,
        "incentiveStatusDesc": null,
        "interBankDistrCommRate": null,
        "walletNumber": null,
        "fromSMSHeader": "",
        "toSMSHeader": "",
        "balanceFrom": -1.0,
        "balanceTo": -1.0,
        "smsFromAc": "N/A",
        "smsToAc": "N/A",
        "smsToExternalCustomer": "N/A",
        "fromAccount": null,
        "toAccount": null,
        "externalCustomer": null,
        "bankName": null,
        "ibfee": null,
        "fee": -1.0,
        "commission": -1.0,
        "cbsBalance": -1.0,
        "ticket": "N/A",
        "traceNo": "N/A",
        "fromAccountType": "UNKNOWN_ACCOUNT_TYPE",
        "toAccountType": "UNKNOWN_ACCOUNT_TYPE",
        "ibFeeCr": null,
        "ibFeeDr": null,
        "disbursementMaxFee": null,
        "trnxAmount": -1,
        "disbursementInfo": null,
        "txnTime": null,
        "trnxCode": 0,
        "feeDirection": null,
        "statusStr": "",
        "payForSMSHeader": null
    },
    "groupId": 25,
    "fullName": "Test Agent TB4",
    "userAccountStatus": "Pending",
    "refId": 0,
    "customerSequentialId": "",
    "statusDesc": null,
    "statusStr": "SUCCESS",
    "payForSMSHeader": null
}
Agent Activation IB request: null
Agent Activation IB response: {
    "status": "SUCCESS",
    "msg": "",
    "trnxId": "",
    "smsHeader": "",
    "payFor": null,
    "message": null,
    "description": null,
    "incentiveStatus": null,
    "incentiveStatusDesc": null,
    "interBankDistrCommRate": null,
    "walletNumber": null,
    "fromSMSHeader": "",
    "toSMSHeader": "",
    "balanceFrom": -1.0,
    "balanceTo": -1.0,
    "smsFromAc": "N/A",
    "smsToAc": "N/A",
    "smsToExternalCustomer": "N/A",
    "fromAccount": null,
    "toAccount": null,
    "externalCustomer": null,
    "bankName": null,
    "ibfee": null,
    "reason": "N/A",
    "balance": 0.0,
    "refId": 0,
    "userAccountStatus": "Pre-Expired",
    "statusStr": "SUCCESS",
    "payForSMSHeader": null
}
[status:SUCCESS, msg:, trnxId:, smsHeader:, payFor:null, message:null, description:null, incentiveStatus:null, incentiveStatusDesc:null, interBankDistrCommRate:null, walletNumber:null, fromSMSHeader:, toSMSHeader:, balanceFrom:-1.0, balanceTo:-1.0, smsFromAc:N/A, smsToAc:N/A, smsToExternalCustomer:N/A, fromAccount:null, toAccount:null, externalCustomer:null, bankName:null, ibfee:null, reason:N/A, balance:0.0, refId:0, userAccountStatus:Pre-Expired, statusStr:SUCCESS, payForSMSHeader:null]IB Agent set PIN request: null
IB Agent set PIN response: {
    "status": "SUCCESS",
    "cmdCode": 0,
    "statusCode": 0,
    "newSecretKey": "",
    "msg": "",
    "smsHeader": "",
    "statusDesc": "",
    "statusStr": "SUCCESS",
    "message": "Pin has been successfully changed and user status:SUCCESS",
    "walletNumber": "N/A",
    "acStatus": "Active"
}
[status:SUCCESS, cmdCode:0, statusCode:0, newSecretKey:, msg:, smsHeader:, statusDesc:, statusStr:SUCCESS, message:Pin has been successfully changed and user status:SUCCESS, walletNumber:N/A, acStatus:Active]AD agent registration request: null
AD agent registration response: {
    "status": "SUCCESS",
    "msg": "",
    "trnxId": null,
    "smsHeader": "tb4 SureCash\n",
    "payFor": null,
    "message": "X",
    "description": null,
    "incentiveStatus": null,
    "incentiveStatusDesc": null,
    "interBankDistrCommRate": null,
    "walletNumber": null,
    "fromSMSHeader": "",
    "toSMSHeader": "",
    "balanceFrom": -1.0,
    "balanceTo": -1.0,
    "smsFromAc": "N/A",
    "smsToAc": "N/A",
    "smsToExternalCustomer": "N/A",
    "fromAccount": null,
    "toAccount": null,
    "externalCustomer": null,
    "bankName": null,
    "ibfee": null,
    "accountNo": "015028408282",
    "trnxResult": {
        "status": "",
        "msg": "",
        "trnxId": "",
        "smsHeader": "",
        "payFor": null,
        "message": null,
        "description": null,
        "incentiveStatus": null,
        "incentiveStatusDesc": null,
        "interBankDistrCommRate": null,
        "walletNumber": null,
        "fromSMSHeader": "",
        "toSMSHeader": "",
        "balanceFrom": -1.0,
        "balanceTo": -1.0,
        "smsFromAc": "N/A",
        "smsToAc": "N/A",
        "smsToExternalCustomer": "N/A",
        "fromAccount": null,
        "toAccount": null,
        "externalCustomer": null,
        "bankName": null,
        "ibfee": null,
        "fee": -1.0,
        "commission": -1.0,
        "cbsBalance": -1.0,
        "ticket": "N/A",
        "traceNo": "N/A",
        "fromAccountType": "UNKNOWN_ACCOUNT_TYPE",
        "toAccountType": "UNKNOWN_ACCOUNT_TYPE",
        "ibFeeCr": null,
        "ibFeeDr": null,
        "disbursementMaxFee": null,
        "trnxAmount": -1,
        "disbursementInfo": null,
        "txnTime": null,
        "trnxCode": 0,
        "feeDirection": null,
        "statusStr": "",
        "payForSMSHeader": null
    },
    "groupId": 25,
    "fullName": "Test AD Agent TB4 from TB3",
    "userAccountStatus": "Pending",
    "refId": 0,
    "customerSequentialId": "",
    "statusDesc": null,
    "statusStr": "SUCCESS",
    "payForSMSHeader": null
}
AD Agent Activation IB request: null
AD Activation IB response: {
    "status": "SUCCESS",
    "msg": "",
    "trnxId": "",
    "smsHeader": "",
    "payFor": null,
    "message": null,
    "description": null,
    "incentiveStatus": null,
    "incentiveStatusDesc": null,
    "interBankDistrCommRate": null,
    "walletNumber": null,
    "fromSMSHeader": "",
    "toSMSHeader": "",
    "balanceFrom": -1.0,
    "balanceTo": -1.0,
    "smsFromAc": "N/A",
    "smsToAc": "N/A",
    "smsToExternalCustomer": "N/A",
    "fromAccount": null,
    "toAccount": null,
    "externalCustomer": null,
    "bankName": null,
    "ibfee": null,
    "reason": "N/A",
    "balance": 0.0,
    "refId": 0,
    "userAccountStatus": "Pre-Expired",
    "statusStr": "SUCCESS",
    "payForSMSHeader": null
}
[status:SUCCESS, msg:, trnxId:, smsHeader:, payFor:null, message:null, description:null, incentiveStatus:null, incentiveStatusDesc:null, interBankDistrCommRate:null, walletNumber:null, fromSMSHeader:, toSMSHeader:, balanceFrom:-1.0, balanceTo:-1.0, smsFromAc:N/A, smsToAc:N/A, smsToExternalCustomer:N/A, fromAccount:null, toAccount:null, externalCustomer:null, bankName:null, ibfee:null, reason:N/A, balance:0.0, refId:0, userAccountStatus:Pre-Expired, statusStr:SUCCESS, payForSMSHeader:null]AD Agent set PIN request: null
AD Agent set PIN response: {
    "status": "SUCCESS",
    "cmdCode": 0,
    "statusCode": 0,
    "newSecretKey": "",
    "msg": "",
    "smsHeader": "",
    "statusDesc": "",
    "statusStr": "SUCCESS",
    "message": "Pin has been successfully changed and user status:SUCCESS",
    "walletNumber": "N/A",
    "acStatus": "Active"
}
[status:SUCCESS, cmdCode:0, statusCode:0, newSecretKey:, msg:, smsHeader:, statusDesc:, statusStr:SUCCESS, message:Pin has been successfully changed and user status:SUCCESS, walletNumber:N/A, acStatus:Active]Intra Customer registration request: null
Intra Customer registration response: {
    "status": "SUCCESS",
    "msg": "",
    "trnxId": null,
    "smsHeader": "tb3 SureCash\n",
    "payFor": null,
    "message": "X",
    "description": null,
    "incentiveStatus": null,
    "incentiveStatusDesc": null,
    "interBankDistrCommRate": null,
    "walletNumber": null,
    "fromSMSHeader": "",
    "toSMSHeader": "",
    "balanceFrom": -1.0,
    "balanceTo": -1.0,
    "smsFromAc": "N/A",
    "smsToAc": "N/A",
    "smsToExternalCustomer": "N/A",
    "fromAccount": null,
    "toAccount": null,
    "externalCustomer": null,
    "bankName": null,
    "ibfee": null,
    "accountNo": "015039022346",
    "trnxResult": {
        "status": "",
        "msg": "",
        "trnxId": "",
        "smsHeader": "",
        "payFor": null,
        "message": null,
        "description": null,
        "incentiveStatus": null,
        "incentiveStatusDesc": null,
        "interBankDistrCommRate": null,
        "walletNumber": null,
        "fromSMSHeader": "",
        "toSMSHeader": "",
        "balanceFrom": -1.0,
        "balanceTo": -1.0,
        "smsFromAc": "N/A",
        "smsToAc": "N/A",
        "smsToExternalCustomer": "N/A",
        "fromAccount": null,
        "toAccount": null,
        "externalCustomer": null,
        "bankName": null,
        "ibfee": null,
        "fee": -1.0,
        "commission": -1.0,
        "cbsBalance": -1.0,
        "ticket": "N/A",
        "traceNo": "N/A",
        "fromAccountType": "UNKNOWN_ACCOUNT_TYPE",
        "toAccountType": "UNKNOWN_ACCOUNT_TYPE",
        "ibFeeCr": null,
        "ibFeeDr": null,
        "disbursementMaxFee": null,
        "trnxAmount": -1,
        "disbursementInfo": null,
        "txnTime": null,
        "trnxCode": 0,
        "feeDirection": null,
        "statusStr": "",
        "payForSMSHeader": null
    },
    "groupId": 22,
    "fullName": "Test Customer TB3",
    "userAccountStatus": "Pending",
    "refId": 0,
    "customerSequentialId": "",
    "statusDesc": null,
    "statusStr": "SUCCESS",
    "payForSMSHeader": null
}
Intra Customer registration request: null
Intra Customer registration response: {
    "status": "SUCCESS",
    "msg": "",
    "trnxId": "",
    "smsHeader": "",
    "payFor": null,
    "message": null,
    "description": null,
    "incentiveStatus": null,
    "incentiveStatusDesc": null,
    "interBankDistrCommRate": null,
    "walletNumber": null,
    "fromSMSHeader": "",
    "toSMSHeader": "",
    "balanceFrom": -1.0,
    "balanceTo": -1.0,
    "smsFromAc": "N/A",
    "smsToAc": "N/A",
    "smsToExternalCustomer": "N/A",
    "fromAccount": null,
    "toAccount": null,
    "externalCustomer": null,
    "bankName": null,
    "ibfee": null,
    "reason": "N/A",
    "balance": 0.0,
    "refId": 0,
    "userAccountStatus": "Pre-Expired",
    "statusStr": "SUCCESS",
    "payForSMSHeader": null
}
[status:SUCCESS, msg:, trnxId:, smsHeader:, payFor:null, message:null, description:null, incentiveStatus:null, incentiveStatusDesc:null, interBankDistrCommRate:null, walletNumber:null, fromSMSHeader:, toSMSHeader:, balanceFrom:-1.0, balanceTo:-1.0, smsFromAc:N/A, smsToAc:N/A, smsToExternalCustomer:N/A, fromAccount:null, toAccount:null, externalCustomer:null, bankName:null, ibfee:null, reason:N/A, balance:0.0, refId:0, userAccountStatus:Pre-Expired, statusStr:SUCCESS, payForSMSHeader:null]Intra Bank Customer set PIN request: null
Intra Bank Customer set PIN response: {
    "status": "SUCCESS",
    "cmdCode": 0,
    "statusCode": 0,
    "newSecretKey": "",
    "msg": "",
    "smsHeader": "",
    "statusDesc": "",
    "statusStr": "SUCCESS",
    "message": "Pin has been successfully changed and user status:SUCCESS",
    "walletNumber": "N/A",
    "acStatus": "Active"
}
[status:SUCCESS, cmdCode:0, statusCode:0, newSecretKey:, msg:, smsHeader:, statusDesc:, statusStr:SUCCESS, message:Pin has been successfully changed and user status:SUCCESS, walletNumber:N/A, acStatus:Active]IB Customer registration request: null
IB Customer registration response: {
    "status": "SUCCESS",
    "msg": "",
    "trnxId": null,
    "smsHeader": "tb4 SureCash\n",
    "payFor": null,
    "message": "X",
    "description": null,
    "incentiveStatus": null,
    "incentiveStatusDesc": null,
    "interBankDistrCommRate": null,
    "walletNumber": null,
    "fromSMSHeader": "",
    "toSMSHeader": "",
    "balanceFrom": -1.0,
    "balanceTo": -1.0,
    "smsFromAc": "N/A",
    "smsToAc": "N/A",
    "smsToExternalCustomer": "N/A",
    "fromAccount": null,
    "toAccount": null,
    "externalCustomer": null,
    "bankName": null,
    "ibfee": null,
    "accountNo": "015004945091",
    "trnxResult": {
        "status": "",
        "msg": "",
        "trnxId": "",
        "smsHeader": "",
        "payFor": null,
        "message": null,
        "description": null,
        "incentiveStatus": null,
        "incentiveStatusDesc": null,
        "interBankDistrCommRate": null,
        "walletNumber": null,
        "fromSMSHeader": "",
        "toSMSHeader": "",
        "balanceFrom": -1.0,
        "balanceTo": -1.0,
        "smsFromAc": "N/A",
        "smsToAc": "N/A",
        "smsToExternalCustomer": "N/A",
        "fromAccount": null,
        "toAccount": null,
        "externalCustomer": null,
        "bankName": null,
        "ibfee": null,
        "fee": -1.0,
        "commission": -1.0,
        "cbsBalance": -1.0,
        "ticket": "N/A",
        "traceNo": "N/A",
        "fromAccountType": "UNKNOWN_ACCOUNT_TYPE",
        "toAccountType": "UNKNOWN_ACCOUNT_TYPE",
        "ibFeeCr": null,
        "ibFeeDr": null,
        "disbursementMaxFee": null,
        "trnxAmount": -1,
        "disbursementInfo": null,
        "txnTime": null,
        "trnxCode": 0,
        "feeDirection": null,
        "statusStr": "",
        "payForSMSHeader": null
    },
    "groupId": 22,
    "fullName": "Test Customer TB4",
    "userAccountStatus": "Pending",
    "refId": 0,
    "customerSequentialId": "",
    "statusDesc": null,
    "statusStr": "SUCCESS",
    "payForSMSHeader": null
}
Intra Customer registration request: null
Intra Customer registration response: {
    "status": "SUCCESS",
    "msg": "",
    "trnxId": "",
    "smsHeader": "",
    "payFor": null,
    "message": null,
    "description": null,
    "incentiveStatus": null,
    "incentiveStatusDesc": null,
    "interBankDistrCommRate": null,
    "walletNumber": null,
    "fromSMSHeader": "",
    "toSMSHeader": "",
    "balanceFrom": -1.0,
    "balanceTo": -1.0,
    "smsFromAc": "N/A",
    "smsToAc": "N/A",
    "smsToExternalCustomer": "N/A",
    "fromAccount": null,
    "toAccount": null,
    "externalCustomer": null,
    "bankName": null,
    "ibfee": null,
    "reason": "N/A",
    "balance": 0.0,
    "refId": 0,
    "userAccountStatus": "Pre-Expired",
    "statusStr": "SUCCESS",
    "payForSMSHeader": null
}
[status:SUCCESS, msg:, trnxId:, smsHeader:, payFor:null, message:null, description:null, incentiveStatus:null, incentiveStatusDesc:null, interBankDistrCommRate:null, walletNumber:null, fromSMSHeader:, toSMSHeader:, balanceFrom:-1.0, balanceTo:-1.0, smsFromAc:N/A, smsToAc:N/A, smsToExternalCustomer:N/A, fromAccount:null, toAccount:null, externalCustomer:null, bankName:null, ibfee:null, reason:N/A, balance:0.0, refId:0, userAccountStatus:Pre-Expired, statusStr:SUCCESS, payForSMSHeader:null]IB Customer set PIN request: null
IB Customer set PIN response: {
    "status": "SUCCESS",
    "cmdCode": 0,
    "statusCode": 0,
    "newSecretKey": "",
    "msg": "",
    "smsHeader": "",
    "statusDesc": "",
    "statusStr": "SUCCESS",
    "message": "Pin has been successfully changed and user status:SUCCESS",
    "walletNumber": "N/A",
    "acStatus": "Active"
}
[status:SUCCESS, cmdCode:0, statusCode:0, newSecretKey:, msg:, smsHeader:, statusDesc:, statusStr:SUCCESS, message:Pin has been successfully changed and user status:SUCCESS, walletNumber:N/A, acStatus:Active]ADC Customer registration request: null
ADC Customer registration response: {
    "status": "SUCCESS",
    "msg": "",
    "trnxId": null,
    "smsHeader": "tb4 SureCash\n",
    "payFor": null,
    "message": "X",
    "description": null,
    "incentiveStatus": null,
    "incentiveStatusDesc": null,
    "interBankDistrCommRate": null,
    "walletNumber": null,
    "fromSMSHeader": "",
    "toSMSHeader": "",
    "balanceFrom": -1.0,
    "balanceTo": -1.0,
    "smsFromAc": "N/A",
    "smsToAc": "N/A",
    "smsToExternalCustomer": "N/A",
    "fromAccount": null,
    "toAccount": null,
    "externalCustomer": null,
    "bankName": null,
    "ibfee": null,
    "accountNo": "015002310744",
    "trnxResult": {
        "status": "",
        "msg": "",
        "trnxId": "",
        "smsHeader": "",
        "payFor": null,
        "message": null,
        "description": null,
        "incentiveStatus": null,
        "incentiveStatusDesc": null,
        "interBankDistrCommRate": null,
        "walletNumber": null,
        "fromSMSHeader": "",
        "toSMSHeader": "",
        "balanceFrom": -1.0,
        "balanceTo": -1.0,
        "smsFromAc": "N/A",
        "smsToAc": "N/A",
        "smsToExternalCustomer": "N/A",
        "fromAccount": null,
        "toAccount": null,
        "externalCustomer": null,
        "bankName": null,
        "ibfee": null,
        "fee": -1.0,
        "commission": -1.0,
        "cbsBalance": -1.0,
        "ticket": "N/A",
        "traceNo": "N/A",
        "fromAccountType": "UNKNOWN_ACCOUNT_TYPE",
        "toAccountType": "UNKNOWN_ACCOUNT_TYPE",
        "ibFeeCr": null,
        "ibFeeDr": null,
        "disbursementMaxFee": null,
        "trnxAmount": -1,
        "disbursementInfo": null,
        "txnTime": null,
        "trnxCode": 0,
        "feeDirection": null,
        "statusStr": "",
        "payForSMSHeader": null
    },
    "groupId": 22,
    "fullName": "Test Customer TB4 from TB3 Agent",
    "userAccountStatus": "Pending",
    "refId": 0,
    "customerSequentialId": "",
    "statusDesc": null,
    "statusStr": "SUCCESS",
    "payForSMSHeader": null
}
ADC Customer registration request: null
ADC Customer registration response: {
    "status": "SUCCESS",
    "msg": "",
    "trnxId": "",
    "smsHeader": "",
    "payFor": null,
    "message": null,
    "description": null,
    "incentiveStatus": null,
    "incentiveStatusDesc": null,
    "interBankDistrCommRate": null,
    "walletNumber": null,
    "fromSMSHeader": "",
    "toSMSHeader": "",
    "balanceFrom": -1.0,
    "balanceTo": -1.0,
    "smsFromAc": "N/A",
    "smsToAc": "N/A",
    "smsToExternalCustomer": "N/A",
    "fromAccount": null,
    "toAccount": null,
    "externalCustomer": null,
    "bankName": null,
    "ibfee": null,
    "reason": "N/A",
    "balance": 0.0,
    "refId": 0,
    "userAccountStatus": "Pre-Expired",
    "statusStr": "SUCCESS",
    "payForSMSHeader": null
}
[status:SUCCESS, msg:, trnxId:, smsHeader:, payFor:null, message:null, description:null, incentiveStatus:null, incentiveStatusDesc:null, interBankDistrCommRate:null, walletNumber:null, fromSMSHeader:, toSMSHeader:, balanceFrom:-1.0, balanceTo:-1.0, smsFromAc:N/A, smsToAc:N/A, smsToExternalCustomer:N/A, fromAccount:null, toAccount:null, externalCustomer:null, bankName:null, ibfee:null, reason:N/A, balance:0.0, refId:0, userAccountStatus:Pre-Expired, statusStr:SUCCESS, payForSMSHeader:null]ADC Customer set PIN request: null
ADC Customer set PIN response: {
    "status": "SUCCESS",
    "cmdCode": 0,
    "statusCode": 0,
    "newSecretKey": "",
    "msg": "",
    "smsHeader": "",
    "statusDesc": "",
    "statusStr": "SUCCESS",
    "message": "Pin has been successfully changed and user status:SUCCESS",
    "walletNumber": "N/A",
    "acStatus": "Active"
}
[status:SUCCESS, cmdCode:0, statusCode:0, newSecretKey:, msg:, smsHeader:, statusDesc:, statusStr:SUCCESS, message:Pin has been successfully changed and user status:SUCCESS, walletNumber:N/A, acStatus:Active]request: null
response: {
    "status": "PROCESSED",
    "trnxId": "T300000196978",
    "smsHeader": "tb3 SureCash\n",
    "statusDesc": null,
    "userAccountAlias": null,
    "fee": -1.0,
    "commission": 0.0,
    "ibfee": null,
    "ibFeeCr": null,
    "ibFeeDr": null,
    "balanceFrom": -1.0,
    "balanceTo": 100000.0,
    "cbsBalance": -1.0,
    "ticket": "N/A",
    "traceNo": "N/A",
    "smsFromAc": "N/A",
    "smsToAc": "Bank Cash-in:\nWallet: 015010437257\nAmount: Tk 100,000.00\nTXN ID: T300000196978\nTime : 03-Jul-20 16:25:50\nCurrent bal: Tk 100,000.00",
    "smsToExternalCustomer": "N/A",
    "bankName": "tb3",
    "fromAccount": null,
    "toAccount": "015010437257",
    "fromAccountAlias": null,
    "toAccountAlias": null,
    "externalCustomer": null,
    "txnTime": "03-07-20 16:25:50",
    "trnxCode": 104,
    "fromAccountType": null,
    "toAccountType": null,
    "interBankDistrCommRate": null,
    "trnxAmount": 100000.0,
    "disbursementInfo": null,
    "purpose": null,
    "disbursementMaxFee": null,
    "feeDirection": "F"
}
[status:PROCESSED, trnxId:T300000196978, smsHeader:tb3 SureCash
, statusDesc:null, userAccountAlias:null, fee:-1.0, commission:0.0, ibfee:null, ibFeeCr:null, ibFeeDr:null, balanceFrom:-1.0, balanceTo:100000.0, cbsBalance:-1.0, ticket:N/A, traceNo:N/A, smsFromAc:N/A, smsToAc:Bank Cash-in:
Wallet: 015010437257
Amount: Tk 100,000.00
TXN ID: T300000196978
Time : 03-Jul-20 16:25:50
Current bal: Tk 100,000.00, smsToExternalCustomer:N/A, bankName:tb3, fromAccount:null, toAccount:015010437257, fromAccountAlias:null, toAccountAlias:null, externalCustomer:null, txnTime:03-07-20 16:25:50, trnxCode:104, fromAccountType:null, toAccountType:null, interBankDistrCommRate:null, trnxAmount:100000.0, disbursementInfo:null, purpose:null, disbursementMaxFee:null, feeDirection:F]request: null
response: {
    "status": "PROCESSED",
    "trnxId": "T400000078711",
    "smsHeader": "tb4 SureCash\n",
    "statusDesc": null,
    "userAccountAlias": null,
    "fee": -1.0,
    "commission": 0.0,
    "ibfee": null,
    "ibFeeCr": null,
    "ibFeeDr": null,
    "balanceFrom": -1.0,
    "balanceTo": 100000.0,
    "cbsBalance": -1.0,
    "ticket": "N/A",
    "traceNo": "N/A",
    "smsFromAc": "N/A",
    "smsToAc": "Bank Cash-in:\nWallet: 015031821703\nAmount: Tk 100,000.00\nTXN ID: T400000078711\nTime : 03-Jul-20 16:25:50\nCurrent bal: Tk 100,000.00",
    "smsToExternalCustomer": "N/A",
    "bankName": "tb4",
    "fromAccount": null,
    "toAccount": "015031821703",
    "fromAccountAlias": null,
    "toAccountAlias": null,
    "externalCustomer": null,
    "txnTime": "03-07-20 16:25:50",
    "trnxCode": 104,
    "fromAccountType": null,
    "toAccountType": null,
    "interBankDistrCommRate": null,
    "trnxAmount": 100000.0,
    "disbursementInfo": null,
    "purpose": null,
    "disbursementMaxFee": null,
    "feeDirection": "F"
}
[status:PROCESSED, trnxId:T400000078711, smsHeader:tb4 SureCash
, statusDesc:null, userAccountAlias:null, fee:-1.0, commission:0.0, ibfee:null, ibFeeCr:null, ibFeeDr:null, balanceFrom:-1.0, balanceTo:100000.0, cbsBalance:-1.0, ticket:N/A, traceNo:N/A, smsFromAc:N/A, smsToAc:Bank Cash-in:
Wallet: 015031821703
Amount: Tk 100,000.00
TXN ID: T400000078711
Time : 03-Jul-20 16:25:50
Current bal: Tk 100,000.00, smsToExternalCustomer:N/A, bankName:tb4, fromAccount:null, toAccount:015031821703, fromAccountAlias:null, toAccountAlias:null, externalCustomer:null, txnTime:03-07-20 16:25:50, trnxCode:104, fromAccountType:null, toAccountType:null, interBankDistrCommRate:null, trnxAmount:100000.0, disbursementInfo:null, purpose:null, disbursementMaxFee:null, feeDirection:F]request: null
response: {
    "status": "PROCESSED",
    "trnxId": "T300000196979",
    "smsHeader": "tb3 SureCash\n",
    "statusDesc": null,
    "userAccountAlias": null,
    "fee": -1.0,
    "commission": 0.0,
    "ibfee": null,
    "ibFeeCr": null,
    "ibFeeDr": null,
    "balanceFrom": 99940.0,
    "balanceTo": -1.0,
    "cbsBalance": -1.0,
    "ticket": "N/A",
    "traceNo": "N/A",
    "smsFromAc": "Bank Cash-out:\nWallet: 015010437257\nAmount: Tk 60.00\nTXN ID: T300000196979\nTime : 03-Jul-20 16:25:50\nCurrent bal: Tk 99,940.00",
    "smsToAc": "N/A",
    "smsToExternalCustomer": "N/A",
    "bankName": "tb3",
    "fromAccount": "015010437257",
    "toAccount": null,
    "fromAccountAlias": null,
    "toAccountAlias": null,
    "externalCustomer": null,
    "txnTime": "03-07-20 16:25:50",
    "trnxCode": 116,
    "fromAccountType": null,
    "toAccountType": null,
    "interBankDistrCommRate": null,
    "trnxAmount": 60.0,
    "disbursementInfo": null,
    "purpose": null,
    "disbursementMaxFee": null,
    "feeDirection": "F"
}
[status:PROCESSED, trnxId:T300000196979, smsHeader:tb3 SureCash
, statusDesc:null, userAccountAlias:null, fee:-1.0, commission:0.0, ibfee:null, ibFeeCr:null, ibFeeDr:null, balanceFrom:99940.0, balanceTo:-1.0, cbsBalance:-1.0, ticket:N/A, traceNo:N/A, smsFromAc:Bank Cash-out:
Wallet: 015010437257
Amount: Tk 60.00
TXN ID: T300000196979
Time : 03-Jul-20 16:25:50
Current bal: Tk 99,940.00, smsToAc:N/A, smsToExternalCustomer:N/A, bankName:tb3, fromAccount:015010437257, toAccount:null, fromAccountAlias:null, toAccountAlias:null, externalCustomer:null, txnTime:03-07-20 16:25:50, trnxCode:116, fromAccountType:null, toAccountType:null, interBankDistrCommRate:null, trnxAmount:60.0, disbursementInfo:null, purpose:null, disbursementMaxFee:null, feeDirection:F]request: null
response: {
    "status": "PROCESSED",
    "trnxId": "T400000078712",
    "smsHeader": "tb4 SureCash\n",
    "statusDesc": null,
    "userAccountAlias": null,
    "fee": -1.0,
    "commission": 0.0,
    "ibfee": null,
    "ibFeeCr": null,
    "ibFeeDr": null,
    "balanceFrom": 99950.0,
    "balanceTo": -1.0,
    "cbsBalance": -1.0,
    "ticket": "N/A",
    "traceNo": "N/A",
    "smsFromAc": "Bank Cash-out:\nWallet: 015031821703\nAmount: Tk 50.00\nTXN ID: T400000078712\nTime : 03-Jul-20 16:25:51\nCurrent bal: Tk 99,950.00",
    "smsToAc": "N/A",
    "smsToExternalCustomer": "N/A",
    "bankName": "tb4",
    "fromAccount": "015031821703",
    "toAccount": null,
    "fromAccountAlias": null,
    "toAccountAlias": null,
    "externalCustomer": null,
    "txnTime": "03-07-20 16:25:51",
    "trnxCode": 116,
    "fromAccountType": null,
    "toAccountType": null,
    "interBankDistrCommRate": null,
    "trnxAmount": 50.0,
    "disbursementInfo": null,
    "purpose": null,
    "disbursementMaxFee": null,
    "feeDirection": "F"
}
[status:PROCESSED, trnxId:T400000078712, smsHeader:tb4 SureCash
, statusDesc:null, userAccountAlias:null, fee:-1.0, commission:0.0, ibfee:null, ibFeeCr:null, ibFeeDr:null, balanceFrom:99950.0, balanceTo:-1.0, cbsBalance:-1.0, ticket:N/A, traceNo:N/A, smsFromAc:Bank Cash-out:
Wallet: 015031821703
Amount: Tk 50.00
TXN ID: T400000078712
Time : 03-Jul-20 16:25:51
Current bal: Tk 99,950.00, smsToAc:N/A, smsToExternalCustomer:N/A, bankName:tb4, fromAccount:015031821703, toAccount:null, fromAccountAlias:null, toAccountAlias:null, externalCustomer:null, txnTime:03-07-20 16:25:51, trnxCode:116, fromAccountType:null, toAccountType:null, interBankDistrCommRate:null, trnxAmount:50.0, disbursementInfo:null, purpose:null, disbursementMaxFee:null, feeDirection:F]request: null
response: {
    "status": "PROCESSED",
    "msg": "",
    "trnxId": "T300000196980",
    "smsHeader": "tb3 SureCash\n",
    "payFor": null,
    "message": null,
    "description": null,
    "incentiveStatus": null,
    "incentiveStatusDesc": null,
    "interBankDistrCommRate": null,
    "walletNumber": null,
    "fromSMSHeader": "TB3 SureCash",
    "toSMSHeader": "TB3 SureCash",
    "balanceFrom": 29940.0,
    "balanceTo": 70000.0,
    "smsFromAc": "Agent Cash-in successful.\nAgent:015061919070\nAmt: Tk 70,000.00\nTXN ID: T300000196980\nBal: Tk 29,940.00",
    "smsToAc": "Cash-in received.\nAccount: 015061919070\nFrom: 015010437257\nAmt: Tk 70,000.00\nTXN ID: T300000196980\nBal: Tk 70,000.00",
    "smsToExternalCustomer": "N/A",
    "fromAccount": "015010437257",
    "toAccount": "015061919070",
    "externalCustomer": null,
    "bankName": "tb3",
    "ibfee": null,
    "fee": 0.0,
    "commission": 0.0,
    "cbsBalance": -1.0,
    "ticket": "N/A",
    "traceNo": "N/A",
    "fromAccountType": "DISTRIBUTOR",
    "toAccountType": "AGENT",
    "ibFeeCr": null,
    "ibFeeDr": null,
    "disbursementMaxFee": null,
    "trnxAmount": 70000.0,
    "disbursementInfo": null,
    "txnTime": "03-07-20 16:25:51",
    "trnxCode": 1203,
    "feeDirection": "F",
    "statusStr": "PROCESSED",
    "payForSMSHeader": null
}
[status:PROCESSED, msg:, trnxId:T300000196980, smsHeader:tb3 SureCash
, payFor:null, message:null, description:null, incentiveStatus:null, incentiveStatusDesc:null, interBankDistrCommRate:null, walletNumber:null, fromSMSHeader:TB3 SureCash, toSMSHeader:TB3 SureCash, balanceFrom:29940.0, balanceTo:70000.0, smsFromAc:Agent Cash-in successful.
Agent:015061919070
Amt: Tk 70,000.00
TXN ID: T300000196980
Bal: Tk 29,940.00, smsToAc:Cash-in received.
Account: 015061919070
From: 015010437257
Amt: Tk 70,000.00
TXN ID: T300000196980
Bal: Tk 70,000.00, smsToExternalCustomer:N/A, fromAccount:015010437257, toAccount:015061919070, externalCustomer:null, bankName:tb3, ibfee:null, fee:0.0, commission:0.0, cbsBalance:-1.0, ticket:N/A, traceNo:N/A, fromAccountType:DISTRIBUTOR, toAccountType:AGENT, ibFeeCr:null, ibFeeDr:null, disbursementMaxFee:null, trnxAmount:70000.0, disbursementInfo:null, txnTime:03-07-20 16:25:51, trnxCode:1203, feeDirection:F, statusStr:PROCESSED, payForSMSHeader:null]request: null
response: {
    "status": "PROCESSED",
    "msg": "",
    "trnxId": "T400000078713",
    "smsHeader": "tb4 SureCash\n",
    "payFor": null,
    "message": null,
    "description": null,
    "incentiveStatus": null,
    "incentiveStatusDesc": null,
    "interBankDistrCommRate": null,
    "walletNumber": null,
    "fromSMSHeader": "TB4 SureCash",
    "toSMSHeader": "TB4 SureCash",
    "balanceFrom": 29950.0,
    "balanceTo": 70000.0,
    "smsFromAc": "Agent Cash-in successful.\nAgent:015045042825\nAmt: Tk 70,000.00\nTXN ID: T400000078713\nBal: Tk 29,950.00",
    "smsToAc": "Cash-in received.\nAccount: 015045042825\nFrom: 015031821703\nAmt: Tk 70,000.00\nTXN ID: T400000078713\nBal: Tk 70,000.00",
    "smsToExternalCustomer": "N/A",
    "fromAccount": "015031821703",
    "toAccount": "015045042825",
    "externalCustomer": null,
    "bankName": "tb4",
    "ibfee": null,
    "fee": 0.0,
    "commission": 0.0,
    "cbsBalance": -1.0,
    "ticket": "N/A",
    "traceNo": "N/A",
    "fromAccountType": "DISTRIBUTOR",
    "toAccountType": "AGENT",
    "ibFeeCr": null,
    "ibFeeDr": null,
    "disbursementMaxFee": null,
    "trnxAmount": 70000.0,
    "disbursementInfo": null,
    "txnTime": "03-07-20 16:25:51",
    "trnxCode": 1203,
    "feeDirection": "F",
    "statusStr": "PROCESSED",
    "payForSMSHeader": null
}
[status:PROCESSED, msg:, trnxId:T400000078713, smsHeader:tb4 SureCash
, payFor:null, message:null, description:null, incentiveStatus:null, incentiveStatusDesc:null, interBankDistrCommRate:null, walletNumber:null, fromSMSHeader:TB4 SureCash, toSMSHeader:TB4 SureCash, balanceFrom:29950.0, balanceTo:70000.0, smsFromAc:Agent Cash-in successful.
Agent:015045042825
Amt: Tk 70,000.00
TXN ID: T400000078713
Bal: Tk 29,950.00, smsToAc:Cash-in received.
Account: 015045042825
From: 015031821703
Amt: Tk 70,000.00
TXN ID: T400000078713
Bal: Tk 70,000.00, smsToExternalCustomer:N/A, fromAccount:015031821703, toAccount:015045042825, externalCustomer:null, bankName:tb4, ibfee:null, fee:0.0, commission:0.0, cbsBalance:-1.0, ticket:N/A, traceNo:N/A, fromAccountType:DISTRIBUTOR, toAccountType:AGENT, ibFeeCr:null, ibFeeDr:null, disbursementMaxFee:null, trnxAmount:70000.0, disbursementInfo:null, txnTime:03-07-20 16:25:51, trnxCode:1203, feeDirection:F, statusStr:PROCESSED, payForSMSHeader:null]request: null
response: {
    "status": "NOT_ENOUGH_CREDITS",
    "msg": "",
    "trnxId": "",
    "smsHeader": "",
    "payFor": null,
    "message": null,
    "description": null,
    "incentiveStatus": null,
    "incentiveStatusDesc": null,
    "interBankDistrCommRate": null,
    "walletNumber": null,
    "fromSMSHeader": "TB3 SureCash",
    "toSMSHeader": "TB4 SureCash",
    "balanceFrom": -1.0,
    "balanceTo": -1.0,
    "smsFromAc": "N/A",
    "smsToAc": "N/A",
    "smsToExternalCustomer": "N/A",
    "fromAccount": null,
    "toAccount": null,
    "externalCustomer": null,
    "bankName": "TB3",
    "ibfee": null,
    "fee": -1.0,
    "commission": -1.0,
    "cbsBalance": -1.0,
    "ticket": "N/A",
    "traceNo": "N/A",
    "fromAccountType": "UNKNOWN_ACCOUNT_TYPE",
    "toAccountType": "UNKNOWN_ACCOUNT_TYPE",
    "ibFeeCr": null,
    "ibFeeDr": null,
    "disbursementMaxFee": null,
    "trnxAmount": -1.0,
    "disbursementInfo": null,
    "txnTime": null,
    "trnxCode": 1203,
    "feeDirection": null,
    "statusStr": "NOT_ENOUGH_CREDITS",
    "payForSMSHeader": "TB3 SureCash"
}
[status:NOT_ENOUGH_CREDITS, msg:, trnxId:, smsHeader:, payFor:null, message:null, description:null, incentiveStatus:null, incentiveStatusDesc:null, interBankDistrCommRate:null, walletNumber:null, fromSMSHeader:TB3 SureCash, toSMSHeader:TB4 SureCash, balanceFrom:-1.0, balanceTo:-1.0, smsFromAc:N/A, smsToAc:N/A, smsToExternalCustomer:N/A, fromAccount:null, toAccount:null, externalCustomer:null, bankName:TB3, ibfee:null, fee:-1.0, commission:-1.0, cbsBalance:-1.0, ticket:N/A, traceNo:N/A, fromAccountType:UNKNOWN_ACCOUNT_TYPE, toAccountType:UNKNOWN_ACCOUNT_TYPE, ibFeeCr:null, ibFeeDr:null, disbursementMaxFee:null, trnxAmount:-1.0, disbursementInfo:null, txnTime:null, trnxCode:1203, feeDirection:null, statusStr:NOT_ENOUGH_CREDITS, payForSMSHeader:TB3 SureCash]request: null
response: {
    "status": "PROCESSED",
    "msg": "",
    "trnxId": "T300000196981",
    "smsHeader": "tb3 SureCash\n",
    "payFor": null,
    "message": null,
    "description": null,
    "incentiveStatus": null,
    "incentiveStatusDesc": null,
    "interBankDistrCommRate": null,
    "walletNumber": null,
    "fromSMSHeader": "TB3 SureCash",
    "toSMSHeader": "TB3 SureCash",
    "balanceFrom": 69950.0,
    "balanceTo": 29990.0,
    "smsFromAc": "Cash-out successful.\nAccount: 015061919070\nTo: 015010437257\nAmt: Tk 50.00\nTXN ID: T300000196981\nBal: Tk 69,950.00",
    "smsToAc": "Agent Cash-out successful.\nAgent: 015061919070\nAmt: Tk 50.00\nTXN ID: T300000196981\nBal: Tk 29,990.00",
    "smsToExternalCustomer": "N/A",
    "fromAccount": "015061919070",
    "toAccount": "015010437257",
    "externalCustomer": null,
    "bankName": "tb3",
    "ibfee": null,
    "fee": 0.0,
    "commission": 0.0,
    "cbsBalance": -1.0,
    "ticket": "N/A",
    "traceNo": "N/A",
    "fromAccountType": "AGENT",
    "toAccountType": "DISTRIBUTOR",
    "ibFeeCr": null,
    "ibFeeDr": null,
    "disbursementMaxFee": null,
    "trnxAmount": 50.0,
    "disbursementInfo": null,
    "txnTime": "03-07-20 16:25:52",
    "trnxCode": 1204,
    "feeDirection": "F",
    "statusStr": "PROCESSED",
    "payForSMSHeader": null
}
[status:PROCESSED, msg:, trnxId:T300000196981, smsHeader:tb3 SureCash
, payFor:null, message:null, description:null, incentiveStatus:null, incentiveStatusDesc:null, interBankDistrCommRate:null, walletNumber:null, fromSMSHeader:TB3 SureCash, toSMSHeader:TB3 SureCash, balanceFrom:69950.0, balanceTo:29990.0, smsFromAc:Cash-out successful.
Account: 015061919070
To: 015010437257
Amt: Tk 50.00
TXN ID: T300000196981
Bal: Tk 69,950.00, smsToAc:Agent Cash-out successful.
Agent: 015061919070
Amt: Tk 50.00
TXN ID: T300000196981
Bal: Tk 29,990.00, smsToExternalCustomer:N/A, fromAccount:015061919070, toAccount:015010437257, externalCustomer:null, bankName:tb3, ibfee:null, fee:0.0, commission:0.0, cbsBalance:-1.0, ticket:N/A, traceNo:N/A, fromAccountType:AGENT, toAccountType:DISTRIBUTOR, ibFeeCr:null, ibFeeDr:null, disbursementMaxFee:null, trnxAmount:50.0, disbursementInfo:null, txnTime:03-07-20 16:25:52, trnxCode:1204, feeDirection:F, statusStr:PROCESSED, payForSMSHeader:null]request: null
response: {
    "status": "PROCESSED",
    "msg": "",
    "trnxId": "T400000078714",
    "smsHeader": "tb4 SureCash\n",
    "payFor": null,
    "message": null,
    "description": null,
    "incentiveStatus": null,
    "incentiveStatusDesc": null,
    "interBankDistrCommRate": null,
    "walletNumber": null,
    "fromSMSHeader": "TB4 SureCash",
    "toSMSHeader": "TB4 SureCash",
    "balanceFrom": 69940.0,
    "balanceTo": 30010.0,
    "smsFromAc": "Cash-out successful.\nAccount: 015045042825\nTo: 015031821703\nAmt: Tk 60.00\nTXN ID: T400000078714\nBal: Tk 69,940.00",
    "smsToAc": "Agent Cash-out successful.\nAgent: 015045042825\nAmt: Tk 60.00\nTXN ID: T400000078714\nBal: Tk 30,010.00",
    "smsToExternalCustomer": "N/A",
    "fromAccount": "015045042825",
    "toAccount": "015031821703",
    "externalCustomer": null,
    "bankName": "tb4",
    "ibfee": null,
    "fee": 0.0,
    "commission": 0.0,
    "cbsBalance": -1.0,
    "ticket": "N/A",
    "traceNo": "N/A",
    "fromAccountType": "AGENT",
    "toAccountType": "DISTRIBUTOR",
    "ibFeeCr": null,
    "ibFeeDr": null,
    "disbursementMaxFee": null,
    "trnxAmount": 60.0,
    "disbursementInfo": null,
    "txnTime": "03-07-20 16:25:52",
    "trnxCode": 1204,
    "feeDirection": "F",
    "statusStr": "PROCESSED",
    "payForSMSHeader": null
}
[status:PROCESSED, msg:, trnxId:T400000078714, smsHeader:tb4 SureCash
, payFor:null, message:null, description:null, incentiveStatus:null, incentiveStatusDesc:null, interBankDistrCommRate:null, walletNumber:null, fromSMSHeader:TB4 SureCash, toSMSHeader:TB4 SureCash, balanceFrom:69940.0, balanceTo:30010.0, smsFromAc:Cash-out successful.
Account: 015045042825
To: 015031821703
Amt: Tk 60.00
TXN ID: T400000078714
Bal: Tk 69,940.00, smsToAc:Agent Cash-out successful.
Agent: 015045042825
Amt: Tk 60.00
TXN ID: T400000078714
Bal: Tk 30,010.00, smsToExternalCustomer:N/A, fromAccount:015045042825, toAccount:015031821703, externalCustomer:null, bankName:tb4, ibfee:null, fee:0.0, commission:0.0, cbsBalance:-1.0, ticket:N/A, traceNo:N/A, fromAccountType:AGENT, toAccountType:DISTRIBUTOR, ibFeeCr:null, ibFeeDr:null, disbursementMaxFee:null, trnxAmount:60.0, disbursementInfo:null, txnTime:03-07-20 16:25:52, trnxCode:1204, feeDirection:F, statusStr:PROCESSED, payForSMSHeader:null]request: null
response: {
    "status": "NOT_ENOUGH_CREDITS",
    "msg": "",
    "trnxId": "",
    "smsHeader": "",
    "payFor": null,
    "message": null,
    "description": null,
    "incentiveStatus": null,
    "incentiveStatusDesc": null,
    "interBankDistrCommRate": null,
    "walletNumber": null,
    "fromSMSHeader": "TB4 SureCash",
    "toSMSHeader": "TB3 SureCash",
    "balanceFrom": -1.0,
    "balanceTo": -1.0,
    "smsFromAc": "N/A",
    "smsToAc": "N/A",
    "smsToExternalCustomer": "N/A",
    "fromAccount": null,
    "toAccount": null,
    "externalCustomer": null,
    "bankName": "TB4",
    "ibfee": null,
    "fee": -1.0,
    "commission": -1.0,
    "cbsBalance": -1.0,
    "ticket": "N/A",
    "traceNo": "N/A",
    "fromAccountType": "UNKNOWN_ACCOUNT_TYPE",
    "toAccountType": "UNKNOWN_ACCOUNT_TYPE",
    "ibFeeCr": null,
    "ibFeeDr": null,
    "disbursementMaxFee": null,
    "trnxAmount": -1.0,
    "disbursementInfo": null,
    "txnTime": null,
    "trnxCode": 1204,
    "feeDirection": null,
    "statusStr": "NOT_ENOUGH_CREDITS",
    "payForSMSHeader": "TB4 SureCash"
}
[status:NOT_ENOUGH_CREDITS, msg:, trnxId:, smsHeader:, payFor:null, message:null, description:null, incentiveStatus:null, incentiveStatusDesc:null, interBankDistrCommRate:null, walletNumber:null, fromSMSHeader:TB4 SureCash, toSMSHeader:TB3 SureCash, balanceFrom:-1.0, balanceTo:-1.0, smsFromAc:N/A, smsToAc:N/A, smsToExternalCustomer:N/A, fromAccount:null, toAccount:null, externalCustomer:null, bankName:TB4, ibfee:null, fee:-1.0, commission:-1.0, cbsBalance:-1.0, ticket:N/A, traceNo:N/A, fromAccountType:UNKNOWN_ACCOUNT_TYPE, toAccountType:UNKNOWN_ACCOUNT_TYPE, ibFeeCr:null, ibFeeDr:null, disbursementMaxFee:null, trnxAmount:-1.0, disbursementInfo:null, txnTime:null, trnxCode:1204, feeDirection:null, statusStr:NOT_ENOUGH_CREDITS, payForSMSHeader:TB4 SureCash]request: null
response: {
    "status": "PROCESSED",
    "msg": "",
    "trnxId": "T300000196982",
    "smsHeader": "tb3 SureCash\n",
    "payFor": null,
    "message": null,
    "description": null,
    "incentiveStatus": null,
    "incentiveStatusDesc": null,
    "interBankDistrCommRate": null,
    "walletNumber": null,
    "fromSMSHeader": "TB3 SureCash",
    "toSMSHeader": "TB3 SureCash",
    "balanceFrom": 45054.35,
    "balanceTo": 25000.0,
    "smsFromAc": "Cash-in successful of Wallet:015039022346\nAmount:25,000.00\nTXN ID: T300000196982\nYour balance:45,054.35",
    "smsToAc": "Cash-in received.\nAgent: 015061919070\nAmount:25,000.00\nTXN ID: T300000196982\nCurrent balance:25,000.00",
    "smsToExternalCustomer": "N/A",
    "fromAccount": "015061919070",
    "toAccount": "015039022346",
    "externalCustomer": null,
    "bankName": "tb3",
    "ibfee": null,
    "fee": 0.0,
    "commission": 108.697221,
    "cbsBalance": -1.0,
    "ticket": "N/A",
    "traceNo": "N/A",
    "fromAccountType": "AGENT",
    "toAccountType": "UNBANKED",
    "ibFeeCr": null,
    "ibFeeDr": null,
    "disbursementMaxFee": null,
    "trnxAmount": 25000.0,
    "disbursementInfo": null,
    "txnTime": "03-07-20 16:25:53",
    "trnxCode": 10,
    "feeDirection": "F",
    "statusStr": "PROCESSED",
    "payForSMSHeader": null
}
[status:PROCESSED, msg:, trnxId:T300000196982, smsHeader:tb3 SureCash
, payFor:null, message:null, description:null, incentiveStatus:null, incentiveStatusDesc:null, interBankDistrCommRate:null, walletNumber:null, fromSMSHeader:TB3 SureCash, toSMSHeader:TB3 SureCash, balanceFrom:45054.35, balanceTo:25000.0, smsFromAc:Cash-in successful of Wallet:015039022346
Amount:25,000.00
TXN ID: T300000196982
Your balance:45,054.35, smsToAc:Cash-in received.
Agent: 015061919070
Amount:25,000.00
TXN ID: T300000196982
Current balance:25,000.00, smsToExternalCustomer:N/A, fromAccount:015061919070, toAccount:015039022346, externalCustomer:null, bankName:tb3, ibfee:null, fee:0.0, commission:108.697221, cbsBalance:-1.0, ticket:N/A, traceNo:N/A, fromAccountType:AGENT, toAccountType:UNBANKED, ibFeeCr:null, ibFeeDr:null, disbursementMaxFee:null, trnxAmount:25000.0, disbursementInfo:null, txnTime:03-07-20 16:25:53, trnxCode:10, feeDirection:F, statusStr:PROCESSED, payForSMSHeader:null]request: null
response: {
    "status": "DAILY_TXN_LIMIT_EXCEEDED Reversal Status :SUCCESS",
    "msg": "",
    "trnxId": "TB4[T400000078715]",
    "smsHeader": "",
    "payFor": null,
    "message": null,
    "description": "DAILY_TXN_LIMIT_EXCEEDED",
    "incentiveStatus": null,
    "incentiveStatusDesc": null,
    "interBankDistrCommRate": null,
    "walletNumber": null,
    "fromSMSHeader": "TB4 SureCash",
    "toSMSHeader": "TB3 SureCash",
    "balanceFrom": 45044.35,
    "balanceTo": -1.0,
    "smsFromAc": "N/A",
    "smsToAc": "N/A",
    "smsToExternalCustomer": "N/A",
    "fromAccount": null,
    "toAccount": null,
    "externalCustomer": null,
    "bankName": "TB4",
    "ibfee": null,
    "fee": -1.0,
    "commission": -1.0,
    "cbsBalance": -1.0,
    "ticket": "N/A",
    "traceNo": "TB4[N/A]",
    "fromAccountType": "UNKNOWN_ACCOUNT_TYPE",
    "toAccountType": "UNKNOWN_ACCOUNT_TYPE",
    "ibFeeCr": null,
    "ibFeeDr": 164.625,
    "disbursementMaxFee": null,
    "trnxAmount": 25000.0,
    "disbursementInfo": null,
    "txnTime": null,
    "trnxCode": 10,
    "feeDirection": null,
    "statusStr": "DAILY_TXN_LIMIT_EXCEEDED Reversal Status :SUCCESS",
    "payForSMSHeader": "TB4 SureCash"
}
[status:DAILY_TXN_LIMIT_EXCEEDED Reversal Status :SUCCESS, msg:, trnxId:TB4[T400000078715], smsHeader:, payFor:null, message:null, description:DAILY_TXN_LIMIT_EXCEEDED, incentiveStatus:null, incentiveStatusDesc:null, interBankDistrCommRate:null, walletNumber:null, fromSMSHeader:TB4 SureCash, toSMSHeader:TB3 SureCash, balanceFrom:45044.35, balanceTo:-1.0, smsFromAc:N/A, smsToAc:N/A, smsToExternalCustomer:N/A, fromAccount:null, toAccount:null, externalCustomer:null, bankName:TB4, ibfee:null, fee:-1.0, commission:-1.0, cbsBalance:-1.0, ticket:N/A, traceNo:TB4[N/A], fromAccountType:UNKNOWN_ACCOUNT_TYPE, toAccountType:UNKNOWN_ACCOUNT_TYPE, ibFeeCr:null, ibFeeDr:164.625, disbursementMaxFee:null, trnxAmount:25000.0, disbursementInfo:null, txnTime:null, trnxCode:10, feeDirection:null, statusStr:DAILY_TXN_LIMIT_EXCEEDED Reversal Status :SUCCESS, payForSMSHeader:TB4 SureCash]request: null
response: {
    "status": "NOT_ENOUGH_CREDITS",
    "msg": "",
    "trnxId": "",
    "smsHeader": "",
    "payFor": null,
    "message": null,
    "description": null,
    "incentiveStatus": null,
    "incentiveStatusDesc": null,
    "interBankDistrCommRate": null,
    "walletNumber": null,
    "fromSMSHeader": "TB4 SureCash",
    "toSMSHeader": "TB3 SureCash",
    "balanceFrom": -1.0,
    "balanceTo": -1.0,
    "smsFromAc": "N/A",
    "smsToAc": "N/A",
    "smsToExternalCustomer": "N/A",
    "fromAccount": null,
    "toAccount": null,
    "externalCustomer": null,
    "bankName": "TB4",
    "ibfee": null,
    "fee": -1.0,
    "commission": -1.0,
    "cbsBalance": -1.0,
    "ticket": "N/A",
    "traceNo": "N/A",
    "fromAccountType": "UNKNOWN_ACCOUNT_TYPE",
    "toAccountType": "UNKNOWN_ACCOUNT_TYPE",
    "ibFeeCr": null,
    "ibFeeDr": null,
    "disbursementMaxFee": null,
    "trnxAmount": -1.0,
    "disbursementInfo": null,
    "txnTime": null,
    "trnxCode": 10,
    "feeDirection": null,
    "statusStr": "NOT_ENOUGH_CREDITS",
    "payForSMSHeader": "TB4 SureCash"
}
[status:NOT_ENOUGH_CREDITS, msg:, trnxId:, smsHeader:, payFor:null, message:null, description:null, incentiveStatus:null, incentiveStatusDesc:null, interBankDistrCommRate:null, walletNumber:null, fromSMSHeader:TB4 SureCash, toSMSHeader:TB3 SureCash, balanceFrom:-1.0, balanceTo:-1.0, smsFromAc:N/A, smsToAc:N/A, smsToExternalCustomer:N/A, fromAccount:null, toAccount:null, externalCustomer:null, bankName:TB4, ibfee:null, fee:-1.0, commission:-1.0, cbsBalance:-1.0, ticket:N/A, traceNo:N/A, fromAccountType:UNKNOWN_ACCOUNT_TYPE, toAccountType:UNKNOWN_ACCOUNT_TYPE, ibFeeCr:null, ibFeeDr:null, disbursementMaxFee:null, trnxAmount:-1.0, disbursementInfo:null, txnTime:null, trnxCode:10, feeDirection:null, statusStr:NOT_ENOUGH_CREDITS, payForSMSHeader:TB4 SureCash]request: null
response: {
    "status": "PROCESSED",
    "msg": "",
    "trnxId": "T300000196985,T400000078721",
    "smsHeader": "",
    "payFor": null,
    "message": null,
    "description": null,
    "incentiveStatus": null,
    "incentiveStatusDesc": null,
    "interBankDistrCommRate": null,
    "walletNumber": null,
    "fromSMSHeader": "TB3 SureCash",
    "toSMSHeader": "TB4 SureCash",
    "balanceFrom": 42066.872,
    "balanceTo": 3000.0,
    "smsFromAc": "N/A",
    "smsToAc": "N/A",
    "smsToExternalCustomer": "N/A",
    "fromAccount": "015061919070",
    "toAccount": "015002310744",
    "externalCustomer": null,
    "bankName": "TB3",
    "ibfee": null,
    "fee": -1.0,
    "commission": -1.0,
    "cbsBalance": -1.0,
    "ticket": "N/A",
    "traceNo": "TB4[N/A]",
    "fromAccountType": "UNKNOWN_ACCOUNT_TYPE",
    "toAccountType": "UNKNOWN_ACCOUNT_TYPE",
    "ibFeeCr": 19.755,
    "ibFeeDr": null,
    "disbursementMaxFee": null,
    "trnxAmount": 3000,
    "disbursementInfo": null,
    "txnTime": "03-07-20 16:25:54",
    "trnxCode": 10,
    "feeDirection": null,
    "statusStr": "PROCESSED",
    "payForSMSHeader": "TB3 SureCash"
}
[status:PROCESSED, msg:, trnxId:T300000196985,T400000078721, smsHeader:, payFor:null, message:null, description:null, incentiveStatus:null, incentiveStatusDesc:null, interBankDistrCommRate:null, walletNumber:null, fromSMSHeader:TB3 SureCash, toSMSHeader:TB4 SureCash, balanceFrom:42066.872, balanceTo:3000.0, smsFromAc:N/A, smsToAc:N/A, smsToExternalCustomer:N/A, fromAccount:015061919070, toAccount:015002310744, externalCustomer:null, bankName:TB3, ibfee:null, fee:-1.0, commission:-1.0, cbsBalance:-1.0, ticket:N/A, traceNo:TB4[N/A], fromAccountType:UNKNOWN_ACCOUNT_TYPE, toAccountType:UNKNOWN_ACCOUNT_TYPE, ibFeeCr:19.755, ibFeeDr:null, disbursementMaxFee:null, trnxAmount:3000, disbursementInfo:null, txnTime:03-07-20 16:25:54, trnxCode:10, feeDirection:null, statusStr:PROCESSED, payForSMSHeader:TB3 SureCash]request: null
response: {
    "status": "PROCESSED",
    "msg": "",
    "trnxId": "T300000196988",
    "smsHeader": "tb3 SureCash\n",
    "payFor": null,
    "message": null,
    "description": null,
    "incentiveStatus": null,
    "incentiveStatusDesc": null,
    "interBankDistrCommRate": null,
    "walletNumber": null,
    "fromSMSHeader": "TB3 SureCash",
    "toSMSHeader": "TB3 SureCash",
    "balanceFrom": 22473.0,
    "balanceTo": 44577.307,
    "smsFromAc": "03-07-20 16:25:55\n\nCash-out successful.\nAgent: 015061919070\nAmt: Tk 2,500.00\nFee: Tk 27.00\nTXN ID: T300000196988\nBal: Tk 22,473.00",
    "smsToAc": "03-07-20 16:25:55\n\nCash-out successful.\nCustomer: 015039022346\nAmt: Tk 2,500.00\nTXN ID: T300000196988\nBal: Tk 44,577.31",
    "smsToExternalCustomer": "N/A",
    "fromAccount": "015039022346",
    "toAccount": "015061919070",
    "externalCustomer": null,
    "bankName": "tb3",
    "ibfee": null,
    "fee": 27.0,
    "commission": 10.8697221,
    "cbsBalance": -1.0,
    "ticket": "N/A",
    "traceNo": "N/A",
    "fromAccountType": "UNBANKED",
    "toAccountType": "AGENT",
    "ibFeeCr": null,
    "ibFeeDr": null,
    "disbursementMaxFee": null,
    "trnxAmount": 2500.0,
    "disbursementInfo": {
        "serviceFeeAmount": 27.0,
        "amountFromDisbursement": 0.0,
        "amountFromGeneralTxn": 2500.0,
        "amountFromStipend": 0.0,
        "regularFeeAmount": 27.0,
        "maxFeeAmount": 0.0,
        "maxDisbursementFee": 0.0,
        "txnAmountIfmaxWithdrawFeeApplied": 0.0,
        "txnAmountIfmaxDisburseFeeApplied": 0.0
    },
    "txnTime": "03-07-20 16:25:55",
    "trnxCode": 11,
    "feeDirection": "F",
    "statusStr": "PROCESSED",
    "payForSMSHeader": null
}
[status:PROCESSED, msg:, trnxId:T300000196988, smsHeader:tb3 SureCash
, payFor:null, message:null, description:null, incentiveStatus:null, incentiveStatusDesc:null, interBankDistrCommRate:null, walletNumber:null, fromSMSHeader:TB3 SureCash, toSMSHeader:TB3 SureCash, balanceFrom:22473.0, balanceTo:44577.307, smsFromAc:03-07-20 16:25:55

Cash-out successful.
Agent: 015061919070
Amt: Tk 2,500.00
Fee: Tk 27.00
TXN ID: T300000196988
Bal: Tk 22,473.00, smsToAc:03-07-20 16:25:55

Cash-out successful.
Customer: 015039022346
Amt: Tk 2,500.00
TXN ID: T300000196988
Bal: Tk 44,577.31, smsToExternalCustomer:N/A, fromAccount:015039022346, toAccount:015061919070, externalCustomer:null, bankName:tb3, ibfee:null, fee:27.0, commission:10.8697221, cbsBalance:-1.0, ticket:N/A, traceNo:N/A, fromAccountType:UNBANKED, toAccountType:AGENT, ibFeeCr:null, ibFeeDr:null, disbursementMaxFee:null, trnxAmount:2500.0, disbursementInfo:[serviceFeeAmount:27.0, amountFromDisbursement:0.0, amountFromGeneralTxn:2500.0, amountFromStipend:0.0, regularFeeAmount:27.0, maxFeeAmount:0.0, maxDisbursementFee:0.0, txnAmountIfmaxWithdrawFeeApplied:0.0, txnAmountIfmaxDisburseFeeApplied:0.0], txnTime:03-07-20 16:25:55, trnxCode:11, feeDirection:F, statusStr:PROCESSED, payForSMSHeader:null]request: null
response: {
    "status": "PROCESSED",
    "msg": "",
    "trnxId": "T300000196994,T400000078723",
    "smsHeader": "",
    "payFor": null,
    "message": null,
    "description": null,
    "incentiveStatus": null,
    "incentiveStatusDesc": null,
    "interBankDistrCommRate": null,
    "walletNumber": null,
    "fromSMSHeader": "TB3 SureCash",
    "toSMSHeader": "TB4 SureCash",
    "balanceFrom": 20640.6,
    "balanceTo": 71747.5132,
    "smsFromAc": "N/A",
    "smsToAc": "N/A",
    "smsToExternalCustomer": "N/A",
    "fromAccount": "015039022346",
    "toAccount": "015045042825",
    "externalCustomer": null,
    "bankName": "TB3",
    "ibfee": null,
    "fee": 32.4,
    "commission": -1.0,
    "cbsBalance": -1.0,
    "ticket": "N/A",
    "traceNo": "TB4[N/A]",
    "fromAccountType": "UNKNOWN_ACCOUNT_TYPE",
    "toAccountType": "UNKNOWN_ACCOUNT_TYPE",
    "ibFeeCr": null,
    "ibFeeDr": 12.402,
    "disbursementMaxFee": null,
    "trnxAmount": 1800,
    "disbursementInfo": {
        "serviceFeeAmount": 32.4,
        "amountFromDisbursement": 0.0,
        "amountFromGeneralTxn": 1800.0,
        "amountFromStipend": 0.0,
        "regularFeeAmount": 0.0,
        "maxFeeAmount": 0.0,
        "maxDisbursementFee": 0.0,
        "txnAmountIfmaxWithdrawFeeApplied": 0.0,
        "txnAmountIfmaxDisburseFeeApplied": 0.0
    },
    "txnTime": "03-07-20 16:25:56",
    "trnxCode": 11,
    "feeDirection": "F",
    "statusStr": "PROCESSED",
    "payForSMSHeader": "TB3 SureCash"
}
[status:PROCESSED, msg:, trnxId:T300000196994,T400000078723, smsHeader:, payFor:null, message:null, description:null, incentiveStatus:null, incentiveStatusDesc:null, interBankDistrCommRate:null, walletNumber:null, fromSMSHeader:TB3 SureCash, toSMSHeader:TB4 SureCash, balanceFrom:20640.6, balanceTo:71747.5132, smsFromAc:N/A, smsToAc:N/A, smsToExternalCustomer:N/A, fromAccount:015039022346, toAccount:015045042825, externalCustomer:null, bankName:TB3, ibfee:null, fee:32.4, commission:-1.0, cbsBalance:-1.0, ticket:N/A, traceNo:TB4[N/A], fromAccountType:UNKNOWN_ACCOUNT_TYPE, toAccountType:UNKNOWN_ACCOUNT_TYPE, ibFeeCr:null, ibFeeDr:12.402, disbursementMaxFee:null, trnxAmount:1800, disbursementInfo:[serviceFeeAmount:32.4, amountFromDisbursement:0.0, amountFromGeneralTxn:1800.0, amountFromStipend:0.0, regularFeeAmount:0.0, maxFeeAmount:0.0, maxDisbursementFee:0.0, txnAmountIfmaxWithdrawFeeApplied:0.0, txnAmountIfmaxDisburseFeeApplied:0.0], txnTime:03-07-20 16:25:56, trnxCode:11, feeDirection:F, statusStr:PROCESSED, payForSMSHeader:TB3 SureCash]request: null
response: {
    "status": "PROCESSED",
    "msg": "",
    "trnxId": "T400000078726,T300000196999",
    "smsHeader": "",
    "payFor": null,
    "message": null,
    "description": null,
    "incentiveStatus": null,
    "incentiveStatusDesc": null,
    "interBankDistrCommRate": null,
    "walletNumber": null,
    "fromSMSHeader": "TB4 SureCash",
    "toSMSHeader": "TB3 SureCash",
    "balanceFrom": 1491.0,
    "balanceTo": 46083.568,
    "smsFromAc": "N/A",
    "smsToAc": "N/A",
    "smsToExternalCustomer": "N/A",
    "fromAccount": "015002310744",
    "toAccount": "015061919070",
    "externalCustomer": null,
    "bankName": "TB4",
    "ibfee": null,
    "fee": 9.0,
    "commission": -1.0,
    "cbsBalance": -1.0,
    "ticket": "N/A",
    "traceNo": "TB3[N/A]",
    "fromAccountType": "UNKNOWN_ACCOUNT_TYPE",
    "toAccountType": "UNKNOWN_ACCOUNT_TYPE",
    "ibFeeCr": null,
    "ibFeeDr": 10.335,
    "disbursementMaxFee": null,
    "trnxAmount": 1500,
    "disbursementInfo": {
        "serviceFeeAmount": 9.0,
        "amountFromDisbursement": 0.0,
        "amountFromGeneralTxn": 1500.0,
        "amountFromStipend": 0.0,
        "regularFeeAmount": 9.0,
        "maxFeeAmount": 0.0,
        "maxDisbursementFee": 0.0,
        "txnAmountIfmaxWithdrawFeeApplied": 0.0,
        "txnAmountIfmaxDisburseFeeApplied": 0.0
    },
    "txnTime": "03-07-20 16:25:57",
    "trnxCode": 11,
    "feeDirection": "F",
    "statusStr": "PROCESSED",
    "payForSMSHeader": "TB4 SureCash"
}
[status:PROCESSED, msg:, trnxId:T400000078726,T300000196999, smsHeader:, payFor:null, message:null, description:null, incentiveStatus:null, incentiveStatusDesc:null, interBankDistrCommRate:null, walletNumber:null, fromSMSHeader:TB4 SureCash, toSMSHeader:TB3 SureCash, balanceFrom:1491.0, balanceTo:46083.568, smsFromAc:N/A, smsToAc:N/A, smsToExternalCustomer:N/A, fromAccount:015002310744, toAccount:015061919070, externalCustomer:null, bankName:TB4, ibfee:null, fee:9.0, commission:-1.0, cbsBalance:-1.0, ticket:N/A, traceNo:TB3[N/A], fromAccountType:UNKNOWN_ACCOUNT_TYPE, toAccountType:UNKNOWN_ACCOUNT_TYPE, ibFeeCr:null, ibFeeDr:10.335, disbursementMaxFee:null, trnxAmount:1500, disbursementInfo:[serviceFeeAmount:9.0, amountFromDisbursement:0.0, amountFromGeneralTxn:1500.0, amountFromStipend:0.0, regularFeeAmount:9.0, maxFeeAmount:0.0, maxDisbursementFee:0.0, txnAmountIfmaxWithdrawFeeApplied:0.0, txnAmountIfmaxDisburseFeeApplied:0.0], txnTime:03-07-20 16:25:57, trnxCode:11, feeDirection:F, statusStr:PROCESSED, payForSMSHeader:TB4 SureCash]request: null
response: {
    "status": "PROCESSED",
    "msg": "",
    "trnxId": "T300000197002,T400000078731",
    "smsHeader": "",
    "payFor": null,
    "message": null,
    "description": null,
    "incentiveStatus": null,
    "incentiveStatusDesc": null,
    "interBankDistrCommRate": 2.6295,
    "walletNumber": null,
    "fromSMSHeader": "TB3 SureCash",
    "toSMSHeader": "TB4 SureCash",
    "balanceFrom": 19113.6,
    "balanceTo": 1506.261,
    "smsFromAc": "N/A",
    "smsToAc": "N/A",
    "smsToExternalCustomer": "N/A",
    "fromAccount": "015039022346",
    "toAccount": "015028408282",
    "externalCustomer": null,
    "bankName": "TB3",
    "ibfee": null,
    "fee": 27.0,
    "commission": -1.0,
    "cbsBalance": -1.0,
    "ticket": "N/A",
    "traceNo": "TB4[N/A]",
    "fromAccountType": "UNKNOWN_ACCOUNT_TYPE",
    "toAccountType": "UNKNOWN_ACCOUNT_TYPE",
    "ibFeeCr": null,
    "ibFeeDr": 10.335,
    "disbursementMaxFee": null,
    "trnxAmount": 1500,
    "disbursementInfo": {
        "serviceFeeAmount": 27.0,
        "amountFromDisbursement": 0.0,
        "amountFromGeneralTxn": 1500.0,
        "amountFromStipend": 0.0,
        "regularFeeAmount": 0.0,
        "maxFeeAmount": 0.0,
        "maxDisbursementFee": 0.0,
        "txnAmountIfmaxWithdrawFeeApplied": 0.0,
        "txnAmountIfmaxDisburseFeeApplied": 0.0
    },
    "txnTime": "03-07-20 16:25:57",
    "trnxCode": 11,
    "feeDirection": "F",
    "statusStr": "PROCESSED",
    "payForSMSHeader": "TB3 SureCash"
}
[status:PROCESSED, msg:, trnxId:T300000197002,T400000078731, smsHeader:, payFor:null, message:null, description:null, incentiveStatus:null, incentiveStatusDesc:null, interBankDistrCommRate:2.6295, walletNumber:null, fromSMSHeader:TB3 SureCash, toSMSHeader:TB4 SureCash, balanceFrom:19113.6, balanceTo:1506.261, smsFromAc:N/A, smsToAc:N/A, smsToExternalCustomer:N/A, fromAccount:015039022346, toAccount:015028408282, externalCustomer:null, bankName:TB3, ibfee:null, fee:27.0, commission:-1.0, cbsBalance:-1.0, ticket:N/A, traceNo:TB4[N/A], fromAccountType:UNKNOWN_ACCOUNT_TYPE, toAccountType:UNKNOWN_ACCOUNT_TYPE, ibFeeCr:null, ibFeeDr:10.335, disbursementMaxFee:null, trnxAmount:1500, disbursementInfo:[serviceFeeAmount:27.0, amountFromDisbursement:0.0, amountFromGeneralTxn:1500.0, amountFromStipend:0.0, regularFeeAmount:0.0, maxFeeAmount:0.0, maxDisbursementFee:0.0, txnAmountIfmaxWithdrawFeeApplied:0.0, txnAmountIfmaxDisburseFeeApplied:0.0], txnTime:03-07-20 16:25:57, trnxCode:11, feeDirection:F, statusStr:PROCESSED, payForSMSHeader:TB3 SureCash]request: null
response: {
    "status": "SUCCESS",
    "description": null,
    "refId": "0.0",
    "purposeOfTxn": "CORONA,RETAILER"
}
[status:SUCCESS, description:null, refId:0.0, purposeOfTxn:CORONA,RETAILER]request: null
response: {
    "status": "SUCCESS",
    "description": null,
    "refId": "0.0",
    "purposeOfTxn": "TALLYKHATA,RETAILER"
}
[status:SUCCESS, description:null, refId:0.0, purposeOfTxn:TALLYKHATA,RETAILER]request: null
response: {
    "status": "PROCESSED",
    "msg": "",
    "trnxId": "T300000197007",
    "smsHeader": "tb3 SureCash\n",
    "payFor": null,
    "message": null,
    "description": null,
    "incentiveStatus": null,
    "incentiveStatusDesc": null,
    "interBankDistrCommRate": null,
    "walletNumber": null,
    "fromSMSHeader": "TB3 SureCash",
    "toSMSHeader": "TB3 SureCash",
    "balanceFrom": 19093.6,
    "balanceTo": 164627.2269,
    "smsFromAc": "03-Jul-20 16:25:58\nMoney sent:\nReceiver:74766354\nAmount:Tk 20.00\nFee:Tk 0.00\nTXN ID: T300000197007\nBalance:Tk 19,093.60",
    "smsToAc": "03-Jul-20 16:25:58\nMoney received:\nSender:015039022346\nAmount:Tk 20.00\nTXN ID: T300000197007\nBalance:Tk 164,627.23",
    "smsToExternalCustomer": "N/A",
    "fromAccount": "015039022346",
    "toAccount": "019074766395",
    "externalCustomer": null,
    "bankName": "tb3",
    "ibfee": null,
    "fee": 0.0,
    "commission": 0.0,
    "cbsBalance": -1.0,
    "ticket": "N/A",
    "traceNo": "N/A",
    "fromAccountType": "UNBANKED",
    "toAccountType": "UNBANKED",
    "ibFeeCr": null,
    "ibFeeDr": null,
    "disbursementMaxFee": null,
    "trnxAmount": 20.0,
    "disbursementInfo": {
        "serviceFeeAmount": 0.0,
        "amountFromDisbursement": 0.0,
        "amountFromGeneralTxn": 0.0,
        "amountFromStipend": 0.0,
        "regularFeeAmount": 0.0,
        "maxFeeAmount": 0.0,
        "maxDisbursementFee": 0.0,
        "txnAmountIfmaxWithdrawFeeApplied": 0.0,
        "txnAmountIfmaxDisburseFeeApplied": 0.0
    },
    "txnTime": "03-07-20 16:25:58",
    "trnxCode": 1201,
    "feeDirection": "F",
    "statusStr": "PROCESSED",
    "payForSMSHeader": null
}
response: {
    "status": "SUCCESS",
    "cmdCode": 0,
    "statusCode": 0,
    "newSecretKey": "",
    "msg": "",
    "smsHeader": "",
    "statusDesc": "",
    "statusStr": "SUCCESS",
    "bankAccountNo": "",
    "userName": "tusipesp",
    "bankName": "TB3",
    "bankSmsHeader": "TB3 SureCash",
    "accountNo": "019074766395",
    "userStatus": "PENDING",
    "assignedBank": "",
    "orgAgentWallet": "",
    "userType": "unbanked",
    "mobileAlias": "74766354",
    "distributorWallet": null,
    "srWallet": null,
    "purposeOfTxn": "CORONA,RETAILER",
    "area": null,
    "region": null,
    "territory": null,
    "isSetPin": true
}
[status:PROCESSED, msg:, trnxId:T300000197007, smsHeader:tb3 SureCash
, payFor:null, message:null, description:null, incentiveStatus:null, incentiveStatusDesc:null, interBankDistrCommRate:null, walletNumber:null, fromSMSHeader:TB3 SureCash, toSMSHeader:TB3 SureCash, balanceFrom:19093.6, balanceTo:164627.2269, smsFromAc:03-Jul-20 16:25:58
Money sent:
Receiver:74766354
Amount:Tk 20.00
Fee:Tk 0.00
TXN ID: T300000197007
Balance:Tk 19,093.60, smsToAc:03-Jul-20 16:25:58
Money received:
Sender:015039022346
Amount:Tk 20.00
TXN ID: T300000197007
Balance:Tk 164,627.23, smsToExternalCustomer:N/A, fromAccount:015039022346, toAccount:019074766395, externalCustomer:null, bankName:tb3, ibfee:null, fee:0.0, commission:0.0, cbsBalance:-1.0, ticket:N/A, traceNo:N/A, fromAccountType:UNBANKED, toAccountType:UNBANKED, ibFeeCr:null, ibFeeDr:null, disbursementMaxFee:null, trnxAmount:20.0, disbursementInfo:[serviceFeeAmount:0.0, amountFromDisbursement:0.0, amountFromGeneralTxn:0.0, amountFromStipend:0.0, regularFeeAmount:0.0, maxFeeAmount:0.0, maxDisbursementFee:0.0, txnAmountIfmaxWithdrawFeeApplied:0.0, txnAmountIfmaxDisburseFeeApplied:0.0], txnTime:03-07-20 16:25:58, trnxCode:1201, feeDirection:F, statusStr:PROCESSED, payForSMSHeader:null]Free withdraw: Fee=0
request: null
response: {
    "status": "PROCESSED",
    "msg": "",
    "trnxId": "T300000197008,T400000078734",
    "smsHeader": "",
    "payFor": null,
    "message": null,
    "description": null,
    "incentiveStatus": null,
    "incentiveStatusDesc": null,
    "interBankDistrCommRate": null,
    "walletNumber": null,
    "fromSMSHeader": "TB3 SureCash",
    "toSMSHeader": "TB4 SureCash",
    "balanceFrom": 19053.6,
    "balanceTo": 198346.8958,
    "smsFromAc": "N/A",
    "smsToAc": "N/A",
    "smsToExternalCustomer": "N/A",
    "fromAccount": "015039022346",
    "toAccount": "019074766391",
    "externalCustomer": null,
    "bankName": "TB3",
    "ibfee": null,
    "fee": 0.0,
    "commission": -1.0,
    "cbsBalance": -1.0,
    "ticket": "N/A",
    "traceNo": "TB4[N/A]",
    "fromAccountType": "UNKNOWN_ACCOUNT_TYPE",
    "toAccountType": "UNKNOWN_ACCOUNT_TYPE",
    "ibFeeCr": 0.2634,
    "ibFeeDr": null,
    "disbursementMaxFee": null,
    "trnxAmount": 40,
    "disbursementInfo": {
        "serviceFeeAmount": 0.0,
        "amountFromDisbursement": 0.0,
        "amountFromGeneralTxn": 0.0,
        "amountFromStipend": 0.0,
        "regularFeeAmount": 0.0,
        "maxFeeAmount": 0.0,
        "maxDisbursementFee": 0.0,
        "txnAmountIfmaxWithdrawFeeApplied": 0.0,
        "txnAmountIfmaxDisburseFeeApplied": 0.0
    },
    "txnTime": "03-07-20 16:25:59",
    "trnxCode": 1201,
    "feeDirection": "F",
    "statusStr": "PROCESSED",
    "payForSMSHeader": "TB3 SureCash"
}
response: {
    "status": "SUCCESS",
    "cmdCode": 0,
    "statusCode": 0,
    "newSecretKey": "",
    "msg": "",
    "smsHeader": "",
    "statusDesc": "",
    "statusStr": "SUCCESS",
    "bankAccountNo": "",
    "userName": "Tt",
    "bankName": "TB4",
    "bankSmsHeader": "TB4 SureCash",
    "accountNo": "019074766391",
    "userStatus": "active",
    "assignedBank": "",
    "orgAgentWallet": "",
    "userType": "unbanked",
    "mobileAlias": "74766340",
    "distributorWallet": null,
    "srWallet": null,
    "purposeOfTxn": "TALLYKHATA,RETAILER",
    "area": null,
    "region": null,
    "territory": null,
    "isSetPin": true
}
[status:PROCESSED, msg:, trnxId:T300000197008,T400000078734, smsHeader:, payFor:null, message:null, description:null, incentiveStatus:null, incentiveStatusDesc:null, interBankDistrCommRate:null, walletNumber:null, fromSMSHeader:TB3 SureCash, toSMSHeader:TB4 SureCash, balanceFrom:19053.6, balanceTo:198346.8958, smsFromAc:N/A, smsToAc:N/A, smsToExternalCustomer:N/A, fromAccount:015039022346, toAccount:019074766391, externalCustomer:null, bankName:TB3, ibfee:null, fee:0.0, commission:-1.0, cbsBalance:-1.0, ticket:N/A, traceNo:TB4[N/A], fromAccountType:UNKNOWN_ACCOUNT_TYPE, toAccountType:UNKNOWN_ACCOUNT_TYPE, ibFeeCr:0.2634, ibFeeDr:null, disbursementMaxFee:null, trnxAmount:40, disbursementInfo:[serviceFeeAmount:0.0, amountFromDisbursement:0.0, amountFromGeneralTxn:0.0, amountFromStipend:0.0, regularFeeAmount:0.0, maxFeeAmount:0.0, maxDisbursementFee:0.0, txnAmountIfmaxWithdrawFeeApplied:0.0, txnAmountIfmaxDisburseFeeApplied:0.0], txnTime:03-07-20 16:25:59, trnxCode:1201, feeDirection:F, statusStr:PROCESSED, payForSMSHeader:TB3 SureCash]request: null
response: {
    "status": "PROCESSED",
    "msg": "",
    "trnxId": "T300000197010,T400000078736",
    "smsHeader": "",
    "payFor": null,
    "message": null,
    "description": null,
    "incentiveStatus": null,
    "incentiveStatusDesc": null,
    "interBankDistrCommRate": null,
    "walletNumber": null,
    "fromSMSHeader": "TB3 SureCash",
    "toSMSHeader": "TB4 SureCash",
    "balanceFrom": 19029.6,
    "balanceTo": 1511.0,
    "smsFromAc": "N/A",
    "smsToAc": "N/A",
    "smsToExternalCustomer": "N/A",
    "fromAccount": "015039022346",
    "toAccount": "015002310744",
    "externalCustomer": null,
    "bankName": "TB3",
    "ibfee": null,
    "fee": 4.0,
    "commission": -1.0,
    "cbsBalance": -1.0,
    "ticket": "N/A",
    "traceNo": "TB4[N/A]",
    "fromAccountType": "UNKNOWN_ACCOUNT_TYPE",
    "toAccountType": "UNKNOWN_ACCOUNT_TYPE",
    "ibFeeCr": 0.1317,
    "ibFeeDr": null,
    "disbursementMaxFee": null,
    "trnxAmount": 20,
    "disbursementInfo": {
        "serviceFeeAmount": 0.0,
        "amountFromDisbursement": 0.0,
        "amountFromGeneralTxn": 0.0,
        "amountFromStipend": 0.0,
        "regularFeeAmount": 0.0,
        "maxFeeAmount": 0.0,
        "maxDisbursementFee": 0.0,
        "txnAmountIfmaxWithdrawFeeApplied": 0.0,
        "txnAmountIfmaxDisburseFeeApplied": 0.0
    },
    "txnTime": "03-07-20 16:26:00",
    "trnxCode": 1201,
    "feeDirection": "F",
    "statusStr": "PROCESSED",
    "payForSMSHeader": "TB3 SureCash"
}
response: {
    "status": "SUCCESS",
    "cmdCode": 0,
    "statusCode": 0,
    "newSecretKey": "",
    "msg": "",
    "smsHeader": "",
    "statusDesc": "",
    "statusStr": "SUCCESS",
    "bankAccountNo": "",
    "userName": "Test Customer TB4 from TB3 Agent",
    "bankName": "TB4",
    "bankSmsHeader": "TB4 SureCash",
    "accountNo": "015002310744",
    "userStatus": "Active",
    "assignedBank": "",
    "orgAgentWallet": "",
    "userType": "unbanked",
    "mobileAlias": null,
    "distributorWallet": null,
    "srWallet": null,
    "purposeOfTxn": "Personal",
    "area": null,
    "region": null,
    "territory": null,
    "isSetPin": true
}
[status:PROCESSED, msg:, trnxId:T300000197010,T400000078736, smsHeader:, payFor:null, message:null, description:null, incentiveStatus:null, incentiveStatusDesc:null, interBankDistrCommRate:null, walletNumber:null, fromSMSHeader:TB3 SureCash, toSMSHeader:TB4 SureCash, balanceFrom:19029.6, balanceTo:1511.0, smsFromAc:N/A, smsToAc:N/A, smsToExternalCustomer:N/A, fromAccount:015039022346, toAccount:015002310744, externalCustomer:null, bankName:TB3, ibfee:null, fee:4.0, commission:-1.0, cbsBalance:-1.0, ticket:N/A, traceNo:TB4[N/A], fromAccountType:UNKNOWN_ACCOUNT_TYPE, toAccountType:UNKNOWN_ACCOUNT_TYPE, ibFeeCr:0.1317, ibFeeDr:null, disbursementMaxFee:null, trnxAmount:20, disbursementInfo:[serviceFeeAmount:0.0, amountFromDisbursement:0.0, amountFromGeneralTxn:0.0, amountFromStipend:0.0, regularFeeAmount:0.0, maxFeeAmount:0.0, maxDisbursementFee:0.0, txnAmountIfmaxWithdrawFeeApplied:0.0, txnAmountIfmaxDisburseFeeApplied:0.0], txnTime:03-07-20 16:26:00, trnxCode:1201, feeDirection:F, statusStr:PROCESSED, payForSMSHeader:TB3 SureCash]request: null
response: {
    "status": "SUCCESS",
    "description": null,
    "refId": "0.0",
    "purposeOfTxn": "CORONA"
}
[status:SUCCESS, description:null, refId:0.0, purposeOfTxn:CORONA]request: null
response: {
    "status": "SUCCESS",
    "description": null,
    "refId": "0.0",
    "purposeOfTxn": "TALLYKHATA"
}
[status:SUCCESS, description:null, refId:0.0, purposeOfTxn:TALLYKHATA]request: null
response: {
    "status": "PROCESSED",
    "msg": "",
    "trnxId": "T300000197016",
    "smsHeader": "tb3 SureCash\n",
    "payFor": null,
    "message": null,
    "description": null,
    "incentiveStatus": null,
    "incentiveStatusDesc": null,
    "interBankDistrCommRate": null,
    "walletNumber": null,
    "fromSMSHeader": "TB3 SureCash",
    "toSMSHeader": "TB3 SureCash",
    "balanceFrom": 18999.6,
    "balanceTo": -1.0,
    "smsFromAc": "16:26 03-Jul-20\nPayment Successful.\nTo: TB3L\nAmt: Tk 30.00\nTXN ID: T300000197016\nBal: Tk 18,999.60",
    "smsToAc": "16:26 03-Jul-20\nPayment Received.\nFrom: 015039022346\nAmt: Tk 30.00\nTXN ID: T300000197016\n",
    "smsToExternalCustomer": "N/A",
    "fromAccount": "015039022346",
    "toAccount": "016314347519",
    "externalCustomer": null,
    "bankName": "tb3",
    "ibfee": null,
    "fee": 0.0,
    "commission": 0.0,
    "cbsBalance": -1.0,
    "ticket": "N/A",
    "traceNo": "N/A",
    "fromAccountType": "UNBANKED",
    "toAccountType": "MERCHANT",
    "ibFeeCr": null,
    "ibFeeDr": null,
    "disbursementMaxFee": null,
    "trnxAmount": 30.0,
    "disbursementInfo": {
        "serviceFeeAmount": 0.0,
        "amountFromDisbursement": 0.0,
        "amountFromGeneralTxn": 0.0,
        "amountFromStipend": 0.0,
        "regularFeeAmount": 0.0,
        "maxFeeAmount": 0.0,
        "maxDisbursementFee": 0.0,
        "txnAmountIfmaxWithdrawFeeApplied": 0.0,
        "txnAmountIfmaxDisburseFeeApplied": 0.0
    },
    "txnTime": "03-07-20 16:26:00",
    "trnxCode": 1202,
    "feeDirection": "T",
    "statusStr": "PROCESSED",
    "payForSMSHeader": null
}
T300000197016
[status:PROCESSED, msg:, trnxId:T300000197016, smsHeader:tb3 SureCash
, payFor:null, message:null, description:null, incentiveStatus:null, incentiveStatusDesc:null, interBankDistrCommRate:null, walletNumber:null, fromSMSHeader:TB3 SureCash, toSMSHeader:TB3 SureCash, balanceFrom:18999.6, balanceTo:-1.0, smsFromAc:16:26 03-Jul-20
Payment Successful.
To: TB3L
Amt: Tk 30.00
TXN ID: T300000197016
Bal: Tk 18,999.60, smsToAc:16:26 03-Jul-20
Payment Received.
From: 015039022346
Amt: Tk 30.00
TXN ID: T300000197016
, smsToExternalCustomer:N/A, fromAccount:015039022346, toAccount:016314347519, externalCustomer:null, bankName:tb3, ibfee:null, fee:0.0, commission:0.0, cbsBalance:-1.0, ticket:N/A, traceNo:N/A, fromAccountType:UNBANKED, toAccountType:MERCHANT, ibFeeCr:null, ibFeeDr:null, disbursementMaxFee:null, trnxAmount:30.0, disbursementInfo:[serviceFeeAmount:0.0, amountFromDisbursement:0.0, amountFromGeneralTxn:0.0, amountFromStipend:0.0, regularFeeAmount:0.0, maxFeeAmount:0.0, maxDisbursementFee:0.0, txnAmountIfmaxWithdrawFeeApplied:0.0, txnAmountIfmaxDisburseFeeApplied:0.0], txnTime:03-07-20 16:26:00, trnxCode:1202, feeDirection:T, statusStr:PROCESSED, payForSMSHeader:null]request: null
response: {
    "status": "PROCESSED",
    "msg": "",
    "trnxId": "T300000197017,T400000078739",
    "smsHeader": "",
    "payFor": null,
    "message": null,
    "description": null,
    "incentiveStatus": null,
    "incentiveStatusDesc": null,
    "interBankDistrCommRate": null,
    "walletNumber": null,
    "fromSMSHeader": "TB3 SureCash",
    "toSMSHeader": "TB4 SureCash",
    "balanceFrom": 18960.6,
    "balanceTo": -1.0,
    "smsFromAc": "16:26 03-Jul-20\nPayment Successful.\nTo: pptt\nAmt: Tk 35.00\nFee: Tk 4.0\nTXN ID: T400000078739\nBal: Tk 18,960.60",
    "smsToAc": "16:26 03-Jul-20\nPayment Received.\nFrom: 015039022346\nAmt: Tk 35.00\nTXN ID: T400000078739\n",
    "smsToExternalCustomer": "N/A",
    "fromAccount": "015039022346",
    "toAccount": "015802951618",
    "externalCustomer": null,
    "bankName": "TB3",
    "ibfee": null,
    "fee": 4.0,
    "commission": -1.0,
    "cbsBalance": -1.0,
    "ticket": "N/A",
    "traceNo": "TB4[N/A]",
    "fromAccountType": "UNKNOWN_ACCOUNT_TYPE",
    "toAccountType": "UNKNOWN_ACCOUNT_TYPE",
    "ibFeeCr": null,
    "ibFeeDr": 0.9666536666666667,
    "disbursementMaxFee": null,
    "trnxAmount": 35,
    "disbursementInfo": {
        "serviceFeeAmount": 0.0,
        "amountFromDisbursement": 0.0,
        "amountFromGeneralTxn": 0.0,
        "amountFromStipend": 0.0,
        "regularFeeAmount": 0.0,
        "maxFeeAmount": 0.0,
        "maxDisbursementFee": 0.0,
        "txnAmountIfmaxWithdrawFeeApplied": 0.0,
        "txnAmountIfmaxDisburseFeeApplied": 0.0
    },
    "txnTime": "03-07-20 16:26:01",
    "trnxCode": 1202,
    "feeDirection": "F",
    "statusStr": "PROCESSED",
    "payForSMSHeader": "TB3 SureCash"
}
[status:PROCESSED, msg:, trnxId:T300000197017,T400000078739, smsHeader:, payFor:null, message:null, description:null, incentiveStatus:null, incentiveStatusDesc:null, interBankDistrCommRate:null, walletNumber:null, fromSMSHeader:TB3 SureCash, toSMSHeader:TB4 SureCash, balanceFrom:18960.6, balanceTo:-1.0, smsFromAc:16:26 03-Jul-20
Payment Successful.
To: pptt
Amt: Tk 35.00
Fee: Tk 4.0
TXN ID: T400000078739
Bal: Tk 18,960.60, smsToAc:16:26 03-Jul-20
Payment Received.
From: 015039022346
Amt: Tk 35.00
TXN ID: T400000078739
, smsToExternalCustomer:N/A, fromAccount:015039022346, toAccount:015802951618, externalCustomer:null, bankName:TB3, ibfee:null, fee:4.0, commission:-1.0, cbsBalance:-1.0, ticket:N/A, traceNo:TB4[N/A], fromAccountType:UNKNOWN_ACCOUNT_TYPE, toAccountType:UNKNOWN_ACCOUNT_TYPE, ibFeeCr:null, ibFeeDr:0.9666536666666667, disbursementMaxFee:null, trnxAmount:35, disbursementInfo:[serviceFeeAmount:0.0, amountFromDisbursement:0.0, amountFromGeneralTxn:0.0, amountFromStipend:0.0, regularFeeAmount:0.0, maxFeeAmount:0.0, maxDisbursementFee:0.0, txnAmountIfmaxWithdrawFeeApplied:0.0, txnAmountIfmaxDisburseFeeApplied:0.0], txnTime:03-07-20 16:26:01, trnxCode:1202, feeDirection:F, statusStr:PROCESSED, payForSMSHeader:TB3 SureCash]request: null
response: {
    "status": "PROCESSED",
    "msg": "",
    "trnxId": "T300000197022,T400000078741",
    "smsHeader": "",
    "payFor": null,
    "message": null,
    "description": null,
    "incentiveStatus": null,
    "incentiveStatusDesc": null,
    "interBankDistrCommRate": null,
    "walletNumber": null,
    "fromSMSHeader": "TB3 SureCash",
    "toSMSHeader": "TB4 SureCash",
    "balanceFrom": 18152.6,
    "balanceTo": -1.0,
    "smsFromAc": "16:26 03-Jul-20\nPayment Successful.\nTo: pptt\nAmt: Tk 800.00\nFee: Tk 8.0\nTXN ID: T400000078741\nBal: Tk 18,152.60",
    "smsToAc": "16:26 03-Jul-20\nPayment Received.\nFrom: 015039022346\nAmt: Tk 800.00\nTXN ID: T400000078741\n",
    "smsToExternalCustomer": "N/A",
    "fromAccount": "015039022346",
    "toAccount": "015802951618",
    "externalCustomer": null,
    "bankName": "TB3",
    "ibfee": null,
    "fee": 8.0,
    "commission": -1.0,
    "cbsBalance": -1.0,
    "ticket": "N/A",
    "traceNo": "TB4[N/A]",
    "fromAccountType": "UNKNOWN_ACCOUNT_TYPE",
    "toAccountType": "UNKNOWN_ACCOUNT_TYPE",
    "ibFeeCr": null,
    "ibFeeDr": 0.3309573333333333,
    "disbursementMaxFee": null,
    "trnxAmount": 800,
    "disbursementInfo": {
        "serviceFeeAmount": 0.0,
        "amountFromDisbursement": 0.0,
        "amountFromGeneralTxn": 0.0,
        "amountFromStipend": 0.0,
        "regularFeeAmount": 0.0,
        "maxFeeAmount": 0.0,
        "maxDisbursementFee": 0.0,
        "txnAmountIfmaxWithdrawFeeApplied": 0.0,
        "txnAmountIfmaxDisburseFeeApplied": 0.0
    },
    "txnTime": "03-07-20 16:26:07",
    "trnxCode": 1202,
    "feeDirection": "F",
    "statusStr": "PROCESSED",
    "payForSMSHeader": "TB3 SureCash"
}
[status:PROCESSED, msg:, trnxId:T300000197022,T400000078741, smsHeader:, payFor:null, message:null, description:null, incentiveStatus:null, incentiveStatusDesc:null, interBankDistrCommRate:null, walletNumber:null, fromSMSHeader:TB3 SureCash, toSMSHeader:TB4 SureCash, balanceFrom:18152.6, balanceTo:-1.0, smsFromAc:16:26 03-Jul-20
Payment Successful.
To: pptt
Amt: Tk 800.00
Fee: Tk 8.0
TXN ID: T400000078741
Bal: Tk 18,152.60, smsToAc:16:26 03-Jul-20
Payment Received.
From: 015039022346
Amt: Tk 800.00
TXN ID: T400000078741
, smsToExternalCustomer:N/A, fromAccount:015039022346, toAccount:015802951618, externalCustomer:null, bankName:TB3, ibfee:null, fee:8.0, commission:-1.0, cbsBalance:-1.0, ticket:N/A, traceNo:TB4[N/A], fromAccountType:UNKNOWN_ACCOUNT_TYPE, toAccountType:UNKNOWN_ACCOUNT_TYPE, ibFeeCr:null, ibFeeDr:0.3309573333333333, disbursementMaxFee:null, trnxAmount:800, disbursementInfo:[serviceFeeAmount:0.0, amountFromDisbursement:0.0, amountFromGeneralTxn:0.0, amountFromStipend:0.0, regularFeeAmount:0.0, maxFeeAmount:0.0, maxDisbursementFee:0.0, txnAmountIfmaxWithdrawFeeApplied:0.0, txnAmountIfmaxDisburseFeeApplied:0.0], txnTime:03-07-20 16:26:07, trnxCode:1202, feeDirection:F, statusStr:PROCESSED, payForSMSHeader:TB3 SureCash]request: null
response: {
    "status": "PROCESSED",
    "msg": "",
    "trnxId": "T300000197027,T400000078743",
    "smsHeader": "",
    "payFor": null,
    "message": null,
    "description": null,
    "incentiveStatus": null,
    "incentiveStatusDesc": null,
    "interBankDistrCommRate": null,
    "walletNumber": null,
    "fromSMSHeader": "TB3 SureCash",
    "toSMSHeader": "TB4 SureCash",
    "balanceFrom": 14977.6,
    "balanceTo": -1.0,
    "smsFromAc": "16:26 03-Jul-20\nPayment Successful.\nTo: pptt\nAmt: Tk 3,150.00\nFee: Tk 25.0\nTXN ID: T400000078743\nBal: Tk 14,977.60",
    "smsToAc": "16:26 03-Jul-20\nPayment Received.\nFrom: 015039022346\nAmt: Tk 3,150.00\nTXN ID: T400000078743\n",
    "smsToExternalCustomer": "N/A",
    "fromAccount": "015039022346",
    "toAccount": "015802951618",
    "externalCustomer": null,
    "bankName": "TB3",
    "ibfee": null,
    "fee": 25.0,
    "commission": -1.0,
    "cbsBalance": -1.0,
    "ticket": "N/A",
    "traceNo": "TB4[N/A]",
    "fromAccountType": "UNKNOWN_ACCOUNT_TYPE",
    "toAccountType": "UNKNOWN_ACCOUNT_TYPE",
    "ibFeeCr": null,
    "ibFeeDr": null,
    "disbursementMaxFee": null,
    "trnxAmount": 3150,
    "disbursementInfo": {
        "serviceFeeAmount": 0.0,
        "amountFromDisbursement": 0.0,
        "amountFromGeneralTxn": 0.0,
        "amountFromStipend": 0.0,
        "regularFeeAmount": 0.0,
        "maxFeeAmount": 0.0,
        "maxDisbursementFee": 0.0,
        "txnAmountIfmaxWithdrawFeeApplied": 0.0,
        "txnAmountIfmaxDisburseFeeApplied": 0.0
    },
    "txnTime": "03-07-20 16:26:16",
    "trnxCode": 1202,
    "feeDirection": "F",
    "statusStr": "PROCESSED",
    "payForSMSHeader": "TB3 SureCash"
}
[status:PROCESSED, msg:, trnxId:T300000197027,T400000078743, smsHeader:, payFor:null, message:null, description:null, incentiveStatus:null, incentiveStatusDesc:null, interBankDistrCommRate:null, walletNumber:null, fromSMSHeader:TB3 SureCash, toSMSHeader:TB4 SureCash, balanceFrom:14977.6, balanceTo:-1.0, smsFromAc:16:26 03-Jul-20
Payment Successful.
To: pptt
Amt: Tk 3,150.00
Fee: Tk 25.0
TXN ID: T400000078743
Bal: Tk 14,977.60, smsToAc:16:26 03-Jul-20
Payment Received.
From: 015039022346
Amt: Tk 3,150.00
TXN ID: T400000078743
, smsToExternalCustomer:N/A, fromAccount:015039022346, toAccount:015802951618, externalCustomer:null, bankName:TB3, ibfee:null, fee:25.0, commission:-1.0, cbsBalance:-1.0, ticket:N/A, traceNo:TB4[N/A], fromAccountType:UNKNOWN_ACCOUNT_TYPE, toAccountType:UNKNOWN_ACCOUNT_TYPE, ibFeeCr:null, ibFeeDr:null, disbursementMaxFee:null, trnxAmount:3150, disbursementInfo:[serviceFeeAmount:0.0, amountFromDisbursement:0.0, amountFromGeneralTxn:0.0, amountFromStipend:0.0, regularFeeAmount:0.0, maxFeeAmount:0.0, maxDisbursementFee:0.0, txnAmountIfmaxWithdrawFeeApplied:0.0, txnAmountIfmaxDisburseFeeApplied:0.0], txnTime:03-07-20 16:26:16, trnxCode:1202, feeDirection:F, statusStr:PROCESSED, payForSMSHeader:TB3 SureCash]request: null
response: {
    "status": "PROCESSED",
    "msg": "",
    "trnxId": "T300000197031,T400000078744",
    "smsHeader": "",
    "payFor": null,
    "message": null,
    "description": null,
    "incentiveStatus": null,
    "incentiveStatusDesc": null,
    "interBankDistrCommRate": null,
    "walletNumber": null,
    "fromSMSHeader": "TB3 SureCash",
    "toSMSHeader": "TB4 SureCash",
    "balanceFrom": 14937.6,
    "balanceTo": -1.0,
    "smsFromAc": "16:26 03-Jul-20\nPayment Successful.\nTo: wwe\nAmt: Tk 40.00\nTXN ID: T400000078744\nBal: Tk 14,937.60",
    "smsToAc": "16:26 03-Jul-20\nPayment Received.\nFrom: 015039022346\nAmt: Tk 40.00\nTXN ID: T400000078744\n",
    "smsToExternalCustomer": "N/A",
    "fromAccount": "015039022346",
    "toAccount": "015000000331",
    "externalCustomer": null,
    "bankName": "TB3",
    "ibfee": null,
    "fee": 0.0,
    "commission": -1.0,
    "cbsBalance": -1.0,
    "ticket": "N/A",
    "traceNo": "TB4[N/A]",
    "fromAccountType": "UNKNOWN_ACCOUNT_TYPE",
    "toAccountType": "UNKNOWN_ACCOUNT_TYPE",
    "ibFeeCr": 2.1747573333333334,
    "ibFeeDr": null,
    "disbursementMaxFee": null,
    "trnxAmount": 40,
    "disbursementInfo": {
        "serviceFeeAmount": 0.0,
        "amountFromDisbursement": 0.0,
        "amountFromGeneralTxn": 0.0,
        "amountFromStipend": 0.0,
        "regularFeeAmount": 0.0,
        "maxFeeAmount": 0.0,
        "maxDisbursementFee": 0.0,
        "txnAmountIfmaxWithdrawFeeApplied": 0.0,
        "txnAmountIfmaxDisburseFeeApplied": 0.0
    },
    "txnTime": "03-07-20 16:26:19",
    "trnxCode": 1202,
    "feeDirection": "T",
    "statusStr": "PROCESSED",
    "payForSMSHeader": "TB3 SureCash"
}
[status:PROCESSED, msg:, trnxId:T300000197031,T400000078744, smsHeader:, payFor:null, message:null, description:null, incentiveStatus:null, incentiveStatusDesc:null, interBankDistrCommRate:null, walletNumber:null, fromSMSHeader:TB3 SureCash, toSMSHeader:TB4 SureCash, balanceFrom:14937.6, balanceTo:-1.0, smsFromAc:16:26 03-Jul-20
Payment Successful.
To: wwe
Amt: Tk 40.00
TXN ID: T400000078744
Bal: Tk 14,937.60, smsToAc:16:26 03-Jul-20
Payment Received.
From: 015039022346
Amt: Tk 40.00
TXN ID: T400000078744
, smsToExternalCustomer:N/A, fromAccount:015039022346, toAccount:015000000331, externalCustomer:null, bankName:TB3, ibfee:null, fee:0.0, commission:-1.0, cbsBalance:-1.0, ticket:N/A, traceNo:TB4[N/A], fromAccountType:UNKNOWN_ACCOUNT_TYPE, toAccountType:UNKNOWN_ACCOUNT_TYPE, ibFeeCr:2.1747573333333334, ibFeeDr:null, disbursementMaxFee:null, trnxAmount:40, disbursementInfo:[serviceFeeAmount:0.0, amountFromDisbursement:0.0, amountFromGeneralTxn:0.0, amountFromStipend:0.0, regularFeeAmount:0.0, maxFeeAmount:0.0, maxDisbursementFee:0.0, txnAmountIfmaxWithdrawFeeApplied:0.0, txnAmountIfmaxDisburseFeeApplied:0.0], txnTime:03-07-20 16:26:19, trnxCode:1202, feeDirection:T, statusStr:PROCESSED, payForSMSHeader:TB3 SureCash]request: null
response: {
    "status": "PROCESSED",
    "msg": "",
    "trnxId": "T300000197033,T400000078749",
    "smsHeader": "",
    "payFor": null,
    "message": null,
    "description": null,
    "incentiveStatus": null,
    "incentiveStatusDesc": null,
    "interBankDistrCommRate": null,
    "walletNumber": null,
    "fromSMSHeader": "TB3 SureCash",
    "toSMSHeader": "TB4 SureCash",
    "balanceFrom": 14237.6,
    "balanceTo": -1.0,
    "smsFromAc": "16:26 03-Jul-20\nPayment Successful.\nTo: wwe\nAmt: Tk 700.00\nTXN ID: T400000078749\nBal: Tk 14,237.60",
    "smsToAc": "16:26 03-Jul-20\nPayment Received.\nFrom: 015039022346\nAmt: Tk 700.00\nTXN ID: T400000078749\n",
    "smsToExternalCustomer": "N/A",
    "fromAccount": "015039022346",
    "toAccount": "015000000331",
    "externalCustomer": null,
    "bankName": "TB3",
    "ibfee": null,
    "fee": 0.0,
    "commission": -1.0,
    "cbsBalance": -1.0,
    "ticket": "N/A",
    "traceNo": "TB4[N/A]",
    "fromAccountType": "UNKNOWN_ACCOUNT_TYPE",
    "toAccountType": "UNKNOWN_ACCOUNT_TYPE",
    "ibFeeCr": 5.188675333333333,
    "ibFeeDr": null,
    "disbursementMaxFee": null,
    "trnxAmount": 700,
    "disbursementInfo": {
        "serviceFeeAmount": 0.0,
        "amountFromDisbursement": 0.0,
        "amountFromGeneralTxn": 0.0,
        "amountFromStipend": 0.0,
        "regularFeeAmount": 0.0,
        "maxFeeAmount": 0.0,
        "maxDisbursementFee": 0.0,
        "txnAmountIfmaxWithdrawFeeApplied": 0.0,
        "txnAmountIfmaxDisburseFeeApplied": 0.0
    },
    "txnTime": "03-07-20 16:26:25",
    "trnxCode": 1202,
    "feeDirection": "T",
    "statusStr": "PROCESSED",
    "payForSMSHeader": "TB3 SureCash"
}
[status:PROCESSED, msg:, trnxId:T300000197033,T400000078749, smsHeader:, payFor:null, message:null, description:null, incentiveStatus:null, incentiveStatusDesc:null, interBankDistrCommRate:null, walletNumber:null, fromSMSHeader:TB3 SureCash, toSMSHeader:TB4 SureCash, balanceFrom:14237.6, balanceTo:-1.0, smsFromAc:16:26 03-Jul-20
Payment Successful.
To: wwe
Amt: Tk 700.00
TXN ID: T400000078749
Bal: Tk 14,237.60, smsToAc:16:26 03-Jul-20
Payment Received.
From: 015039022346
Amt: Tk 700.00
TXN ID: T400000078749
, smsToExternalCustomer:N/A, fromAccount:015039022346, toAccount:015000000331, externalCustomer:null, bankName:TB3, ibfee:null, fee:0.0, commission:-1.0, cbsBalance:-1.0, ticket:N/A, traceNo:TB4[N/A], fromAccountType:UNKNOWN_ACCOUNT_TYPE, toAccountType:UNKNOWN_ACCOUNT_TYPE, ibFeeCr:5.188675333333333, ibFeeDr:null, disbursementMaxFee:null, trnxAmount:700, disbursementInfo:[serviceFeeAmount:0.0, amountFromDisbursement:0.0, amountFromGeneralTxn:0.0, amountFromStipend:0.0, regularFeeAmount:0.0, maxFeeAmount:0.0, maxDisbursementFee:0.0, txnAmountIfmaxWithdrawFeeApplied:0.0, txnAmountIfmaxDisburseFeeApplied:0.0], txnTime:03-07-20 16:26:25, trnxCode:1202, feeDirection:T, statusStr:PROCESSED, payForSMSHeader:TB3 SureCash]request: null
response: {
    "status": "PROCESSED",
    "msg": "",
    "trnxId": "T300000197035,T400000078754",
    "smsHeader": "",
    "payFor": null,
    "message": null,
    "description": null,
    "incentiveStatus": null,
    "incentiveStatusDesc": null,
    "interBankDistrCommRate": null,
    "walletNumber": null,
    "fromSMSHeader": "TB3 SureCash",
    "toSMSHeader": "TB4 SureCash",
    "balanceFrom": 10987.6,
    "balanceTo": -1.0,
    "smsFromAc": "16:26 03-Jul-20\nPayment Successful.\nTo: wwe\nAmt: Tk 3,250.00\nTXN ID: T400000078754\nBal: Tk 10,987.60",
    "smsToAc": "16:26 03-Jul-20\nPayment Received.\nFrom: 015039022346\nAmt: Tk 3,250.00\nTXN ID: T400000078754\n",
    "smsToExternalCustomer": "N/A",
    "fromAccount": "015039022346",
    "toAccount": "015000000331",
    "externalCustomer": null,
    "bankName": "TB3",
    "ibfee": null,
    "fee": 0.0,
    "commission": -1.0,
    "cbsBalance": -1.0,
    "ticket": "N/A",
    "traceNo": "TB4[N/A]",
    "fromAccountType": "UNKNOWN_ACCOUNT_TYPE",
    "toAccountType": "UNKNOWN_ACCOUNT_TYPE",
    "ibFeeCr": 19.565225,
    "ibFeeDr": null,
    "disbursementMaxFee": null,
    "trnxAmount": 3250,
    "disbursementInfo": {
        "serviceFeeAmount": 0.0,
        "amountFromDisbursement": 0.0,
        "amountFromGeneralTxn": 0.0,
        "amountFromStipend": 0.0,
        "regularFeeAmount": 0.0,
        "maxFeeAmount": 0.0,
        "maxDisbursementFee": 0.0,
        "txnAmountIfmaxWithdrawFeeApplied": 0.0,
        "txnAmountIfmaxDisburseFeeApplied": 0.0
    },
    "txnTime": "03-07-20 16:26:34",
    "trnxCode": 1202,
    "feeDirection": "T",
    "statusStr": "PROCESSED",
    "payForSMSHeader": "TB3 SureCash"
}
[status:PROCESSED, msg:, trnxId:T300000197035,T400000078754, smsHeader:, payFor:null, message:null, description:null, incentiveStatus:null, incentiveStatusDesc:null, interBankDistrCommRate:null, walletNumber:null, fromSMSHeader:TB3 SureCash, toSMSHeader:TB4 SureCash, balanceFrom:10987.6, balanceTo:-1.0, smsFromAc:16:26 03-Jul-20
Payment Successful.
To: wwe
Amt: Tk 3,250.00
TXN ID: T400000078754
Bal: Tk 10,987.60, smsToAc:16:26 03-Jul-20
Payment Received.
From: 015039022346
Amt: Tk 3,250.00
TXN ID: T400000078754
, smsToExternalCustomer:N/A, fromAccount:015039022346, toAccount:015000000331, externalCustomer:null, bankName:TB3, ibfee:null, fee:0.0, commission:-1.0, cbsBalance:-1.0, ticket:N/A, traceNo:TB4[N/A], fromAccountType:UNKNOWN_ACCOUNT_TYPE, toAccountType:UNKNOWN_ACCOUNT_TYPE, ibFeeCr:19.565225, ibFeeDr:null, disbursementMaxFee:null, trnxAmount:3250, disbursementInfo:[serviceFeeAmount:0.0, amountFromDisbursement:0.0, amountFromGeneralTxn:0.0, amountFromStipend:0.0, regularFeeAmount:0.0, maxFeeAmount:0.0, maxDisbursementFee:0.0, txnAmountIfmaxWithdrawFeeApplied:0.0, txnAmountIfmaxDisburseFeeApplied:0.0], txnTime:03-07-20 16:26:34, trnxCode:1202, feeDirection:T, statusStr:PROCESSED, payForSMSHeader:TB3 SureCash]request: null
response: {
    "status": "PROCESSED",
    "msg": "",
    "trnxId": "T300000197037",
    "smsHeader": "tb3 SureCash\n",
    "payFor": null,
    "message": null,
    "description": null,
    "incentiveStatus": null,
    "incentiveStatusDesc": null,
    "interBankDistrCommRate": null,
    "walletNumber": null,
    "fromSMSHeader": "TB3 SureCash",
    "toSMSHeader": "TB3 SureCash",
    "balanceFrom": 46058.6724,
    "balanceTo": -1.0,
    "smsFromAc": "03-Jul-20 16:26\nPayment Successful.\nTo: TB3L\nAmt: Tk 25.00\nTXN ID: T300000197037\nCust: 01689148320\nBal: Tk 46,058.67",
    "smsToAc": "03-Jul-20 16:26\nPayment Received.\nFrom: 015061919070\nAmt: Tk 25.00\nFee: Tk 0.00\nCust: 01689148320\nTXN ID: T300000197037\n",
    "smsToExternalCustomer": "03-Jul-20 16:26\nPayment Successful.\nTo: TB3L\nAmt: Tk 25.00\nAgent: 015061919070\nTXN ID: T300000197037\nPlease pay Tk 25.00",
    "fromAccount": "015061919070",
    "toAccount": "016314347519",
    "externalCustomer": "01689148320",
    "bankName": "tb3",
    "ibfee": null,
    "fee": 0.0,
    "commission": 0.108749304,
    "cbsBalance": -1.0,
    "ticket": "N/A",
    "traceNo": "N/A",
    "fromAccountType": "AGENT",
    "toAccountType": "MERCHANT",
    "ibFeeCr": null,
    "ibFeeDr": null,
    "disbursementMaxFee": null,
    "trnxAmount": 25.0,
    "disbursementInfo": null,
    "txnTime": "03-07-20 16:26:37",
    "trnxCode": 107,
    "feeDirection": "T",
    "statusStr": "PROCESSED",
    "payForSMSHeader": null
}
[status:PROCESSED, msg:, trnxId:T300000197037, smsHeader:tb3 SureCash
, payFor:null, message:null, description:null, incentiveStatus:null, incentiveStatusDesc:null, interBankDistrCommRate:null, walletNumber:null, fromSMSHeader:TB3 SureCash, toSMSHeader:TB3 SureCash, balanceFrom:46058.6724, balanceTo:-1.0, smsFromAc:03-Jul-20 16:26
Payment Successful.
To: TB3L
Amt: Tk 25.00
TXN ID: T300000197037
Cust: 01689148320
Bal: Tk 46,058.67, smsToAc:03-Jul-20 16:26
Payment Received.
From: 015061919070
Amt: Tk 25.00
Fee: Tk 0.00
Cust: 01689148320
TXN ID: T300000197037
, smsToExternalCustomer:03-Jul-20 16:26
Payment Successful.
To: TB3L
Amt: Tk 25.00
Agent: 015061919070
TXN ID: T300000197037
Please pay Tk 25.00, fromAccount:015061919070, toAccount:016314347519, externalCustomer:01689148320, bankName:tb3, ibfee:null, fee:0.0, commission:0.108749304, cbsBalance:-1.0, ticket:N/A, traceNo:N/A, fromAccountType:AGENT, toAccountType:MERCHANT, ibFeeCr:null, ibFeeDr:null, disbursementMaxFee:null, trnxAmount:25.0, disbursementInfo:null, txnTime:03-07-20 16:26:37, trnxCode:107, feeDirection:T, statusStr:PROCESSED, payForSMSHeader:null]request: null
response: {
    "status": "PROCESSED",
    "msg": "",
    "trnxId": "T400000078759,T300000197039",
    "smsHeader": "",
    "payFor": null,
    "message": null,
    "description": null,
    "incentiveStatus": null,
    "incentiveStatusDesc": null,
    "interBankDistrCommRate": null,
    "walletNumber": null,
    "fromSMSHeader": "TB4 SureCash",
    "toSMSHeader": "TB3 SureCash",
    "balanceFrom": 71697.7219,
    "balanceTo": -1.0,
    "smsFromAc": "03-Jul-20 16:26\nPayment Successful.\nTo: TB3L\nAmt: Tk 50.00\nTXN ID: T300000197039\nCust: 01689148320\nBal: Tk 71,697.72",
    "smsToAc": "03-Jul-20 16:26\nPayment Received.\nFrom: 017158649370\nAmt: Tk 50.00\nCust: 01689148320\nTXN ID: T300000197039\n",
    "smsToExternalCustomer": "03-Jul-20 16:26\nPayment Successful.\nTo: TB3L\nAmt: Tk 50.00\nAgent: 015045042825\nTXN ID: T300000197039\nPlease pay Tk 50.00",
    "fromAccount": "015045042825",
    "toAccount": "016314347519",
    "externalCustomer": "01689148320",
    "bankName": "TB4",
    "ibfee": null,
    "fee": 0.0,
    "commission": -1.0,
    "cbsBalance": -1.0,
    "ticket": "N/A",
    "traceNo": "TB3[N/A]",
    "fromAccountType": "UNKNOWN_ACCOUNT_TYPE",
    "toAccountType": "UNKNOWN_ACCOUNT_TYPE",
    "ibFeeCr": null,
    "ibFeeDr": null,
    "disbursementMaxFee": null,
    "trnxAmount": 50,
    "disbursementInfo": null,
    "txnTime": "03-07-20 16:26:38",
    "trnxCode": 107,
    "feeDirection": "T",
    "statusStr": "PROCESSED",
    "payForSMSHeader": "TB4 SureCash"
}
[status:PROCESSED, msg:, trnxId:T400000078759,T300000197039, smsHeader:, payFor:null, message:null, description:null, incentiveStatus:null, incentiveStatusDesc:null, interBankDistrCommRate:null, walletNumber:null, fromSMSHeader:TB4 SureCash, toSMSHeader:TB3 SureCash, balanceFrom:71697.7219, balanceTo:-1.0, smsFromAc:03-Jul-20 16:26
Payment Successful.
To: TB3L
Amt: Tk 50.00
TXN ID: T300000197039
Cust: 01689148320
Bal: Tk 71,697.72, smsToAc:03-Jul-20 16:26
Payment Received.
From: 017158649370
Amt: Tk 50.00
Cust: 01689148320
TXN ID: T300000197039
, smsToExternalCustomer:03-Jul-20 16:26
Payment Successful.
To: TB3L
Amt: Tk 50.00
Agent: 015045042825
TXN ID: T300000197039
Please pay Tk 50.00, fromAccount:015045042825, toAccount:016314347519, externalCustomer:01689148320, bankName:TB4, ibfee:null, fee:0.0, commission:-1.0, cbsBalance:-1.0, ticket:N/A, traceNo:TB3[N/A], fromAccountType:UNKNOWN_ACCOUNT_TYPE, toAccountType:UNKNOWN_ACCOUNT_TYPE, ibFeeCr:null, ibFeeDr:null, disbursementMaxFee:null, trnxAmount:50, disbursementInfo:null, txnTime:03-07-20 16:26:38, trnxCode:107, feeDirection:T, statusStr:PROCESSED, payForSMSHeader:TB4 SureCash]request: null
response: {
    "status": "PROCESSED",
    "msg": "",
    "trnxId": "T400000078761,T300000197040",
    "smsHeader": "",
    "payFor": null,
    "message": null,
    "description": null,
    "incentiveStatus": null,
    "incentiveStatusDesc": null,
    "interBankDistrCommRate": 0.05259,
    "walletNumber": null,
    "fromSMSHeader": "TB4 SureCash",
    "toSMSHeader": "TB3 SureCash",
    "balanceFrom": 1476.3862,
    "balanceTo": -1.0,
    "smsFromAc": "03-Jul-20 16:26\nPayment Successful.\nTo: TB3L\nAmt: Tk 30.00\nTXN ID: T300000197040\nCust: 01689148320\nBal: Tk 1,476.39",
    "smsToAc": "03-Jul-20 16:26\nPayment Received.\nFrom: 017158649370\nAmt: Tk 30.00\nCust: 01689148320\nTXN ID: T300000197040\n",
    "smsToExternalCustomer": "03-Jul-20 16:26\nPayment Successful.\nTo: TB3L\nAmt: Tk 30.00\nAgent: 015028408282\nTXN ID: T300000197040\nPlease pay Tk 30.00",
    "fromAccount": "015028408282",
    "toAccount": "016314347519",
    "externalCustomer": "01689148320",
    "bankName": "TB4",
    "ibfee": null,
    "fee": 0.0,
    "commission": -1.0,
    "cbsBalance": -1.0,
    "ticket": "N/A",
    "traceNo": "TB3[N/A]",
    "fromAccountType": "UNKNOWN_ACCOUNT_TYPE",
    "toAccountType": "UNKNOWN_ACCOUNT_TYPE",
    "ibFeeCr": null,
    "ibFeeDr": null,
    "disbursementMaxFee": null,
    "trnxAmount": 30,
    "disbursementInfo": null,
    "txnTime": "03-07-20 16:26:39",
    "trnxCode": 107,
    "feeDirection": "T",
    "statusStr": "PROCESSED",
    "payForSMSHeader": "TB4 SureCash"
}
[status:PROCESSED, msg:, trnxId:T400000078761,T300000197040, smsHeader:, payFor:null, message:null, description:null, incentiveStatus:null, incentiveStatusDesc:null, interBankDistrCommRate:0.05259, walletNumber:null, fromSMSHeader:TB4 SureCash, toSMSHeader:TB3 SureCash, balanceFrom:1476.3862, balanceTo:-1.0, smsFromAc:03-Jul-20 16:26
Payment Successful.
To: TB3L
Amt: Tk 30.00
TXN ID: T300000197040
Cust: 01689148320
Bal: Tk 1,476.39, smsToAc:03-Jul-20 16:26
Payment Received.
From: 017158649370
Amt: Tk 30.00
Cust: 01689148320
TXN ID: T300000197040
, smsToExternalCustomer:03-Jul-20 16:26
Payment Successful.
To: TB3L
Amt: Tk 30.00
Agent: 015028408282
TXN ID: T300000197040
Please pay Tk 30.00, fromAccount:015028408282, toAccount:016314347519, externalCustomer:01689148320, bankName:TB4, ibfee:null, fee:0.0, commission:-1.0, cbsBalance:-1.0, ticket:N/A, traceNo:TB3[N/A], fromAccountType:UNKNOWN_ACCOUNT_TYPE, toAccountType:UNKNOWN_ACCOUNT_TYPE, ibFeeCr:null, ibFeeDr:null, disbursementMaxFee:null, trnxAmount:30, disbursementInfo:null, txnTime:03-07-20 16:26:39, trnxCode:107, feeDirection:T, statusStr:PROCESSED, payForSMSHeader:TB4 SureCash]request: null
response: {
    "status": "PROCESSED",
    "msg": "",
    "trnxId": "T300000197041,T400000078763",
    "smsHeader": "",
    "payFor": null,
    "message": null,
    "description": null,
    "incentiveStatus": null,
    "incentiveStatusDesc": null,
    "interBankDistrCommRate": null,
    "walletNumber": null,
    "fromSMSHeader": "TB3 SureCash",
    "toSMSHeader": "TB4 SureCash",
    "balanceFrom": 46001.342,
    "balanceTo": -1.0,
    "smsFromAc": "03-Jul-20 16:26\nPayment Successful.\nTo: pptt\nAmt: Tk 55.00\nFee: Tk 4.00\nTXN ID: T400000078763\nCust: 01689148320\nBal: Tk 46,001.34",
    "smsToAc": "03-Jul-20 16:26\nPayment Received.\nFrom: 017158649372\nAmt: Tk 55.00\nCust: 01689148320\nTXN ID: T400000078763\n",
    "smsToExternalCustomer": "03-Jul-20 16:26\nPayment Successful.\nTo: pptt\nAmt: Tk 55.00\nFee: Tk 4.00\nAgent: 015061919070\nTXN ID: T400000078763\nPlease pay Tk 59.00",
    "fromAccount": "015061919070",
    "toAccount": "015802951618",
    "externalCustomer": "01689148320",
    "bankName": "TB3",
    "ibfee": null,
    "fee": 4.0,
    "commission": -1.0,
    "cbsBalance": -1.0,
    "ticket": "N/A",
    "traceNo": "TB4[N/A]",
    "fromAccountType": "UNKNOWN_ACCOUNT_TYPE",
    "toAccountType": "UNKNOWN_ACCOUNT_TYPE",
    "ibFeeCr": null,
    "ibFeeDr": 0.1654786666666667,
    "disbursementMaxFee": null,
    "trnxAmount": 55,
    "disbursementInfo": null,
    "txnTime": "03-07-20 16:26:40",
    "trnxCode": 107,
    "feeDirection": "F",
    "statusStr": "PROCESSED",
    "payForSMSHeader": "TB3 SureCash"
}
[status:PROCESSED, msg:, trnxId:T300000197041,T400000078763, smsHeader:, payFor:null, message:null, description:null, incentiveStatus:null, incentiveStatusDesc:null, interBankDistrCommRate:null, walletNumber:null, fromSMSHeader:TB3 SureCash, toSMSHeader:TB4 SureCash, balanceFrom:46001.342, balanceTo:-1.0, smsFromAc:03-Jul-20 16:26
Payment Successful.
To: pptt
Amt: Tk 55.00
Fee: Tk 4.00
TXN ID: T400000078763
Cust: 01689148320
Bal: Tk 46,001.34, smsToAc:03-Jul-20 16:26
Payment Received.
From: 017158649372
Amt: Tk 55.00
Cust: 01689148320
TXN ID: T400000078763
, smsToExternalCustomer:03-Jul-20 16:26
Payment Successful.
To: pptt
Amt: Tk 55.00
Fee: Tk 4.00
Agent: 015061919070
TXN ID: T400000078763
Please pay Tk 59.00, fromAccount:015061919070, toAccount:015802951618, externalCustomer:01689148320, bankName:TB3, ibfee:null, fee:4.0, commission:-1.0, cbsBalance:-1.0, ticket:N/A, traceNo:TB4[N/A], fromAccountType:UNKNOWN_ACCOUNT_TYPE, toAccountType:UNKNOWN_ACCOUNT_TYPE, ibFeeCr:null, ibFeeDr:0.1654786666666667, disbursementMaxFee:null, trnxAmount:55, disbursementInfo:null, txnTime:03-07-20 16:26:40, trnxCode:107, feeDirection:F, statusStr:PROCESSED, payForSMSHeader:TB3 SureCash]request: null
response: {
    "status": "PROCESSED",
    "msg": "",
    "trnxId": "T300000197047,T400000078765",
    "smsHeader": "",
    "payFor": null,
    "message": null,
    "description": null,
    "incentiveStatus": null,
    "incentiveStatusDesc": null,
    "interBankDistrCommRate": null,
    "walletNumber": null,
    "fromSMSHeader": "TB3 SureCash",
    "toSMSHeader": "TB4 SureCash",
    "balanceFrom": 45146.3899,
    "balanceTo": -1.0,
    "smsFromAc": "03-Jul-20 16:26\nPayment Successful.\nTo: pptt\nAmt: Tk 850.00\nFee: Tk 8.50\nTXN ID: T400000078765\nCust: 01689148320\nBal: Tk 45,146.39",
    "smsToAc": "03-Jul-20 16:26\nPayment Received.\nFrom: 017158649372\nAmt: Tk 850.00\nCust: 01689148320\nTXN ID: T400000078765\n",
    "smsToExternalCustomer": "03-Jul-20 16:26\nPayment Successful.\nTo: pptt\nAmt: Tk 850.00\nFee: Tk 8.50\nAgent: 015061919070\nTXN ID: T400000078765\nPlease pay Tk 858.50",
    "fromAccount": "015061919070",
    "toAccount": "015802951618",
    "externalCustomer": "01689148320",
    "bankName": "TB3",
    "ibfee": null,
    "fee": 8.5,
    "commission": -1.0,
    "cbsBalance": -1.0,
    "ticket": "N/A",
    "traceNo": "TB4[N/A]",
    "fromAccountType": "UNKNOWN_ACCOUNT_TYPE",
    "toAccountType": "UNKNOWN_ACCOUNT_TYPE",
    "ibFeeCr": null,
    "ibFeeDr": 0.3516421666666667,
    "disbursementMaxFee": null,
    "trnxAmount": 850,
    "disbursementInfo": null,
    "txnTime": "03-07-20 16:26:46",
    "trnxCode": 107,
    "feeDirection": "F",
    "statusStr": "PROCESSED",
    "payForSMSHeader": "TB3 SureCash"
}
[status:PROCESSED, msg:, trnxId:T300000197047,T400000078765, smsHeader:, payFor:null, message:null, description:null, incentiveStatus:null, incentiveStatusDesc:null, interBankDistrCommRate:null, walletNumber:null, fromSMSHeader:TB3 SureCash, toSMSHeader:TB4 SureCash, balanceFrom:45146.3899, balanceTo:-1.0, smsFromAc:03-Jul-20 16:26
Payment Successful.
To: pptt
Amt: Tk 850.00
Fee: Tk 8.50
TXN ID: T400000078765
Cust: 01689148320
Bal: Tk 45,146.39, smsToAc:03-Jul-20 16:26
Payment Received.
From: 017158649372
Amt: Tk 850.00
Cust: 01689148320
TXN ID: T400000078765
, smsToExternalCustomer:03-Jul-20 16:26
Payment Successful.
To: pptt
Amt: Tk 850.00
Fee: Tk 8.50
Agent: 015061919070
TXN ID: T400000078765
Please pay Tk 858.50, fromAccount:015061919070, toAccount:015802951618, externalCustomer:01689148320, bankName:TB3, ibfee:null, fee:8.5, commission:-1.0, cbsBalance:-1.0, ticket:N/A, traceNo:TB4[N/A], fromAccountType:UNKNOWN_ACCOUNT_TYPE, toAccountType:UNKNOWN_ACCOUNT_TYPE, ibFeeCr:null, ibFeeDr:0.3516421666666667, disbursementMaxFee:null, trnxAmount:850, disbursementInfo:null, txnTime:03-07-20 16:26:46, trnxCode:107, feeDirection:F, statusStr:PROCESSED, payForSMSHeader:TB3 SureCash]request: null
response: {
    "status": "PROCESSED",
    "msg": "",
    "trnxId": "T300000197053,T400000078767",
    "smsHeader": "",
    "payFor": null,
    "message": null,
    "description": null,
    "incentiveStatus": null,
    "incentiveStatusDesc": null,
    "interBankDistrCommRate": null,
    "walletNumber": null,
    "fromSMSHeader": "TB3 SureCash",
    "toSMSHeader": "TB4 SureCash",
    "balanceFrom": 41628.9119,
    "balanceTo": -1.0,
    "smsFromAc": "03-Jul-20 16:26\nPayment Successful.\nTo: pptt\nAmt: Tk 3,500.00\nFee: Tk 30.00\nTXN ID: T400000078767\nCust: 01689148320\nBal: Tk 41,628.91",
    "smsToAc": "03-Jul-20 16:26\nPayment Received.\nFrom: 017158649372\nAmt: Tk 3,500.00\nCust: 01689148320\nTXN ID: T400000078767\n",
    "smsToExternalCustomer": "03-Jul-20 16:26\nPayment Successful.\nTo: pptt\nAmt: Tk 3,500.00\nFee: Tk 30.00\nAgent: 015061919070\nTXN ID: T400000078767\nPlease pay Tk 3,530.00",
    "fromAccount": "015061919070",
    "toAccount": "015802951618",
    "externalCustomer": "01689148320",
    "bankName": "TB3",
    "ibfee": null,
    "fee": 30.0,
    "commission": -1.0,
    "cbsBalance": -1.0,
    "ticket": "N/A",
    "traceNo": "TB4[N/A]",
    "fromAccountType": "UNKNOWN_ACCOUNT_TYPE",
    "toAccountType": "UNKNOWN_ACCOUNT_TYPE",
    "ibFeeCr": null,
    "ibFeeDr": 1.24109,
    "disbursementMaxFee": null,
    "trnxAmount": 3500,
    "disbursementInfo": null,
    "txnTime": "03-07-20 16:26:55",
    "trnxCode": 107,
    "feeDirection": "F",
    "statusStr": "PROCESSED",
    "payForSMSHeader": "TB3 SureCash"
}
[status:PROCESSED, msg:, trnxId:T300000197053,T400000078767, smsHeader:, payFor:null, message:null, description:null, incentiveStatus:null, incentiveStatusDesc:null, interBankDistrCommRate:null, walletNumber:null, fromSMSHeader:TB3 SureCash, toSMSHeader:TB4 SureCash, balanceFrom:41628.9119, balanceTo:-1.0, smsFromAc:03-Jul-20 16:26
Payment Successful.
To: pptt
Amt: Tk 3,500.00
Fee: Tk 30.00
TXN ID: T400000078767
Cust: 01689148320
Bal: Tk 41,628.91, smsToAc:03-Jul-20 16:26
Payment Received.
From: 017158649372
Amt: Tk 3,500.00
Cust: 01689148320
TXN ID: T400000078767
, smsToExternalCustomer:03-Jul-20 16:26
Payment Successful.
To: pptt
Amt: Tk 3,500.00
Fee: Tk 30.00
Agent: 015061919070
TXN ID: T400000078767
Please pay Tk 3,530.00, fromAccount:015061919070, toAccount:015802951618, externalCustomer:01689148320, bankName:TB3, ibfee:null, fee:30.0, commission:-1.0, cbsBalance:-1.0, ticket:N/A, traceNo:TB4[N/A], fromAccountType:UNKNOWN_ACCOUNT_TYPE, toAccountType:UNKNOWN_ACCOUNT_TYPE, ibFeeCr:null, ibFeeDr:1.24109, disbursementMaxFee:null, trnxAmount:3500, disbursementInfo:null, txnTime:03-07-20 16:26:55, trnxCode:107, feeDirection:F, statusStr:PROCESSED, payForSMSHeader:TB3 SureCash]request: null
response: {
    "status": "PROCESSED",
    "msg": "",
    "trnxId": "T400000078769",
    "smsHeader": "tb4 SureCash\n",
    "payFor": null,
    "message": null,
    "description": null,
    "incentiveStatus": null,
    "incentiveStatusDesc": null,
    "interBankDistrCommRate": null,
    "walletNumber": null,
    "fromSMSHeader": "TB4 SureCash",
    "toSMSHeader": "TB4 SureCash",
    "balanceFrom": 71615.3915,
    "balanceTo": -1.0,
    "smsFromAc": "03-Jul-20 16:26\nPayment Successful.\nTo: pptt\nAmt: Tk 80.00\nFee: Tk 4.00\nTXN ID: T400000078769\nCust: 01689148320\nBal: Tk 71,615.39",
    "smsToAc": "03-Jul-20 16:26\nPayment Received.\nFrom: 015045042825\nAmt: Tk 80.00\nFee: Tk 4.00\nCust: 01689148320\nTXN ID: T400000078769\n",
    "smsToExternalCustomer": "03-Jul-20 16:26\nPayment Successful.\nTo: pptt\nAmt: Tk 80.00\nFee: Tk 4.00\nAgent: 015045042825\nTXN ID: T400000078769\nPlease pay Tk 84.00",
    "fromAccount": "015045042825",
    "toAccount": "015802951618",
    "externalCustomer": "01689148320",
    "bankName": "tb4",
    "ibfee": null,
    "fee": 4.0,
    "commission": 1.739155536,
    "cbsBalance": -1.0,
    "ticket": "N/A",
    "traceNo": "N/A",
    "fromAccountType": "AGENT",
    "toAccountType": "MERCHANT",
    "ibFeeCr": null,
    "ibFeeDr": null,
    "disbursementMaxFee": null,
    "trnxAmount": 80.0,
    "disbursementInfo": null,
    "txnTime": "03-07-20 16:26:59",
    "trnxCode": 107,
    "feeDirection": "F",
    "statusStr": "PROCESSED",
    "payForSMSHeader": null
}
[status:PROCESSED, msg:, trnxId:T400000078769, smsHeader:tb4 SureCash
, payFor:null, message:null, description:null, incentiveStatus:null, incentiveStatusDesc:null, interBankDistrCommRate:null, walletNumber:null, fromSMSHeader:TB4 SureCash, toSMSHeader:TB4 SureCash, balanceFrom:71615.3915, balanceTo:-1.0, smsFromAc:03-Jul-20 16:26
Payment Successful.
To: pptt
Amt: Tk 80.00
Fee: Tk 4.00
TXN ID: T400000078769
Cust: 01689148320
Bal: Tk 71,615.39, smsToAc:03-Jul-20 16:26
Payment Received.
From: 015045042825
Amt: Tk 80.00
Fee: Tk 4.00
Cust: 01689148320
TXN ID: T400000078769
, smsToExternalCustomer:03-Jul-20 16:26
Payment Successful.
To: pptt
Amt: Tk 80.00
Fee: Tk 4.00
Agent: 015045042825
TXN ID: T400000078769
Please pay Tk 84.00, fromAccount:015045042825, toAccount:015802951618, externalCustomer:01689148320, bankName:tb4, ibfee:null, fee:4.0, commission:1.739155536, cbsBalance:-1.0, ticket:N/A, traceNo:N/A, fromAccountType:AGENT, toAccountType:MERCHANT, ibFeeCr:null, ibFeeDr:null, disbursementMaxFee:null, trnxAmount:80.0, disbursementInfo:null, txnTime:03-07-20 16:26:59, trnxCode:107, feeDirection:F, statusStr:PROCESSED, payForSMSHeader:null]request: null
response: {
    "status": "PROCESSED",
    "msg": "",
    "trnxId": "T400000078772",
    "smsHeader": "tb4 SureCash\n",
    "payFor": null,
    "message": null,
    "description": null,
    "incentiveStatus": null,
    "incentiveStatusDesc": null,
    "interBankDistrCommRate": 1.0518,
    "walletNumber": null,
    "fromSMSHeader": "TB4 SureCash",
    "toSMSHeader": "TB4 SureCash",
    "balanceFrom": 872.8906,
    "balanceTo": -1.0,
    "smsFromAc": "03-Jul-20 16:27\nPayment Successful.\nTo: pptt\nAmt: Tk 600.00\nFee: Tk 6.00\nTXN ID: T400000078772\nCust: 01689148320\nBal: Tk 872.89",
    "smsToAc": "03-Jul-20 16:27\nPayment Received.\nFrom: 015028408282\nAmt: Tk 600.00\nFee: Tk 6.00\nCust: 01689148320\nTXN ID: T400000078772\n",
    "smsToExternalCustomer": "03-Jul-20 16:27\nPayment Successful.\nTo: pptt\nAmt: Tk 600.00\nFee: Tk 6.00\nAgent: 015028408282\nTXN ID: T400000078772\nPlease pay Tk 606.00",
    "fromAccount": "015028408282",
    "toAccount": "015802951618",
    "externalCustomer": "01689148320",
    "bankName": "tb4",
    "ibfee": null,
    "fee": 6.0,
    "commission": 2.6087333040000003,
    "cbsBalance": -1.0,
    "ticket": "N/A",
    "traceNo": "N/A",
    "fromAccountType": "AGENT",
    "toAccountType": "MERCHANT",
    "ibFeeCr": null,
    "ibFeeDr": null,
    "disbursementMaxFee": null,
    "trnxAmount": 600.0,
    "disbursementInfo": null,
    "txnTime": "03-07-20 16:27:00",
    "trnxCode": 107,
    "feeDirection": "F",
    "statusStr": "PROCESSED",
    "payForSMSHeader": null
}
[status:PROCESSED, msg:, trnxId:T400000078772, smsHeader:tb4 SureCash
, payFor:null, message:null, description:null, incentiveStatus:null, incentiveStatusDesc:null, interBankDistrCommRate:1.0518, walletNumber:null, fromSMSHeader:TB4 SureCash, toSMSHeader:TB4 SureCash, balanceFrom:872.8906, balanceTo:-1.0, smsFromAc:03-Jul-20 16:27
Payment Successful.
To: pptt
Amt: Tk 600.00
Fee: Tk 6.00
TXN ID: T400000078772
Cust: 01689148320
Bal: Tk 872.89, smsToAc:03-Jul-20 16:27
Payment Received.
From: 015028408282
Amt: Tk 600.00
Fee: Tk 6.00
Cust: 01689148320
TXN ID: T400000078772
, smsToExternalCustomer:03-Jul-20 16:27
Payment Successful.
To: pptt
Amt: Tk 600.00
Fee: Tk 6.00
Agent: 015028408282
TXN ID: T400000078772
Please pay Tk 606.00, fromAccount:015028408282, toAccount:015802951618, externalCustomer:01689148320, bankName:tb4, ibfee:null, fee:6.0, commission:2.6087333040000003, cbsBalance:-1.0, ticket:N/A, traceNo:N/A, fromAccountType:AGENT, toAccountType:MERCHANT, ibFeeCr:null, ibFeeDr:null, disbursementMaxFee:null, trnxAmount:600.0, disbursementInfo:null, txnTime:03-07-20 16:27:00, trnxCode:107, feeDirection:F, statusStr:PROCESSED, payForSMSHeader:null]request: null
response: {
    "status": "PROCESSED",
    "msg": "",
    "trnxId": "T300000197059,T400000078775",
    "smsHeader": "",
    "payFor": null,
    "message": null,
    "description": null,
    "incentiveStatus": null,
    "incentiveStatusDesc": null,
    "interBankDistrCommRate": null,
    "walletNumber": null,
    "fromSMSHeader": "TB3 SureCash",
    "toSMSHeader": "TB4 SureCash",
    "balanceFrom": 41610.5815,
    "balanceTo": -1.0,
    "smsFromAc": "03-Jul-20 16:27\nPayment Successful.\nTo: wwe\nAmt: Tk 20.00\nTXN ID: T400000078775\nCust: 01689148320\nBal: Tk 41,610.58",
    "smsToAc": "03-Jul-20 16:27\nPayment Received.\nFrom: 017158649372\nAmt: Tk 20.00\nFee: Tk 4.00\nCust: 01689148320\nTXN ID: T400000078775\n",
    "smsToExternalCustomer": "03-Jul-20 16:27\nPayment Successful.\nTo: wwe\nAmt: Tk 20.00\nAgent: 015061919070\nTXN ID: T400000078775\nPlease pay Tk 20.00",
    "fromAccount": "015061919070",
    "toAccount": "015000000331",
    "externalCustomer": "01689148320",
    "bankName": "TB3",
    "ibfee": null,
    "fee": 0.0,
    "commission": -1.0,
    "cbsBalance": -1.0,
    "ticket": "N/A",
    "traceNo": "TB4[N/A]",
    "fromAccountType": "UNKNOWN_ACCOUNT_TYPE",
    "toAccountType": "UNKNOWN_ACCOUNT_TYPE",
    "ibFeeCr": 2.9649573333333334,
    "ibFeeDr": null,
    "disbursementMaxFee": null,
    "trnxAmount": 20,
    "disbursementInfo": null,
    "txnTime": "03-07-20 16:27:00",
    "trnxCode": 107,
    "feeDirection": "T",
    "statusStr": "PROCESSED",
    "payForSMSHeader": "TB3 SureCash"
}
[status:PROCESSED, msg:, trnxId:T300000197059,T400000078775, smsHeader:, payFor:null, message:null, description:null, incentiveStatus:null, incentiveStatusDesc:null, interBankDistrCommRate:null, walletNumber:null, fromSMSHeader:TB3 SureCash, toSMSHeader:TB4 SureCash, balanceFrom:41610.5815, balanceTo:-1.0, smsFromAc:03-Jul-20 16:27
Payment Successful.
To: wwe
Amt: Tk 20.00
TXN ID: T400000078775
Cust: 01689148320
Bal: Tk 41,610.58, smsToAc:03-Jul-20 16:27
Payment Received.
From: 017158649372
Amt: Tk 20.00
Fee: Tk 4.00
Cust: 01689148320
TXN ID: T400000078775
, smsToExternalCustomer:03-Jul-20 16:27
Payment Successful.
To: wwe
Amt: Tk 20.00
Agent: 015061919070
TXN ID: T400000078775
Please pay Tk 20.00, fromAccount:015061919070, toAccount:015000000331, externalCustomer:01689148320, bankName:TB3, ibfee:null, fee:0.0, commission:-1.0, cbsBalance:-1.0, ticket:N/A, traceNo:TB4[N/A], fromAccountType:UNKNOWN_ACCOUNT_TYPE, toAccountType:UNKNOWN_ACCOUNT_TYPE, ibFeeCr:2.9649573333333334, ibFeeDr:null, disbursementMaxFee:null, trnxAmount:20, disbursementInfo:null, txnTime:03-07-20 16:27:00, trnxCode:107, feeDirection:T, statusStr:PROCESSED, payForSMSHeader:TB3 SureCash]request: null
response: {
    "status": "PROCESSED",
    "msg": "",
    "trnxId": "T300000197062,T400000078778",
    "smsHeader": "",
    "payFor": null,
    "message": null,
    "description": null,
    "incentiveStatus": null,
    "incentiveStatusDesc": null,
    "interBankDistrCommRate": null,
    "walletNumber": null,
    "fromSMSHeader": "TB3 SureCash",
    "toSMSHeader": "TB4 SureCash",
    "balanceFrom": 40963.2946,
    "balanceTo": -1.0,
    "smsFromAc": "03-Jul-20 16:27\nPayment Successful.\nTo: wwe\nAmt: Tk 650.00\nTXN ID: T400000078778\nCust: 01689148320\nBal: Tk 40,963.29",
    "smsToAc": "03-Jul-20 16:27\nPayment Received.\nFrom: 017158649372\nAmt: Tk 650.00\nFee: Tk 6.50\nCust: 01689148320\nTXN ID: T400000078778\n",
    "smsToExternalCustomer": "03-Jul-20 16:27\nPayment Successful.\nTo: wwe\nAmt: Tk 650.00\nAgent: 015061919070\nTXN ID: T400000078778\nPlease pay Tk 650.00",
    "fromAccount": "015061919070",
    "toAccount": "015000000331",
    "externalCustomer": "01689148320",
    "bankName": "TB3",
    "ibfee": null,
    "fee": 0.0,
    "commission": -1.0,
    "cbsBalance": -1.0,
    "ticket": "N/A",
    "traceNo": "TB4[N/A]",
    "fromAccountType": "UNKNOWN_ACCOUNT_TYPE",
    "toAccountType": "UNKNOWN_ACCOUNT_TYPE",
    "ibFeeCr": 4.818055666666667,
    "ibFeeDr": null,
    "disbursementMaxFee": null,
    "trnxAmount": 650,
    "disbursementInfo": null,
    "txnTime": "03-07-20 16:27:07",
    "trnxCode": 107,
    "feeDirection": "T",
    "statusStr": "PROCESSED",
    "payForSMSHeader": "TB3 SureCash"
}
[status:PROCESSED, msg:, trnxId:T300000197062,T400000078778, smsHeader:, payFor:null, message:null, description:null, incentiveStatus:null, incentiveStatusDesc:null, interBankDistrCommRate:null, walletNumber:null, fromSMSHeader:TB3 SureCash, toSMSHeader:TB4 SureCash, balanceFrom:40963.2946, balanceTo:-1.0, smsFromAc:03-Jul-20 16:27
Payment Successful.
To: wwe
Amt: Tk 650.00
TXN ID: T400000078778
Cust: 01689148320
Bal: Tk 40,963.29, smsToAc:03-Jul-20 16:27
Payment Received.
From: 017158649372
Amt: Tk 650.00
Fee: Tk 6.50
Cust: 01689148320
TXN ID: T400000078778
, smsToExternalCustomer:03-Jul-20 16:27
Payment Successful.
To: wwe
Amt: Tk 650.00
Agent: 015061919070
TXN ID: T400000078778
Please pay Tk 650.00, fromAccount:015061919070, toAccount:015000000331, externalCustomer:01689148320, bankName:TB3, ibfee:null, fee:0.0, commission:-1.0, cbsBalance:-1.0, ticket:N/A, traceNo:TB4[N/A], fromAccountType:UNKNOWN_ACCOUNT_TYPE, toAccountType:UNKNOWN_ACCOUNT_TYPE, ibFeeCr:4.818055666666667, ibFeeDr:null, disbursementMaxFee:null, trnxAmount:650, disbursementInfo:null, txnTime:03-07-20 16:27:07, trnxCode:107, feeDirection:T, statusStr:PROCESSED, payForSMSHeader:TB3 SureCash]request: null
response: {
    "status": "PROCESSED",
    "msg": "",
    "trnxId": "T300000197065,T400000078781",
    "smsHeader": "",
    "payFor": null,
    "message": null,
    "description": null,
    "incentiveStatus": null,
    "incentiveStatusDesc": null,
    "interBankDistrCommRate": null,
    "walletNumber": null,
    "fromSMSHeader": "TB3 SureCash",
    "toSMSHeader": "TB4 SureCash",
    "balanceFrom": 37375.8166,
    "balanceTo": -1.0,
    "smsFromAc": "03-Jul-20 16:27\nPayment Successful.\nTo: wwe\nAmt: Tk 3,600.00\nTXN ID: T400000078781\nCust: 01689148320\nBal: Tk 37,375.82",
    "smsToAc": "03-Jul-20 16:27\nPayment Received.\nFrom: 017158649372\nAmt: Tk 3,600.00\nFee: Tk 30.00\nCust: 01689148320\nTXN ID: T400000078781\n",
    "smsToExternalCustomer": "03-Jul-20 16:27\nPayment Successful.\nTo: wwe\nAmt: Tk 3,600.00\nAgent: 015061919070\nTXN ID: T400000078781\nPlease pay Tk 3,600.00",
    "fromAccount": "015061919070",
    "toAccount": "015000000331",
    "externalCustomer": "01689148320",
    "bankName": "TB3",
    "ibfee": null,
    "fee": 0.0,
    "commission": -1.0,
    "cbsBalance": -1.0,
    "ticket": "N/A",
    "traceNo": "TB4[N/A]",
    "fromAccountType": "UNKNOWN_ACCOUNT_TYPE",
    "toAccountType": "UNKNOWN_ACCOUNT_TYPE",
    "ibFeeCr": 22.23718,
    "ibFeeDr": null,
    "disbursementMaxFee": null,
    "trnxAmount": 3600,
    "disbursementInfo": null,
    "txnTime": "03-07-20 16:27:15",
    "trnxCode": 107,
    "feeDirection": "T",
    "statusStr": "PROCESSED",
    "payForSMSHeader": "TB3 SureCash"
}
[status:PROCESSED, msg:, trnxId:T300000197065,T400000078781, smsHeader:, payFor:null, message:null, description:null, incentiveStatus:null, incentiveStatusDesc:null, interBankDistrCommRate:null, walletNumber:null, fromSMSHeader:TB3 SureCash, toSMSHeader:TB4 SureCash, balanceFrom:37375.8166, balanceTo:-1.0, smsFromAc:03-Jul-20 16:27
Payment Successful.
To: wwe
Amt: Tk 3,600.00
TXN ID: T400000078781
Cust: 01689148320
Bal: Tk 37,375.82, smsToAc:03-Jul-20 16:27
Payment Received.
From: 017158649372
Amt: Tk 3,600.00
Fee: Tk 30.00
Cust: 01689148320
TXN ID: T400000078781
, smsToExternalCustomer:03-Jul-20 16:27
Payment Successful.
To: wwe
Amt: Tk 3,600.00
Agent: 015061919070
TXN ID: T400000078781
Please pay Tk 3,600.00, fromAccount:015061919070, toAccount:015000000331, externalCustomer:01689148320, bankName:TB3, ibfee:null, fee:0.0, commission:-1.0, cbsBalance:-1.0, ticket:N/A, traceNo:TB4[N/A], fromAccountType:UNKNOWN_ACCOUNT_TYPE, toAccountType:UNKNOWN_ACCOUNT_TYPE, ibFeeCr:22.23718, ibFeeDr:null, disbursementMaxFee:null, trnxAmount:3600, disbursementInfo:null, txnTime:03-07-20 16:27:15, trnxCode:107, feeDirection:T, statusStr:PROCESSED, payForSMSHeader:TB3 SureCash]request: null
response: {
    "status": "PROCESSED",
    "msg": "",
    "trnxId": "T400000078784",
    "smsHeader": "tb4 SureCash\n",
    "payFor": null,
    "message": null,
    "description": null,
    "incentiveStatus": null,
    "incentiveStatusDesc": null,
    "interBankDistrCommRate": null,
    "walletNumber": null,
    "fromSMSHeader": "TB4 SureCash",
    "toSMSHeader": "TB4 SureCash",
    "balanceFrom": 71517.0611,
    "balanceTo": -1.0,
    "smsFromAc": "03-Jul-20 16:27\nPayment Successful.\nTo: wwe\nAmt: Tk 100.00\nTXN ID: T400000078784\nCust: 01689148320\nBal: Tk 71,517.06",
    "smsToAc": "03-Jul-20 16:27\nPayment Received.\nFrom: 015045042825\nAmt: Tk 100.00\nFee: Tk 4.00\nCust: 01689148320\nTXN ID: T400000078784\n",
    "smsToExternalCustomer": "03-Jul-20 16:27\nPayment Successful.\nTo: wwe\nAmt: Tk 100.00\nAgent: 015045042825\nTXN ID: T400000078784\nPlease pay Tk 100.00",
    "fromAccount": "015045042825",
    "toAccount": "015000000331",
    "externalCustomer": "01689148320",
    "bankName": "tb4",
    "ibfee": null,
    "fee": 0.0,
    "commission": 1.739155536,
    "cbsBalance": -1.0,
    "ticket": "N/A",
    "traceNo": "N/A",
    "fromAccountType": "AGENT",
    "toAccountType": "MERCHANT",
    "ibFeeCr": null,
    "ibFeeDr": null,
    "disbursementMaxFee": null,
    "trnxAmount": 100.0,
    "disbursementInfo": null,
    "txnTime": "03-07-20 16:27:16",
    "trnxCode": 107,
    "feeDirection": "T",
    "statusStr": "PROCESSED",
    "payForSMSHeader": null
}
[status:PROCESSED, msg:, trnxId:T400000078784, smsHeader:tb4 SureCash
, payFor:null, message:null, description:null, incentiveStatus:null, incentiveStatusDesc:null, interBankDistrCommRate:null, walletNumber:null, fromSMSHeader:TB4 SureCash, toSMSHeader:TB4 SureCash, balanceFrom:71517.0611, balanceTo:-1.0, smsFromAc:03-Jul-20 16:27
Payment Successful.
To: wwe
Amt: Tk 100.00
TXN ID: T400000078784
Cust: 01689148320
Bal: Tk 71,517.06, smsToAc:03-Jul-20 16:27
Payment Received.
From: 015045042825
Amt: Tk 100.00
Fee: Tk 4.00
Cust: 01689148320
TXN ID: T400000078784
, smsToExternalCustomer:03-Jul-20 16:27
Payment Successful.
To: wwe
Amt: Tk 100.00
Agent: 015045042825
TXN ID: T400000078784
Please pay Tk 100.00, fromAccount:015045042825, toAccount:015000000331, externalCustomer:01689148320, bankName:tb4, ibfee:null, fee:0.0, commission:1.739155536, cbsBalance:-1.0, ticket:N/A, traceNo:N/A, fromAccountType:AGENT, toAccountType:MERCHANT, ibFeeCr:null, ibFeeDr:null, disbursementMaxFee:null, trnxAmount:100.0, disbursementInfo:null, txnTime:03-07-20 16:27:16, trnxCode:107, feeDirection:T, statusStr:PROCESSED, payForSMSHeader:null]request: null
response: {
    "status": "PROCESSED",
    "msg": "",
    "trnxId": "T400000078787",
    "smsHeader": "tb4 SureCash\n",
    "payFor": null,
    "message": null,
    "description": null,
    "incentiveStatus": null,
    "incentiveStatusDesc": null,
    "interBankDistrCommRate": 1.0518,
    "walletNumber": null,
    "fromSMSHeader": "TB4 SureCash",
    "toSMSHeader": "TB4 SureCash",
    "balanceFrom": 275.395,
    "balanceTo": -1.0,
    "smsFromAc": "03-Jul-20 16:27\nPayment Successful.\nTo: wwe\nAmt: Tk 600.00\nTXN ID: T400000078787\nCust: 01689148320\nBal: Tk 275.39",
    "smsToAc": "03-Jul-20 16:27\nPayment Received.\nFrom: 015028408282\nAmt: Tk 600.00\nFee: Tk 6.00\nCust: 01689148320\nTXN ID: T400000078787\n",
    "smsToExternalCustomer": "03-Jul-20 16:27\nPayment Successful.\nTo: wwe\nAmt: Tk 600.00\nAgent: 015028408282\nTXN ID: T400000078787\nPlease pay Tk 600.00",
    "fromAccount": "015028408282",
    "toAccount": "015000000331",
    "externalCustomer": "01689148320",
    "bankName": "tb4",
    "ibfee": null,
    "fee": 0.0,
    "commission": 2.6087333040000003,
    "cbsBalance": -1.0,
    "ticket": "N/A",
    "traceNo": "N/A",
    "fromAccountType": "AGENT",
    "toAccountType": "MERCHANT",
    "ibFeeCr": null,
    "ibFeeDr": null,
    "disbursementMaxFee": null,
    "trnxAmount": 600.0,
    "disbursementInfo": null,
    "txnTime": "03-07-20 16:27:19",
    "trnxCode": 107,
    "feeDirection": "T",
    "statusStr": "PROCESSED",
    "payForSMSHeader": null
}
[status:PROCESSED, msg:, trnxId:T400000078787, smsHeader:tb4 SureCash
, payFor:null, message:null, description:null, incentiveStatus:null, incentiveStatusDesc:null, interBankDistrCommRate:1.0518, walletNumber:null, fromSMSHeader:TB4 SureCash, toSMSHeader:TB4 SureCash, balanceFrom:275.395, balanceTo:-1.0, smsFromAc:03-Jul-20 16:27
Payment Successful.
To: wwe
Amt: Tk 600.00
TXN ID: T400000078787
Cust: 01689148320
Bal: Tk 275.39, smsToAc:03-Jul-20 16:27
Payment Received.
From: 015028408282
Amt: Tk 600.00
Fee: Tk 6.00
Cust: 01689148320
TXN ID: T400000078787
, smsToExternalCustomer:03-Jul-20 16:27
Payment Successful.
To: wwe
Amt: Tk 600.00
Agent: 015028408282
TXN ID: T400000078787
Please pay Tk 600.00, fromAccount:015028408282, toAccount:015000000331, externalCustomer:01689148320, bankName:tb4, ibfee:null, fee:0.0, commission:2.6087333040000003, cbsBalance:-1.0, ticket:N/A, traceNo:N/A, fromAccountType:AGENT, toAccountType:MERCHANT, ibFeeCr:null, ibFeeDr:null, disbursementMaxFee:null, trnxAmount:600.0, disbursementInfo:null, txnTime:03-07-20 16:27:19, trnxCode:107, feeDirection:T, statusStr:PROCESSED, payForSMSHeader:null]request: null
response: [
    {
        "status": "PROCESSED",
        "msg": "",
        "trnxId": "T300000197068",
        "smsHeader": "tb3 SureCash\n",
        "payFor": null,
        "message": null,
        "description": null,
        "incentiveStatus": null,
        "incentiveStatusDesc": null,
        "interBankDistrCommRate": null,
        "walletNumber": null,
        "fromSMSHeader": "TB3 SureCash",
        "toSMSHeader": "TB3 SureCash",
        "balanceFrom": 733452.4261,
        "balanceTo": 11987.6,
        "smsFromAc": "N/A",
        "smsToAc": "N/A",
        "smsToExternalCustomer": "N/A",
        "fromAccount": "016314347519",
        "toAccount": "015039022346",
        "externalCustomer": null,
        "bankName": "tb3",
        "ibfee": null,
        "fee": 0.0,
        "commission": 0.0,
        "cbsBalance": -1.0,
        "ticket": "N/A",
        "traceNo": "N/A",
        "fromAccountType": "MERCHANT",
        "toAccountType": "UNBANKED",
        "ibFeeCr": null,
        "ibFeeDr": null,
        "disbursementMaxFee": null,
        "trnxAmount": 1000.0,
        "disbursementInfo": null,
        "txnTime": "03-07-20 16:27:20",
        "trnxCode": 106,
        "feeDirection": "F",
        "statusStr": "PROCESSED",
        "payForSMSHeader": null
    }
]
[[status:PROCESSED, msg:, trnxId:T300000197068, smsHeader:tb3 SureCash
, payFor:null, message:null, description:null, incentiveStatus:null, incentiveStatusDesc:null, interBankDistrCommRate:null, walletNumber:null, fromSMSHeader:TB3 SureCash, toSMSHeader:TB3 SureCash, balanceFrom:733452.4261, balanceTo:11987.6, smsFromAc:N/A, smsToAc:N/A, smsToExternalCustomer:N/A, fromAccount:016314347519, toAccount:015039022346, externalCustomer:null, bankName:tb3, ibfee:null, fee:0.0, commission:0.0, cbsBalance:-1.0, ticket:N/A, traceNo:N/A, fromAccountType:MERCHANT, toAccountType:UNBANKED, ibFeeCr:null, ibFeeDr:null, disbursementMaxFee:null, trnxAmount:1000.0, disbursementInfo:null, txnTime:03-07-20 16:27:20, trnxCode:106, feeDirection:F, statusStr:PROCESSED, payForSMSHeader:null]]request: null
response: [
    {
        "status": "PROCESSED",
        "msg": "",
        "trnxId": "T300000197069,T400000078790",
        "smsHeader": "",
        "payFor": null,
        "message": null,
        "description": null,
        "incentiveStatus": null,
        "incentiveStatusDesc": null,
        "interBankDistrCommRate": null,
        "walletNumber": null,
        "fromSMSHeader": "TB3 SureCash",
        "toSMSHeader": "TB4 SureCash",
        "balanceFrom": -1.0,
        "balanceTo": 1000.0,
        "smsFromAc": "N/A",
        "smsToAc": "N/A",
        "smsToExternalCustomer": "N/A",
        "fromAccount": "016314347519",
        "toAccount": "015004945091",
        "externalCustomer": null,
        "bankName": "TB3",
        "ibfee": null,
        "fee": -1.0,
        "commission": -1.0,
        "cbsBalance": -1.0,
        "ticket": "N/A",
        "traceNo": "TB4[N/A]",
        "fromAccountType": "UNKNOWN_ACCOUNT_TYPE",
        "toAccountType": "UNKNOWN_ACCOUNT_TYPE",
        "ibFeeCr": null,
        "ibFeeDr": null,
        "disbursementMaxFee": null,
        "trnxAmount": 1000,
        "disbursementInfo": null,
        "txnTime": "03-07-20 16:27:21",
        "trnxCode": 106,
        "feeDirection": null,
        "statusStr": "PROCESSED",
        "payForSMSHeader": "TB3 SureCash"
    }
]
[[status:PROCESSED, msg:, trnxId:T300000197069,T400000078790, smsHeader:, payFor:null, message:null, description:null, incentiveStatus:null, incentiveStatusDesc:null, interBankDistrCommRate:null, walletNumber:null, fromSMSHeader:TB3 SureCash, toSMSHeader:TB4 SureCash, balanceFrom:-1.0, balanceTo:1000.0, smsFromAc:N/A, smsToAc:N/A, smsToExternalCustomer:N/A, fromAccount:016314347519, toAccount:015004945091, externalCustomer:null, bankName:TB3, ibfee:null, fee:-1.0, commission:-1.0, cbsBalance:-1.0, ticket:N/A, traceNo:TB4[N/A], fromAccountType:UNKNOWN_ACCOUNT_TYPE, toAccountType:UNKNOWN_ACCOUNT_TYPE, ibFeeCr:null, ibFeeDr:null, disbursementMaxFee:null, trnxAmount:1000, disbursementInfo:null, txnTime:03-07-20 16:27:21, trnxCode:106, feeDirection:null, statusStr:PROCESSED, payForSMSHeader:TB3 SureCash]]request: null
response: [
    {
        "status": "PROCESSED",
        "msg": "",
        "trnxId": "T300000197070,T400000078791",
        "smsHeader": "",
        "payFor": null,
        "message": null,
        "description": null,
        "incentiveStatus": null,
        "incentiveStatusDesc": null,
        "interBankDistrCommRate": null,
        "walletNumber": null,
        "fromSMSHeader": "TB3 SureCash",
        "toSMSHeader": "TB4 SureCash",
        "balanceFrom": -1.0,
        "balanceTo": 2511.0,
        "smsFromAc": "N/A",
        "smsToAc": "N/A",
        "smsToExternalCustomer": "N/A",
        "fromAccount": "016314347519",
        "toAccount": "015002310744",
        "externalCustomer": null,
        "bankName": "TB3",
        "ibfee": null,
        "fee": -1.0,
        "commission": -1.0,
        "cbsBalance": -1.0,
        "ticket": "N/A",
        "traceNo": "TB4[N/A]",
        "fromAccountType": "UNKNOWN_ACCOUNT_TYPE",
        "toAccountType": "UNKNOWN_ACCOUNT_TYPE",
        "ibFeeCr": null,
        "ibFeeDr": null,
        "disbursementMaxFee": null,
        "trnxAmount": 1000,
        "disbursementInfo": null,
        "txnTime": "03-07-20 16:27:21",
        "trnxCode": 106,
        "feeDirection": null,
        "statusStr": "PROCESSED",
        "payForSMSHeader": "TB3 SureCash"
    }
]
[[status:PROCESSED, msg:, trnxId:T300000197070,T400000078791, smsHeader:, payFor:null, message:null, description:null, incentiveStatus:null, incentiveStatusDesc:null, interBankDistrCommRate:null, walletNumber:null, fromSMSHeader:TB3 SureCash, toSMSHeader:TB4 SureCash, balanceFrom:-1.0, balanceTo:2511.0, smsFromAc:N/A, smsToAc:N/A, smsToExternalCustomer:N/A, fromAccount:016314347519, toAccount:015002310744, externalCustomer:null, bankName:TB3, ibfee:null, fee:-1.0, commission:-1.0, cbsBalance:-1.0, ticket:N/A, traceNo:TB4[N/A], fromAccountType:UNKNOWN_ACCOUNT_TYPE, toAccountType:UNKNOWN_ACCOUNT_TYPE, ibFeeCr:null, ibFeeDr:null, disbursementMaxFee:null, trnxAmount:1000, disbursementInfo:null, txnTime:03-07-20 16:27:21, trnxCode:106, feeDirection:null, statusStr:PROCESSED, payForSMSHeader:TB3 SureCash]]request: null
response: {
    "status": "PROCESSED",
    "msg": "",
    "trnxId": "T400000078792,T300000197071",
    "smsHeader": "",
    "payFor": null,
    "message": null,
    "description": null,
    "incentiveStatus": null,
    "incentiveStatusDesc": null,
    "interBankDistrCommRate": null,
    "walletNumber": null,
    "fromSMSHeader": "TB4 SureCash",
    "toSMSHeader": "TB3 SureCash",
    "balanceFrom": 495.0,
    "balanceTo": 37877.9036,
    "smsFromAc": "N/A",
    "smsToAc": "N/A",
    "smsToExternalCustomer": "N/A",
    "fromAccount": "015004945091",
    "toAccount": "015061919070",
    "externalCustomer": null,
    "bankName": "TB4",
    "ibfee": null,
    "fee": 5.0,
    "commission": -1.0,
    "cbsBalance": -1.0,
    "ticket": "N/A",
    "traceNo": "TB3[N/A]",
    "fromAccountType": "UNKNOWN_ACCOUNT_TYPE",
    "toAccountType": "UNKNOWN_ACCOUNT_TYPE",
    "ibFeeCr": null,
    "ibFeeDr": 3.369,
    "disbursementMaxFee": null,
    "trnxAmount": 500,
    "disbursementInfo": {
        "serviceFeeAmount": 5.0,
        "amountFromDisbursement": 500.0,
        "amountFromGeneralTxn": 0.0,
        "amountFromStipend": 0.0,
        "regularFeeAmount": 5.0,
        "maxFeeAmount": 0.0,
        "maxDisbursementFee": 0.0,
        "txnAmountIfmaxWithdrawFeeApplied": 0.0,
        "txnAmountIfmaxDisburseFeeApplied": 0.0
    },
    "txnTime": "03-07-20 16:27:22",
    "trnxCode": 11,
    "feeDirection": "F",
    "statusStr": "PROCESSED",
    "payForSMSHeader": "TB4 SureCash"
}
[status:PROCESSED, msg:, trnxId:T400000078792,T300000197071, smsHeader:, payFor:null, message:null, description:null, incentiveStatus:null, incentiveStatusDesc:null, interBankDistrCommRate:null, walletNumber:null, fromSMSHeader:TB4 SureCash, toSMSHeader:TB3 SureCash, balanceFrom:495.0, balanceTo:37877.9036, smsFromAc:N/A, smsToAc:N/A, smsToExternalCustomer:N/A, fromAccount:015004945091, toAccount:015061919070, externalCustomer:null, bankName:TB4, ibfee:null, fee:5.0, commission:-1.0, cbsBalance:-1.0, ticket:N/A, traceNo:TB3[N/A], fromAccountType:UNKNOWN_ACCOUNT_TYPE, toAccountType:UNKNOWN_ACCOUNT_TYPE, ibFeeCr:null, ibFeeDr:3.369, disbursementMaxFee:null, trnxAmount:500, disbursementInfo:[serviceFeeAmount:5.0, amountFromDisbursement:500.0, amountFromGeneralTxn:0.0, amountFromStipend:0.0, regularFeeAmount:5.0, maxFeeAmount:0.0, maxDisbursementFee:0.0, txnAmountIfmaxWithdrawFeeApplied:0.0, txnAmountIfmaxDisburseFeeApplied:0.0], txnTime:03-07-20 16:27:22, trnxCode:11, feeDirection:F, statusStr:PROCESSED, payForSMSHeader:TB4 SureCash]request: null
response: {
    "status": "PROCESSED",
    "msg": "",
    "trnxId": "T300000197074",
    "smsHeader": "tb3 SureCash\n",
    "payFor": null,
    "message": null,
    "description": null,
    "incentiveStatus": null,
    "incentiveStatusDesc": null,
    "interBankDistrCommRate": null,
    "walletNumber": null,
    "fromSMSHeader": "TB3 SureCash",
    "toSMSHeader": "TB3 SureCash",
    "balanceFrom": 11482.6,
    "balanceTo": 38379.9906,
    "smsFromAc": "03-07-20 16:27:22\n\nCash-out successful.\nAgent: 015061919070\nAmt: Tk 500.00\nFee: Tk 5.00\nTXN ID: T300000197074\nBal: Tk 11,482.60",
    "smsToAc": "03-07-20 16:27:22\n\nCash-out successful.\nCustomer: 015039022346\nAmt: Tk 500.00\nTXN ID: T300000197074\nBal: Tk 38,379.99",
    "smsToExternalCustomer": "N/A",
    "fromAccount": "015039022346",
    "toAccount": "015061919070",
    "externalCustomer": null,
    "bankName": "tb3",
    "ibfee": null,
    "fee": 5.0,
    "commission": 2.17394442,
    "cbsBalance": -1.0,
    "ticket": "N/A",
    "traceNo": "N/A",
    "fromAccountType": "UNBANKED",
    "toAccountType": "AGENT",
    "ibFeeCr": null,
    "ibFeeDr": null,
    "disbursementMaxFee": null,
    "trnxAmount": 500.0,
    "disbursementInfo": {
        "serviceFeeAmount": 5.0,
        "amountFromDisbursement": 500.0,
        "amountFromGeneralTxn": 0.0,
        "amountFromStipend": 0.0,
        "regularFeeAmount": 5.0,
        "maxFeeAmount": 0.0,
        "maxDisbursementFee": 0.0,
        "txnAmountIfmaxWithdrawFeeApplied": 0.0,
        "txnAmountIfmaxDisburseFeeApplied": 0.0
    },
    "txnTime": "03-07-20 16:27:22",
    "trnxCode": 11,
    "feeDirection": "F",
    "statusStr": "PROCESSED",
    "payForSMSHeader": null
}
[status:PROCESSED, msg:, trnxId:T300000197074, smsHeader:tb3 SureCash
, payFor:null, message:null, description:null, incentiveStatus:null, incentiveStatusDesc:null, interBankDistrCommRate:null, walletNumber:null, fromSMSHeader:TB3 SureCash, toSMSHeader:TB3 SureCash, balanceFrom:11482.6, balanceTo:38379.9906, smsFromAc:03-07-20 16:27:22

Cash-out successful.
Agent: 015061919070
Amt: Tk 500.00
Fee: Tk 5.00
TXN ID: T300000197074
Bal: Tk 11,482.60, smsToAc:03-07-20 16:27:22

Cash-out successful.
Customer: 015039022346
Amt: Tk 500.00
TXN ID: T300000197074
Bal: Tk 38,379.99, smsToExternalCustomer:N/A, fromAccount:015039022346, toAccount:015061919070, externalCustomer:null, bankName:tb3, ibfee:null, fee:5.0, commission:2.17394442, cbsBalance:-1.0, ticket:N/A, traceNo:N/A, fromAccountType:UNBANKED, toAccountType:AGENT, ibFeeCr:null, ibFeeDr:null, disbursementMaxFee:null, trnxAmount:500.0, disbursementInfo:[serviceFeeAmount:5.0, amountFromDisbursement:500.0, amountFromGeneralTxn:0.0, amountFromStipend:0.0, regularFeeAmount:5.0, maxFeeAmount:0.0, maxDisbursementFee:0.0, txnAmountIfmaxWithdrawFeeApplied:0.0, txnAmountIfmaxDisburseFeeApplied:0.0], txnTime:03-07-20 16:27:22, trnxCode:11, feeDirection:F, statusStr:PROCESSED, payForSMSHeader:null]request: null
response: {
    "status": "PROCESSED",
    "msg": "",
    "trnxId": "T300000197080",
    "smsHeader": "tb3 SureCash\n",
    "payFor": null,
    "message": null,
    "description": null,
    "incentiveStatus": null,
    "incentiveStatusDesc": null,
    "interBankDistrCommRate": null,
    "walletNumber": null,
    "fromSMSHeader": "TB3 SureCash",
    "toSMSHeader": "TB3 SureCash",
    "balanceFrom": -1.0,
    "balanceTo": 54608821.5508,
    "smsFromAc": "Agent Cash-in successful.\nAgent:016314347558\nAmt: Tk 40.00\nTXN ID: T300000197080\nBal: Tk 0.00",
    "smsToAc": "Cash-in received.\nAccount: 016314347558\nFrom: 016314347511\nAmt: Tk 40.00\nTXN ID: T300000197080\nBal: Tk 54,608,821.55",
    "smsToExternalCustomer": "N/A",
    "fromAccount": "016314347511",
    "toAccount": "016314347558",
    "externalCustomer": null,
    "bankName": "tb3",
    "ibfee": null,
    "fee": 0.0,
    "commission": 0.0,
    "cbsBalance": -1.0,
    "ticket": "N/A",
    "traceNo": "N/A",
    "fromAccountType": "SR",
    "toAccountType": "AGENT",
    "ibFeeCr": null,
    "ibFeeDr": null,
    "disbursementMaxFee": null,
    "trnxAmount": 40.0,
    "disbursementInfo": null,
    "txnTime": "03-07-20 16:27:23",
    "trnxCode": 1203,
    "feeDirection": "F",
    "statusStr": "PROCESSED",
    "payForSMSHeader": null
}
[status:PROCESSED, msg:, trnxId:T300000197080, smsHeader:tb3 SureCash
, payFor:null, message:null, description:null, incentiveStatus:null, incentiveStatusDesc:null, interBankDistrCommRate:null, walletNumber:null, fromSMSHeader:TB3 SureCash, toSMSHeader:TB3 SureCash, balanceFrom:-1.0, balanceTo:54608821.5508, smsFromAc:Agent Cash-in successful.
Agent:016314347558
Amt: Tk 40.00
TXN ID: T300000197080
Bal: Tk 0.00, smsToAc:Cash-in received.
Account: 016314347558
From: 016314347511
Amt: Tk 40.00
TXN ID: T300000197080
Bal: Tk 54,608,821.55, smsToExternalCustomer:N/A, fromAccount:016314347511, toAccount:016314347558, externalCustomer:null, bankName:tb3, ibfee:null, fee:0.0, commission:0.0, cbsBalance:-1.0, ticket:N/A, traceNo:N/A, fromAccountType:SR, toAccountType:AGENT, ibFeeCr:null, ibFeeDr:null, disbursementMaxFee:null, trnxAmount:40.0, disbursementInfo:null, txnTime:03-07-20 16:27:23, trnxCode:1203, feeDirection:F, statusStr:PROCESSED, payForSMSHeader:null]request: null
response: {
    "status": "PROCESSED",
    "msg": "",
    "trnxId": "T300000197081,T400000078797",
    "smsHeader": "",
    "payFor": null,
    "message": null,
    "description": null,
    "incentiveStatus": null,
    "incentiveStatusDesc": null,
    "interBankDistrCommRate": null,
    "walletNumber": null,
    "fromSMSHeader": "TB3 SureCash",
    "toSMSHeader": "TB4 SureCash",
    "balanceFrom": -1.0,
    "balanceTo": 353775.2899,
    "smsFromAc": "N/A",
    "smsToAc": "N/A",
    "smsToExternalCustomer": "N/A",
    "fromAccount": "016314347511",
    "toAccount": "016314347515",
    "externalCustomer": null,
    "bankName": "TB3",
    "ibfee": null,
    "fee": -1.0,
    "commission": -1.0,
    "cbsBalance": -1.0,
    "ticket": "N/A",
    "traceNo": "TB4[N/A]",
    "fromAccountType": "UNKNOWN_ACCOUNT_TYPE",
    "toAccountType": "UNKNOWN_ACCOUNT_TYPE",
    "ibFeeCr": null,
    "ibFeeDr": null,
    "disbursementMaxFee": null,
    "trnxAmount": 40,
    "disbursementInfo": null,
    "txnTime": "03-07-20 16:27:24",
    "trnxCode": 1203,
    "feeDirection": null,
    "statusStr": "PROCESSED",
    "payForSMSHeader": "TB3 SureCash"
}
[status:PROCESSED, msg:, trnxId:T300000197081,T400000078797, smsHeader:, payFor:null, message:null, description:null, incentiveStatus:null, incentiveStatusDesc:null, interBankDistrCommRate:null, walletNumber:null, fromSMSHeader:TB3 SureCash, toSMSHeader:TB4 SureCash, balanceFrom:-1.0, balanceTo:353775.2899, smsFromAc:N/A, smsToAc:N/A, smsToExternalCustomer:N/A, fromAccount:016314347511, toAccount:016314347515, externalCustomer:null, bankName:TB3, ibfee:null, fee:-1.0, commission:-1.0, cbsBalance:-1.0, ticket:N/A, traceNo:TB4[N/A], fromAccountType:UNKNOWN_ACCOUNT_TYPE, toAccountType:UNKNOWN_ACCOUNT_TYPE, ibFeeCr:null, ibFeeDr:null, disbursementMaxFee:null, trnxAmount:40, disbursementInfo:null, txnTime:03-07-20 16:27:24, trnxCode:1203, feeDirection:null, statusStr:PROCESSED, payForSMSHeader:TB3 SureCash]request: null
response: {
    "status": "PROCESSED",
    "msg": "",
    "trnxId": "T300000197082",
    "smsHeader": "tb3 SureCash\n",
    "payFor": null,
    "message": null,
    "description": null,
    "incentiveStatus": null,
    "incentiveStatusDesc": null,
    "interBankDistrCommRate": null,
    "walletNumber": null,
    "fromSMSHeader": "TB3 SureCash",
    "toSMSHeader": "TB3 SureCash",
    "balanceFrom": 54608781.5508,
    "balanceTo": -1.0,
    "smsFromAc": "Cash-out successful.\nAccount: 016314347558\nTo: 016314347511\nAmt: Tk 40.00\nTXN ID: T300000197082\nBal: Tk 54,608,781.55",
    "smsToAc": "Agent Cash-out successful.\nAgent: 016314347558\nAmt: Tk 40.00\nTXN ID: T300000197082\nBal: Tk 0.00",
    "smsToExternalCustomer": "N/A",
    "fromAccount": "016314347558",
    "toAccount": "016314347511",
    "externalCustomer": null,
    "bankName": "tb3",
    "ibfee": null,
    "fee": 0.0,
    "commission": 0.0,
    "cbsBalance": -1.0,
    "ticket": "N/A",
    "traceNo": "N/A",
    "fromAccountType": "AGENT",
    "toAccountType": "SR",
    "ibFeeCr": null,
    "ibFeeDr": null,
    "disbursementMaxFee": null,
    "trnxAmount": 40.0,
    "disbursementInfo": null,
    "txnTime": "03-07-20 16:27:24",
    "trnxCode": 1204,
    "feeDirection": "F",
    "statusStr": "PROCESSED",
    "payForSMSHeader": null
}
[status:PROCESSED, msg:, trnxId:T300000197082, smsHeader:tb3 SureCash
, payFor:null, message:null, description:null, incentiveStatus:null, incentiveStatusDesc:null, interBankDistrCommRate:null, walletNumber:null, fromSMSHeader:TB3 SureCash, toSMSHeader:TB3 SureCash, balanceFrom:54608781.5508, balanceTo:-1.0, smsFromAc:Cash-out successful.
Account: 016314347558
To: 016314347511
Amt: Tk 40.00
TXN ID: T300000197082
Bal: Tk 54,608,781.55, smsToAc:Agent Cash-out successful.
Agent: 016314347558
Amt: Tk 40.00
TXN ID: T300000197082
Bal: Tk 0.00, smsToExternalCustomer:N/A, fromAccount:016314347558, toAccount:016314347511, externalCustomer:null, bankName:tb3, ibfee:null, fee:0.0, commission:0.0, cbsBalance:-1.0, ticket:N/A, traceNo:N/A, fromAccountType:AGENT, toAccountType:SR, ibFeeCr:null, ibFeeDr:null, disbursementMaxFee:null, trnxAmount:40.0, disbursementInfo:null, txnTime:03-07-20 16:27:24, trnxCode:1204, feeDirection:F, statusStr:PROCESSED, payForSMSHeader:null]request: null
response: {
    "status": "PROCESSED",
    "msg": "",
    "trnxId": "T400000078798,T300000197083",
    "smsHeader": "",
    "payFor": null,
    "message": null,
    "description": null,
    "incentiveStatus": null,
    "incentiveStatusDesc": null,
    "interBankDistrCommRate": null,
    "walletNumber": null,
    "fromSMSHeader": "TB4 SureCash",
    "toSMSHeader": "TB3 SureCash",
    "balanceFrom": 353735.2899,
    "balanceTo": -1.0,
    "smsFromAc": "N/A",
    "smsToAc": "N/A",
    "smsToExternalCustomer": "N/A",
    "fromAccount": "016314347515",
    "toAccount": "016314347511",
    "externalCustomer": null,
    "bankName": "TB4",
    "ibfee": null,
    "fee": -1.0,
    "commission": -1.0,
    "cbsBalance": -1.0,
    "ticket": "N/A",
    "traceNo": "TB3[N/A]",
    "fromAccountType": "UNKNOWN_ACCOUNT_TYPE",
    "toAccountType": "UNKNOWN_ACCOUNT_TYPE",
    "ibFeeCr": null,
    "ibFeeDr": null,
    "disbursementMaxFee": null,
    "trnxAmount": 40,
    "disbursementInfo": null,
    "txnTime": "03-07-20 16:27:25",
    "trnxCode": 1204,
    "feeDirection": null,
    "statusStr": "PROCESSED",
    "payForSMSHeader": "TB4 SureCash"
}
[status:PROCESSED, msg:, trnxId:T400000078798,T300000197083, smsHeader:, payFor:null, message:null, description:null, incentiveStatus:null, incentiveStatusDesc:null, interBankDistrCommRate:null, walletNumber:null, fromSMSHeader:TB4 SureCash, toSMSHeader:TB3 SureCash, balanceFrom:353735.2899, balanceTo:-1.0, smsFromAc:N/A, smsToAc:N/A, smsToExternalCustomer:N/A, fromAccount:016314347515, toAccount:016314347511, externalCustomer:null, bankName:TB4, ibfee:null, fee:-1.0, commission:-1.0, cbsBalance:-1.0, ticket:N/A, traceNo:TB3[N/A], fromAccountType:UNKNOWN_ACCOUNT_TYPE, toAccountType:UNKNOWN_ACCOUNT_TYPE, ibFeeCr:null, ibFeeDr:null, disbursementMaxFee:null, trnxAmount:40, disbursementInfo:null, txnTime:03-07-20 16:27:25, trnxCode:1204, feeDirection:null, statusStr:PROCESSED, payForSMSHeader:TB4 SureCash]request: null
response: {
    "status": "PROCESSED",
    "msg": "",
    "trnxId": "T300000197084",
    "smsHeader": "tb3 SureCash\n",
    "payFor": null,
    "message": null,
    "description": null,
    "incentiveStatus": null,
    "incentiveStatusDesc": null,
    "interBankDistrCommRate": null,
    "walletNumber": null,
    "fromSMSHeader": "TB3 SureCash",
    "toSMSHeader": "TB3 SureCash",
    "balanceFrom": 46542.09,
    "balanceTo": 731512.4261,
    "smsFromAc": "03-Jul-20 16:27\nPayment Successful.\nTo: TB3L\nAmt: Tk 60.00\nFee: Tk 0.00\nTXN ID: T300000197084\nBal: Tk 46,542.09",
    "smsToAc": "03-Jul-20 16:27\nPayment Received.\nFrom: 019074766417\nAmt: Tk 60.00\nTXN ID: T300000197084\nBal: Tk 731,512.43",
    "smsToExternalCustomer": "N/A",
    "fromAccount": "019074766417",
    "toAccount": "016314347519",
    "externalCustomer": null,
    "bankName": "tb3",
    "ibfee": null,
    "fee": 0.0,
    "commission": 0.0,
    "cbsBalance": -1.0,
    "ticket": "N/A",
    "traceNo": "N/A",
    "fromAccountType": "MERCHANT",
    "toAccountType": "MERCHANT",
    "ibFeeCr": null,
    "ibFeeDr": null,
    "disbursementMaxFee": null,
    "trnxAmount": 60.0,
    "disbursementInfo": null,
    "txnTime": "03-07-20 16:27:25",
    "trnxCode": 1601,
    "feeDirection": "F",
    "statusStr": "PROCESSED",
    "payForSMSHeader": null
}
[status:PROCESSED, msg:, trnxId:T300000197084, smsHeader:tb3 SureCash
, payFor:null, message:null, description:null, incentiveStatus:null, incentiveStatusDesc:null, interBankDistrCommRate:null, walletNumber:null, fromSMSHeader:TB3 SureCash, toSMSHeader:TB3 SureCash, balanceFrom:46542.09, balanceTo:731512.4261, smsFromAc:03-Jul-20 16:27
Payment Successful.
To: TB3L
Amt: Tk 60.00
Fee: Tk 0.00
TXN ID: T300000197084
Bal: Tk 46,542.09, smsToAc:03-Jul-20 16:27
Payment Received.
From: 019074766417
Amt: Tk 60.00
TXN ID: T300000197084
Bal: Tk 731,512.43, smsToExternalCustomer:N/A, fromAccount:019074766417, toAccount:016314347519, externalCustomer:null, bankName:tb3, ibfee:null, fee:0.0, commission:0.0, cbsBalance:-1.0, ticket:N/A, traceNo:N/A, fromAccountType:MERCHANT, toAccountType:MERCHANT, ibFeeCr:null, ibFeeDr:null, disbursementMaxFee:null, trnxAmount:60.0, disbursementInfo:null, txnTime:03-07-20 16:27:25, trnxCode:1601, feeDirection:F, statusStr:PROCESSED, payForSMSHeader:null]request: null
response: {
    "status": "PROCESSED",
    "msg": "",
    "trnxId": "T300000197085",
    "smsHeader": "tb3 SureCash\n",
    "payFor": null,
    "message": null,
    "description": null,
    "incentiveStatus": null,
    "incentiveStatusDesc": null,
    "interBankDistrCommRate": null,
    "walletNumber": null,
    "fromSMSHeader": "TB3 SureCash",
    "toSMSHeader": "TB3 SureCash",
    "balanceFrom": 731442.4261,
    "balanceTo": 38450.2828,
    "smsFromAc": "Merchant Cash-out successful.\nTo: 015061919070\nAmt: Tk 70.00\nTXN ID: T300000197085\nBal: Tk 731,442.43",
    "smsToAc": "Cash-out successful.\nAccount: 016314347519\nAmt: Tk 70.00\nTXN ID: T300000197085\nBal: Tk 38,450.28",
    "smsToExternalCustomer": "N/A",
    "fromAccount": "016314347519",
    "toAccount": "015061919070",
    "externalCustomer": null,
    "bankName": "tb3",
    "ibfee": null,
    "fee": 0.0,
    "commission": 0.0,
    "cbsBalance": -1.0,
    "ticket": "N/A",
    "traceNo": "N/A",
    "fromAccountType": "MERCHANT",
    "toAccountType": "AGENT",
    "ibFeeCr": null,
    "ibFeeDr": null,
    "disbursementMaxFee": null,
    "trnxAmount": 70.0,
    "disbursementInfo": null,
    "txnTime": "03-07-20 16:27:25",
    "trnxCode": 1208,
    "feeDirection": "F",
    "statusStr": "PROCESSED",
    "payForSMSHeader": null
}
[status:PROCESSED, msg:, trnxId:T300000197085, smsHeader:tb3 SureCash
, payFor:null, message:null, description:null, incentiveStatus:null, incentiveStatusDesc:null, interBankDistrCommRate:null, walletNumber:null, fromSMSHeader:TB3 SureCash, toSMSHeader:TB3 SureCash, balanceFrom:731442.4261, balanceTo:38450.2828, smsFromAc:Merchant Cash-out successful.
To: 015061919070
Amt: Tk 70.00
TXN ID: T300000197085
Bal: Tk 731,442.43, smsToAc:Cash-out successful.
Account: 016314347519
Amt: Tk 70.00
TXN ID: T300000197085
Bal: Tk 38,450.28, smsToExternalCustomer:N/A, fromAccount:016314347519, toAccount:015061919070, externalCustomer:null, bankName:tb3, ibfee:null, fee:0.0, commission:0.0, cbsBalance:-1.0, ticket:N/A, traceNo:N/A, fromAccountType:MERCHANT, toAccountType:AGENT, ibFeeCr:null, ibFeeDr:null, disbursementMaxFee:null, trnxAmount:70.0, disbursementInfo:null, txnTime:03-07-20 16:27:25, trnxCode:1208, feeDirection:F, statusStr:PROCESSED, payForSMSHeader:null]request: null
response: {
    "status": "PROCESSED",
    "msg": "",
    "trnxId": "T300000197087,T400000078799",
    "smsHeader": "",
    "payFor": null,
    "message": null,
    "description": null,
    "incentiveStatus": null,
    "incentiveStatusDesc": null,
    "interBankDistrCommRate": null,
    "walletNumber": null,
    "fromSMSHeader": "TB3 SureCash",
    "toSMSHeader": "TB4 SureCash",
    "balanceFrom": 731362.4261,
    "balanceTo": 71597.395,
    "smsFromAc": "N/A",
    "smsToAc": "N/A",
    "smsToExternalCustomer": "N/A",
    "fromAccount": "016314347519",
    "toAccount": "015045042825",
    "externalCustomer": null,
    "bankName": "TB3",
    "ibfee": null,
    "fee": -1.0,
    "commission": -1.0,
    "cbsBalance": -1.0,
    "ticket": "N/A",
    "traceNo": "TB4[N/A]",
    "fromAccountType": "UNKNOWN_ACCOUNT_TYPE",
    "toAccountType": "UNKNOWN_ACCOUNT_TYPE",
    "ibFeeCr": null,
    "ibFeeDr": 0.5268,
    "disbursementMaxFee": null,
    "trnxAmount": 80,
    "disbursementInfo": null,
    "txnTime": "03-07-20 16:27:26",
    "trnxCode": 1208,
    "feeDirection": null,
    "statusStr": "PROCESSED",
    "payForSMSHeader": "TB3 SureCash"
}
[status:PROCESSED, msg:, trnxId:T300000197087,T400000078799, smsHeader:, payFor:null, message:null, description:null, incentiveStatus:null, incentiveStatusDesc:null, interBankDistrCommRate:null, walletNumber:null, fromSMSHeader:TB3 SureCash, toSMSHeader:TB4 SureCash, balanceFrom:731362.4261, balanceTo:71597.395, smsFromAc:N/A, smsToAc:N/A, smsToExternalCustomer:N/A, fromAccount:016314347519, toAccount:015045042825, externalCustomer:null, bankName:TB3, ibfee:null, fee:-1.0, commission:-1.0, cbsBalance:-1.0, ticket:N/A, traceNo:TB4[N/A], fromAccountType:UNKNOWN_ACCOUNT_TYPE, toAccountType:UNKNOWN_ACCOUNT_TYPE, ibFeeCr:null, ibFeeDr:0.5268, disbursementMaxFee:null, trnxAmount:80, disbursementInfo:null, txnTime:03-07-20 16:27:26, trnxCode:1208, feeDirection:null, statusStr:PROCESSED, payForSMSHeader:TB3 SureCash]request: null
response: {
    "status": "PROCESSED",
    "msg": "",
    "trnxId": "T300000197089,T400000078802",
    "smsHeader": "",
    "payFor": null,
    "message": null,
    "description": null,
    "incentiveStatus": null,
    "incentiveStatusDesc": null,
    "interBankDistrCommRate": 0.10518,
    "walletNumber": null,
    "fromSMSHeader": "TB3 SureCash",
    "toSMSHeader": "TB4 SureCash",
    "balanceFrom": 731302.4261,
    "balanceTo": 335.6454,
    "smsFromAc": "N/A",
    "smsToAc": "N/A",
    "smsToExternalCustomer": "N/A",
    "fromAccount": "016314347519",
    "toAccount": "015028408282",
    "externalCustomer": null,
    "bankName": "TB3",
    "ibfee": null,
    "fee": -1.0,
    "commission": -1.0,
    "cbsBalance": -1.0,
    "ticket": "N/A",
    "traceNo": "TB4[N/A]",
    "fromAccountType": "UNKNOWN_ACCOUNT_TYPE",
    "toAccountType": "UNKNOWN_ACCOUNT_TYPE",
    "ibFeeCr": null,
    "ibFeeDr": 0.3951,
    "disbursementMaxFee": null,
    "trnxAmount": 60,
    "disbursementInfo": null,
    "txnTime": "03-07-20 16:27:27",
    "trnxCode": 1208,
    "feeDirection": null,
    "statusStr": "PROCESSED",
    "payForSMSHeader": "TB3 SureCash"
}
[status:PROCESSED, msg:, trnxId:T300000197089,T400000078802, smsHeader:, payFor:null, message:null, description:null, incentiveStatus:null, incentiveStatusDesc:null, interBankDistrCommRate:0.10518, walletNumber:null, fromSMSHeader:TB3 SureCash, toSMSHeader:TB4 SureCash, balanceFrom:731302.4261, balanceTo:335.6454, smsFromAc:N/A, smsToAc:N/A, smsToExternalCustomer:N/A, fromAccount:016314347519, toAccount:015028408282, externalCustomer:null, bankName:TB3, ibfee:null, fee:-1.0, commission:-1.0, cbsBalance:-1.0, ticket:N/A, traceNo:TB4[N/A], fromAccountType:UNKNOWN_ACCOUNT_TYPE, toAccountType:UNKNOWN_ACCOUNT_TYPE, ibFeeCr:null, ibFeeDr:0.3951, disbursementMaxFee:null, trnxAmount:60, disbursementInfo:null, txnTime:03-07-20 16:27:27, trnxCode:1208, feeDirection:null, statusStr:PROCESSED, payForSMSHeader:TB3 SureCash]request: null
response: {
    
}
request: null
response: {
    "status": "PROCESSED",
    "msg": "",
    "trnxId": "T300000197091",
    "smsHeader": "Rupali Bank SureCash ",
    "payFor": null,
    "message": null,
    "description": null,
    "incentiveStatus": null,
    "incentiveStatusDesc": null,
    "interBankDistrCommRate": null,
    "walletNumber": null,
    "fromSMSHeader": "",
    "toSMSHeader": "",
    "balanceFrom": -1.0,
    "balanceTo": -1.0,
    "smsFromAc": "N/A",
    "smsToAc": "RBL-SureCash\n\u0989\u09aa\u09ac\u09c3\u09a4\u09cd\u09a4\u09bf 1000 \u099f\u09be\u0995\u09be to A/C:016800050045 Help-09614016495",
    "smsToExternalCustomer": "N/A",
    "fromAccount": "SYSTEM",
    "toAccount": "016800050045",
    "externalCustomer": null,
    "bankName": "TB3",
    "ibfee": null,
    "fee": -1.0,
    "commission": 0.0,
    "cbsBalance": -1.0,
    "ticket": "N/A",
    "traceNo": "N/A",
    "fromAccountType": "UNKNOWN_ACCOUNT_TYPE",
    "toAccountType": "UNKNOWN_ACCOUNT_TYPE",
    "ibFeeCr": null,
    "ibFeeDr": null,
    "disbursementMaxFee": null,
    "trnxAmount": 1000.0,
    "disbursementInfo": null,
    "txnTime": "03-Jul-20 16:27:27",
    "trnxCode": 0,
    "feeDirection": null,
    "statusStr": "PROCESSED",
    "payForSMSHeader": null
}
[status:PROCESSED, msg:, trnxId:T300000197091, smsHeader:Rupali Bank SureCash , payFor:null, message:null, description:null, incentiveStatus:null, incentiveStatusDesc:null, interBankDistrCommRate:null, walletNumber:null, fromSMSHeader:, toSMSHeader:, balanceFrom:-1.0, balanceTo:-1.0, smsFromAc:N/A, smsToAc:RBL-SureCash
???????? 1000 ???? to A/C:016800050045 Help-09614016495, smsToExternalCustomer:N/A, fromAccount:SYSTEM, toAccount:016800050045, externalCustomer:null, bankName:TB3, ibfee:null, fee:-1.0, commission:0.0, cbsBalance:-1.0, ticket:N/A, traceNo:N/A, fromAccountType:UNKNOWN_ACCOUNT_TYPE, toAccountType:UNKNOWN_ACCOUNT_TYPE, ibFeeCr:null, ibFeeDr:null, disbursementMaxFee:null, trnxAmount:1000.0, disbursementInfo:null, txnTime:03-Jul-20 16:27:27, trnxCode:0, feeDirection:null, statusStr:PROCESSED, payForSMSHeader:null]request: null
response: {
    "status": "PROCESSED",
    "msg": "",
    "trnxId": "T300000197092",
    "smsHeader": "tb3 SureCash\n",
    "payFor": null,
    "message": null,
    "description": null,
    "incentiveStatus": null,
    "incentiveStatusDesc": null,
    "interBankDistrCommRate": null,
    "walletNumber": null,
    "fromSMSHeader": "TB3 SureCash",
    "toSMSHeader": "TB3 SureCash",
    "balanceFrom": 10319.328,
    "balanceTo": 38952.3698,
    "smsFromAc": "03-07-20 16:27:27\n\nCash-out successful.\nAgent: 015061919070\nAmt: Tk 500.00\nFee: Tk 0.00\nTXN ID: T300000197092\nBal: Tk 10,319.33",
    "smsToAc": "03-07-20 16:27:27\n\nCash-out successful.\nCustomer: 016800050045\nAmt: Tk 500.00\nTXN ID: T300000197092\nBal: Tk 38,952.37",
    "smsToExternalCustomer": "N/A",
    "fromAccount": "016800050045",
    "toAccount": "015061919070",
    "externalCustomer": null,
    "bankName": "tb3",
    "ibfee": null,
    "fee": 0.0,
    "commission": 2.17394442,
    "cbsBalance": -1.0,
    "ticket": "N/A",
    "traceNo": "N/A",
    "fromAccountType": "UNBANKED",
    "toAccountType": "AGENT",
    "ibFeeCr": null,
    "ibFeeDr": null,
    "disbursementMaxFee": null,
    "trnxAmount": 500.0,
    "disbursementInfo": {
        "serviceFeeAmount": 0.0,
        "amountFromDisbursement": 500.0,
        "amountFromGeneralTxn": 0.0,
        "amountFromStipend": 500.0,
        "regularFeeAmount": 0.0,
        "maxFeeAmount": 0.0,
        "maxDisbursementFee": 0.0,
        "txnAmountIfmaxWithdrawFeeApplied": 0.0,
        "txnAmountIfmaxDisburseFeeApplied": 0.0
    },
    "txnTime": "03-07-20 16:27:27",
    "trnxCode": 11,
    "feeDirection": "F",
    "statusStr": "PROCESSED",
    "payForSMSHeader": null
}
request: null
response: {
    "status": "PROCESSED",
    "msg": "",
    "trnxId": "T300000197095,T400000078805",
    "smsHeader": "",
    "payFor": null,
    "message": null,
    "description": null,
    "incentiveStatus": null,
    "incentiveStatusDesc": null,
    "interBankDistrCommRate": null,
    "walletNumber": null,
    "fromSMSHeader": "TB3 SureCash",
    "toSMSHeader": "TB4 SureCash",
    "balanceFrom": 9819.328,
    "balanceTo": 72099.482,
    "smsFromAc": "N/A",
    "smsToAc": "N/A",
    "smsToExternalCustomer": "N/A",
    "fromAccount": "016800050045",
    "toAccount": "015045042825",
    "externalCustomer": null,
    "bankName": "TB3",
    "ibfee": null,
    "fee": 0.0,
    "commission": -1.0,
    "cbsBalance": -1.0,
    "ticket": "N/A",
    "traceNo": "TB4[N/A]",
    "fromAccountType": "UNKNOWN_ACCOUNT_TYPE",
    "toAccountType": "UNKNOWN_ACCOUNT_TYPE",
    "ibFeeCr": null,
    "ibFeeDr": 3.562,
    "disbursementMaxFee": null,
    "trnxAmount": 500,
    "disbursementInfo": {
        "serviceFeeAmount": 0.0,
        "amountFromDisbursement": 500.0,
        "amountFromGeneralTxn": 0.0,
        "amountFromStipend": 500.0,
        "regularFeeAmount": 0.0,
        "maxFeeAmount": 0.0,
        "maxDisbursementFee": 0.0,
        "txnAmountIfmaxWithdrawFeeApplied": 0.0,
        "txnAmountIfmaxDisburseFeeApplied": 0.0
    },
    "txnTime": "03-07-20 16:27:28",
    "trnxCode": 11,
    "feeDirection": "F",
    "statusStr": "PROCESSED",
    "payForSMSHeader": "TB3 SureCash"
}
request: null
response: {
    "status": "PROCESSED",
    "msg": "",
    "trnxId": "T300000197097",
    "smsHeader": "tb3 SureCash\n",
    "payFor": null,
    "message": null,
    "description": null,
    "incentiveStatus": null,
    "incentiveStatusDesc": null,
    "interBankDistrCommRate": null,
    "walletNumber": null,
    "fromSMSHeader": "TB3 SureCash",
    "toSMSHeader": "TB3 SureCash",
    "balanceFrom": 63359.458,
    "balanceTo": 39153.2046,
    "smsFromAc": "03-07-20 16:27:28\n\nCash-out successful.\nAgent: 015061919070\nAmt: Tk 200.00\nFee: Tk 0.00\nTXN ID: T300000197097\nBal: Tk 63,359.46",
    "smsToAc": "03-07-20 16:27:28\n\nCash-out successful.\nCustomer: 016000077772\nAmt: Tk 200.00\nTXN ID: T300000197097\nBal: Tk 39,153.20",
    "smsToExternalCustomer": "N/A",
    "fromAccount": "016000077772",
    "toAccount": "015061919070",
    "externalCustomer": null,
    "bankName": "tb3",
    "ibfee": null,
    "fee": 0.0,
    "commission": 0.869577768,
    "cbsBalance": -1.0,
    "ticket": "N/A",
    "traceNo": "N/A",
    "fromAccountType": "UNBANKED",
    "toAccountType": "AGENT",
    "ibFeeCr": null,
    "ibFeeDr": null,
    "disbursementMaxFee": null,
    "trnxAmount": 200.0,
    "disbursementInfo": {
        "serviceFeeAmount": 0.0,
        "amountFromDisbursement": 200.0,
        "amountFromGeneralTxn": 0.0,
        "amountFromStipend": 0.0,
        "regularFeeAmount": 0.0,
        "maxFeeAmount": 0.0,
        "maxDisbursementFee": 0.0,
        "txnAmountIfmaxWithdrawFeeApplied": 0.0,
        "txnAmountIfmaxDisburseFeeApplied": 0.0
    },
    "txnTime": "03-07-20 16:27:28",
    "trnxCode": 11,
    "feeDirection": "F",
    "statusStr": "PROCESSED",
    "payForSMSHeader": null
}
request: null
response: {
    "status": "PROCESSED",
    "msg": "",
    "trnxId": "T300000197100,T400000078808",
    "smsHeader": "",
    "payFor": null,
    "message": null,
    "description": null,
    "incentiveStatus": null,
    "incentiveStatusDesc": null,
    "interBankDistrCommRate": null,
    "walletNumber": null,
    "fromSMSHeader": "TB3 SureCash",
    "toSMSHeader": "TB4 SureCash",
    "balanceFrom": 63059.458,
    "balanceTo": 72400.7342,
    "smsFromAc": "N/A",
    "smsToAc": "N/A",
    "smsToExternalCustomer": "N/A",
    "fromAccount": "016000077772",
    "toAccount": "015045042825",
    "externalCustomer": null,
    "bankName": "TB3",
    "ibfee": null,
    "fee": 0.0,
    "commission": -1.0,
    "cbsBalance": -1.0,
    "ticket": "N/A",
    "traceNo": "TB4[N/A]",
    "fromAccountType": "UNKNOWN_ACCOUNT_TYPE",
    "toAccountType": "UNKNOWN_ACCOUNT_TYPE",
    "ibFeeCr": null,
    "ibFeeDr": 2.0214,
    "disbursementMaxFee": null,
    "trnxAmount": 300,
    "disbursementInfo": {
        "serviceFeeAmount": 0.0,
        "amountFromDisbursement": 300.0,
        "amountFromGeneralTxn": 0.0,
        "amountFromStipend": 0.0,
        "regularFeeAmount": 0.0,
        "maxFeeAmount": 0.0,
        "maxDisbursementFee": 0.0,
        "txnAmountIfmaxWithdrawFeeApplied": 0.0,
        "txnAmountIfmaxDisburseFeeApplied": 0.0
    },
    "txnTime": "03-07-20 16:27:29",
    "trnxCode": 11,
    "feeDirection": "F",
    "statusStr": "PROCESSED",
    "payForSMSHeader": "TB3 SureCash"
}
Response: 
606296.7378request: null
[status:SUCCESS, msg:, trnxId:, smsHeader:, payFor:null, message:null, description:null, incentiveStatus:null, incentiveStatusDesc:null, interBankDistrCommRate:null, walletNumber:null, fromSMSHeader:, toSMSHeader:, balanceFrom:-1.0, balanceTo:-1.0, smsFromAc:N/A, smsToAc:N/A, smsToExternalCustomer:N/A, fromAccount:null, toAccount:null, externalCustomer:null, bankName:null, ibfee:null, reason:N/A, balance:335.6454, refId:0, userAccountStatus:, statusStr:SUCCESS, payForSMSHeader:null]335.6454
request: null
[status:SUCCESS, msg:, trnxId:, smsHeader:, payFor:null, message:null, description:null, incentiveStatus:null, incentiveStatusDesc:null, interBankDistrCommRate:null, walletNumber:null, fromSMSHeader:, toSMSHeader:, balanceFrom:-1.0, balanceTo:-1.0, smsFromAc:N/A, smsToAc:N/A, smsToExternalCustomer:N/A, fromAccount:null, toAccount:null, externalCustomer:null, bankName:null, ibfee:null, reason:N/A, balance:335.6454, refId:0, userAccountStatus:, statusStr:SUCCESS, payForSMSHeader:null]request: null
response: {
    "reverseTxn": {
        "fromAc": "Test Customer TB3",
        "toAc": null,
        "amount": "-30.000000",
        "description": "Chargeback for payment at 03/07/2020\r\nSC PID: 66556 TB3 - Payment by customer  [From: 015039022346, To: 016314347519]    ",
        "type": "Reverse Txn",
        "txnTypeId": "1176",
        "txnTypeName": "tb3 Bill Payment(P2B)",
        "txnNumber": "T300000197102"
    },
    "orginalTxn": {
        "fromAc": null,
        "toAc": null,
        "amount": "30.000000",
        "description": "SC PID: 66556 TB3 - Payment by customer  [From: 015039022346, To: 016314347519]    ",
        "type": "Original Txn",
        "txnTypeId": "1176",
        "txnTypeName": "tb3 Bill Payment(P2B)",
        "txnNumber": "T300000197016"
    },
    "childTxns": null,
    "reversalStatus": "SUCCESS",
    "iBADReversalStatus": null,
    "crBankReversalStatus": null,
    "drBankReversalStatus": null,
    "fromSMSHeader": null,
    "toSMSHeader": null
}
[reverseTxn:[fromAc:Test Customer TB3, toAc:null, amount:-30.000000, description:Chargeback for payment at 03/07/2020
SC PID: 66556 TB3 - Payment by customer  [From: 015039022346, To: 016314347519]    , type:Reverse Txn, txnTypeId:1176, txnTypeName:tb3 Bill Payment(P2B), txnNumber:T300000197102], orginalTxn:[fromAc:null, toAc:null, amount:30.000000, description:SC PID: 66556 TB3 - Payment by customer  [From: 015039022346, To: 016314347519]    , type:Original Txn, txnTypeId:1176, txnTypeName:tb3 Bill Payment(P2B), txnNumber:T300000197016], childTxns:null, reversalStatus:SUCCESS, iBADReversalStatus:null, crBankReversalStatus:null, drBankReversalStatus:null, fromSMSHeader:null, toSMSHeader:null]request: null
[message:User is valid, status:VALID]request: null
[message:User is not valid, status:INVALID]request: null
response: {
    "status": "PENDING",
    "msg": "",
    "trnxId": "T300000197103",
    "smsHeader": "tb3 SureCash\n",
    "payFor": null,
    "message": null,
    "description": null,
    "incentiveStatus": null,
    "incentiveStatusDesc": null,
    "interBankDistrCommRate": null,
    "walletNumber": null,
    "fromSMSHeader": "TB3 SureCash",
    "toSMSHeader": "TB3 SureCash",
    "balanceFrom": 11462.6,
    "balanceTo": -1.0,
    "smsFromAc": "16:27 03-Jul-20\nRecharge Request Successful.\nFor mobile no: 01689148320\nAmt: Tk 50.00\nTXN ID: T300000197103\nBal: Tk 11,462.60",
    "smsToAc": "16:27 03-Jul-20\nRecharge Request Successful.\nFor mobile no: 01689148320\nFrom: 015039022346\nAmt: Tk 50.00\nTXN ID: T300000197103\nBal: Tk 0.00",
    "smsToExternalCustomer": "N/A",
    "fromAccount": "015039022346",
    "toAccount": "016318947305",
    "externalCustomer": null,
    "bankName": "tb3",
    "ibfee": null,
    "fee": 0.0,
    "commission": 0.0,
    "cbsBalance": -1.0,
    "ticket": "N/A",
    "traceNo": "N/A",
    "fromAccountType": "UNBANKED",
    "toAccountType": "MERCHANT",
    "ibFeeCr": null,
    "ibFeeDr": null,
    "disbursementMaxFee": null,
    "trnxAmount": 50.0,
    "disbursementInfo": {
        "serviceFeeAmount": 0.0,
        "amountFromDisbursement": 0.0,
        "amountFromGeneralTxn": 0.0,
        "amountFromStipend": 0.0,
        "regularFeeAmount": 0.0,
        "maxFeeAmount": 0.0,
        "maxDisbursementFee": 0.0,
        "txnAmountIfmaxWithdrawFeeApplied": 0.0,
        "txnAmountIfmaxDisburseFeeApplied": 0.0
    },
    "txnTime": "03-07-20 16:27:30",
    "trnxCode": 1602,
    "feeDirection": "F",
    "statusStr": "PENDING",
    "payForSMSHeader": null
}
[status:PENDING, msg:, trnxId:T300000197103, smsHeader:tb3 SureCash
, payFor:null, message:null, description:null, incentiveStatus:null, incentiveStatusDesc:null, interBankDistrCommRate:null, walletNumber:null, fromSMSHeader:TB3 SureCash, toSMSHeader:TB3 SureCash, balanceFrom:11462.6, balanceTo:-1.0, smsFromAc:16:27 03-Jul-20
Recharge Request Successful.
For mobile no: 01689148320
Amt: Tk 50.00
TXN ID: T300000197103
Bal: Tk 11,462.60, smsToAc:16:27 03-Jul-20
Recharge Request Successful.
For mobile no: 01689148320
From: 015039022346
Amt: Tk 50.00
TXN ID: T300000197103
Bal: Tk 0.00, smsToExternalCustomer:N/A, fromAccount:015039022346, toAccount:016318947305, externalCustomer:null, bankName:tb3, ibfee:null, fee:0.0, commission:0.0, cbsBalance:-1.0, ticket:N/A, traceNo:N/A, fromAccountType:UNBANKED, toAccountType:MERCHANT, ibFeeCr:null, ibFeeDr:null, disbursementMaxFee:null, trnxAmount:50.0, disbursementInfo:[serviceFeeAmount:0.0, amountFromDisbursement:0.0, amountFromGeneralTxn:0.0, amountFromStipend:0.0, regularFeeAmount:0.0, maxFeeAmount:0.0, maxDisbursementFee:0.0, txnAmountIfmaxWithdrawFeeApplied:0.0, txnAmountIfmaxDisburseFeeApplied:0.0], txnTime:03-07-20 16:27:30, trnxCode:1602, feeDirection:F, statusStr:PENDING, payForSMSHeader:null]request: null
response: {
    
}
java.io.StringReader@361b5968request: null
response: {
    "status": "INVALID_CREDENTIALS",
    "msg": "",
    "trnxId": "",
    "smsHeader": "",
    "payFor": null,
    "message": null,
    "description": null,
    "incentiveStatus": null,
    "incentiveStatusDesc": null,
    "interBankDistrCommRate": null,
    "walletNumber": null,
    "fromSMSHeader": "TB3 SureCash",
    "toSMSHeader": "TB3 SureCash",
    "balanceFrom": -1.0,
    "balanceTo": -1.0,
    "smsFromAc": "N/A",
    "smsToAc": "N/A",
    "smsToExternalCustomer": "N/A",
    "fromAccount": null,
    "toAccount": null,
    "externalCustomer": null,
    "bankName": "tb3",
    "ibfee": null,
    "fee": -1.0,
    "commission": 0.0,
    "cbsBalance": -1.0,
    "ticket": "N/A",
    "traceNo": "N/A",
    "fromAccountType": "UNBANKED",
    "toAccountType": "MERCHANT",
    "ibFeeCr": null,
    "ibFeeDr": null,
    "disbursementMaxFee": null,
    "trnxAmount": -1.0,
    "disbursementInfo": {
        "serviceFeeAmount": 0.0,
        "amountFromDisbursement": 0.0,
        "amountFromGeneralTxn": 0.0,
        "amountFromStipend": 0.0,
        "regularFeeAmount": 0.0,
        "maxFeeAmount": 0.0,
        "maxDisbursementFee": 0.0,
        "txnAmountIfmaxWithdrawFeeApplied": 0.0,
        "txnAmountIfmaxDisburseFeeApplied": 0.0
    },
    "txnTime": "03-07-20 16:27:30",
    "trnxCode": 1602,
    "feeDirection": null,
    "statusStr": "INVALID_CREDENTIALS",
    "payForSMSHeader": null
}
[status:INVALID_CREDENTIALS, msg:, trnxId:, smsHeader:, payFor:null, message:null, description:null, incentiveStatus:null, incentiveStatusDesc:null, interBankDistrCommRate:null, walletNumber:null, fromSMSHeader:TB3 SureCash, toSMSHeader:TB3 SureCash, balanceFrom:-1.0, balanceTo:-1.0, smsFromAc:N/A, smsToAc:N/A, smsToExternalCustomer:N/A, fromAccount:null, toAccount:null, externalCustomer:null, bankName:tb3, ibfee:null, fee:-1.0, commission:0.0, cbsBalance:-1.0, ticket:N/A, traceNo:N/A, fromAccountType:UNBANKED, toAccountType:MERCHANT, ibFeeCr:null, ibFeeDr:null, disbursementMaxFee:null, trnxAmount:-1.0, disbursementInfo:[serviceFeeAmount:0.0, amountFromDisbursement:0.0, amountFromGeneralTxn:0.0, amountFromStipend:0.0, regularFeeAmount:0.0, maxFeeAmount:0.0, maxDisbursementFee:0.0, txnAmountIfmaxWithdrawFeeApplied:0.0, txnAmountIfmaxDisburseFeeApplied:0.0], txnTime:03-07-20 16:27:30, trnxCode:1602, feeDirection:null, statusStr:INVALID_CREDENTIALS, payForSMSHeader:null]request: null
response: {
    "status": "SUCCESS",
    "cmdCode": 0,
    "statusCode": 0,
    "newSecretKey": "",
    "msg": "",
    "smsHeader": "",
    "statusDesc": "",
    "statusStr": "SUCCESS",
    "bankAccountNo": "",
    "userName": "",
    "bankName": "",
    "bankSmsHeader": null,
    "accountNo": "",
    "userStatus": "",
    "assignedBank": "",
    "orgAgentWallet": "",
    "userType": "",
    "mobileAlias": null,
    "distributorWallet": null,
    "srWallet": null,
    "purposeOfTxn": null,
    "area": null,
    "region": null,
    "territory": null,
    "isSetPin": null
}
[status:SUCCESS, cmdCode:0, statusCode:0, newSecretKey:, msg:, smsHeader:, statusDesc:, statusStr:SUCCESS, bankAccountNo:, userName:, bankName:, bankSmsHeader:null, accountNo:, userStatus:, assignedBank:, orgAgentWallet:, userType:, mobileAlias:null, distributorWallet:null, srWallet:null, purposeOfTxn:null, area:null, region:null, territory:null, isSetPin:null]request: null
response: {
    "status": "SUCCESS",
    "cmdCode": 0,
    "statusCode": 0,
    "newSecretKey": "",
    "msg": "",
    "smsHeader": "",
    "statusDesc": "",
    "statusStr": "SUCCESS",
    "bankAccountNo": "",
    "userName": "",
    "bankName": "",
    "bankSmsHeader": null,
    "accountNo": "",
    "userStatus": "",
    "assignedBank": "",
    "orgAgentWallet": "",
    "userType": "",
    "mobileAlias": null,
    "distributorWallet": null,
    "srWallet": null,
    "purposeOfTxn": null,
    "area": null,
    "region": null,
    "territory": null,
    "isSetPin": null
}
[status:SUCCESS, cmdCode:0, statusCode:0, newSecretKey:, msg:, smsHeader:, statusDesc:, statusStr:SUCCESS, bankAccountNo:, userName:, bankName:, bankSmsHeader:null, accountNo:, userStatus:, assignedBank:, orgAgentWallet:, userType:, mobileAlias:null, distributorWallet:null, srWallet:null, purposeOfTxn:null, area:null, region:null, territory:null, isSetPin:null]IB Distributor set PIN request: null
IB Distributor set PIN response: {
    "status": "SUCCESS",
    "cmdCode": 0,
    "statusCode": 0,
    "newSecretKey": "",
    "msg": "",
    "smsHeader": "",
    "statusDesc": "",
    "statusStr": "SUCCESS",
    "message": "Pin has successfully changed",
    "walletNumber": "N/A",
    "acStatus": "active"
}
[status:SUCCESS, cmdCode:0, statusCode:0, newSecretKey:, msg:, smsHeader:, statusDesc:, statusStr:SUCCESS, message:Pin has successfully changed, walletNumber:N/A, acStatus:active]IB Distributor set PIN request: null
IB Distributor set PIN response: {
    "status": "UNKNOWN_PRO_STATUS",
    "cmdCode": 0,
    "statusCode": 0,
    "newSecretKey": "",
    "msg": "",
    "smsHeader": "",
    "statusDesc": "",
    "statusStr": "UNKNOWN_PRO_STATUS",
    "message": "Invalid credential",
    "walletNumber": "N/A",
    "acStatus": null
}
[status:UNKNOWN_PRO_STATUS, cmdCode:0, statusCode:0, newSecretKey:, msg:, smsHeader:, statusDesc:, statusStr:UNKNOWN_PRO_STATUS, message:Invalid credential, walletNumber:N/A, acStatus:null]IB Distributor set PIN request: null
IB Distributor set PIN response: {
    "status": "UNKNOWN_PRO_STATUS",
    "cmdCode": 0,
    "statusCode": 0,
    "newSecretKey": "",
    "msg": "",
    "smsHeader": "",
    "statusDesc": "",
    "statusStr": "UNKNOWN_PRO_STATUS",
    "message": "Invalid credential",
    "walletNumber": "N/A",
    "acStatus": null
}
[status:UNKNOWN_PRO_STATUS, cmdCode:0, statusCode:0, newSecretKey:, msg:, smsHeader:, statusDesc:, statusStr:UNKNOWN_PRO_STATUS, message:Invalid credential, walletNumber:N/A, acStatus:null]request: null
response: {
    "status": "BLOCKED_CREDENTIALS",
    "msg": "",
    "trnxId": "",
    "smsHeader": "",
    "payFor": null,
    "message": null,
    "description": null,
    "incentiveStatus": null,
    "incentiveStatusDesc": null,
    "interBankDistrCommRate": 0.08765,
    "walletNumber": null,
    "fromSMSHeader": "TB3 SureCash",
    "toSMSHeader": "TB3 SureCash",
    "balanceFrom": -1.0,
    "balanceTo": -1.0,
    "smsFromAc": "N/A",
    "smsToAc": "N/A",
    "smsToExternalCustomer": "N/A",
    "fromAccount": null,
    "toAccount": null,
    "externalCustomer": null,
    "bankName": "tb3",
    "ibfee": null,
    "fee": -1.0,
    "commission": 0.0,
    "cbsBalance": -1.0,
    "ticket": "N/A",
    "traceNo": "N/A",
    "fromAccountType": "AGENT",
    "toAccountType": "UNBANKED",
    "ibFeeCr": null,
    "ibFeeDr": null,
    "disbursementMaxFee": null,
    "trnxAmount": -1.0,
    "disbursementInfo": null,
    "txnTime": "03-07-20 16:27:32",
    "trnxCode": 10,
    "feeDirection": null,
    "statusStr": "BLOCKED_CREDENTIALS",
    "payForSMSHeader": null
}
[status:BLOCKED_CREDENTIALS, msg:, trnxId:, smsHeader:, payFor:null, message:null, description:null, incentiveStatus:null, incentiveStatusDesc:null, interBankDistrCommRate:0.08765, walletNumber:null, fromSMSHeader:TB3 SureCash, toSMSHeader:TB3 SureCash, balanceFrom:-1.0, balanceTo:-1.0, smsFromAc:N/A, smsToAc:N/A, smsToExternalCustomer:N/A, fromAccount:null, toAccount:null, externalCustomer:null, bankName:tb3, ibfee:null, fee:-1.0, commission:0.0, cbsBalance:-1.0, ticket:N/A, traceNo:N/A, fromAccountType:AGENT, toAccountType:UNBANKED, ibFeeCr:null, ibFeeDr:null, disbursementMaxFee:null, trnxAmount:-1.0, disbursementInfo:null, txnTime:03-07-20 16:27:32, trnxCode:10, feeDirection:null, statusStr:BLOCKED_CREDENTIALS, payForSMSHeader:null]Response: {
    "status": "SUCCESS",
    "cmdCode": 0,
    "statusCode": 0,
    "newSecretKey": null,
    "msg": "",
    "smsHeader": "",
    "statusDesc": "",
    "statusStr": "SUCCESS"
}
[status:SUCCESS, cmdCode:0, statusCode:0, newSecretKey:null, msg:, smsHeader:, statusDesc:, statusStr:SUCCESS]request: null
response: {
    "status": "INVALID TO STATUS FOR  TXN. Status: active Reversal Status :SUCCESS",
    "msg": "",
    "trnxId": "TB4[T400000078811]",
    "smsHeader": "",
    "payFor": null,
    "message": null,
    "description": "INVALID TO STATUS FOR  TXN. Status: active",
    "incentiveStatus": null,
    "incentiveStatusDesc": null,
    "interBankDistrCommRate": 0.1753,
    "walletNumber": null,
    "fromSMSHeader": "TB4 SureCash",
    "toSMSHeader": "TB3 SureCash",
    "balanceFrom": 236.0628,
    "balanceTo": -1.0,
    "smsFromAc": "N/A",
    "smsToAc": "N/A",
    "smsToExternalCustomer": "N/A",
    "fromAccount": null,
    "toAccount": null,
    "externalCustomer": null,
    "bankName": "TB4",
    "ibfee": null,
    "fee": -1.0,
    "commission": -1.0,
    "cbsBalance": -1.0,
    "ticket": "N/A",
    "traceNo": "TB4[N/A]",
    "fromAccountType": "UNKNOWN_ACCOUNT_TYPE",
    "toAccountType": "UNKNOWN_ACCOUNT_TYPE",
    "ibFeeCr": null,
    "ibFeeDr": 0.6585,
    "disbursementMaxFee": null,
    "trnxAmount": 100.0,
    "disbursementInfo": null,
    "txnTime": null,
    "trnxCode": 10,
    "feeDirection": null,
    "statusStr": "INVALID TO STATUS FOR  TXN. Status: active Reversal Status :SUCCESS",
    "payForSMSHeader": "TB4 SureCash"
}
[status:INVALID TO STATUS FOR  TXN. Status: active Reversal Status :SUCCESS, msg:, trnxId:TB4[T400000078811], smsHeader:, payFor:null, message:null, description:INVALID TO STATUS FOR  TXN. Status: active, incentiveStatus:null, incentiveStatusDesc:null, interBankDistrCommRate:0.1753, walletNumber:null, fromSMSHeader:TB4 SureCash, toSMSHeader:TB3 SureCash, balanceFrom:236.0628, balanceTo:-1.0, smsFromAc:N/A, smsToAc:N/A, smsToExternalCustomer:N/A, fromAccount:null, toAccount:null, externalCustomer:null, bankName:TB4, ibfee:null, fee:-1.0, commission:-1.0, cbsBalance:-1.0, ticket:N/A, traceNo:TB4[N/A], fromAccountType:UNKNOWN_ACCOUNT_TYPE, toAccountType:UNKNOWN_ACCOUNT_TYPE, ibFeeCr:null, ibFeeDr:0.6585, disbursementMaxFee:null, trnxAmount:100.0, disbursementInfo:null, txnTime:null, trnxCode:10, feeDirection:null, statusStr:INVALID TO STATUS FOR  TXN. Status: active Reversal Status :SUCCESS, payForSMSHeader:TB4 SureCash]request: null
response: {
    "status": "INVALID FROM STATUS FOR  TXN. Status: suspended",
    "msg": "",
    "trnxId": "",
    "smsHeader": "",
    "payFor": null,
    "message": null,
    "description": null,
    "incentiveStatus": null,
    "incentiveStatusDesc": null,
    "interBankDistrCommRate": null,
    "walletNumber": null,
    "fromSMSHeader": "TB3 SureCash",
    "toSMSHeader": "TB4 SureCash",
    "balanceFrom": -1.0,
    "balanceTo": -1.0,
    "smsFromAc": "N/A",
    "smsToAc": "N/A",
    "smsToExternalCustomer": "N/A",
    "fromAccount": null,
    "toAccount": null,
    "externalCustomer": null,
    "bankName": "TB3",
    "ibfee": null,
    "fee": -1.0,
    "commission": -1.0,
    "cbsBalance": -1.0,
    "ticket": "N/A",
    "traceNo": "N/A",
    "fromAccountType": "UNKNOWN_ACCOUNT_TYPE",
    "toAccountType": "UNKNOWN_ACCOUNT_TYPE",
    "ibFeeCr": null,
    "ibFeeDr": null,
    "disbursementMaxFee": null,
    "trnxAmount": -1.0,
    "disbursementInfo": null,
    "txnTime": null,
    "trnxCode": 11,
    "feeDirection": null,
    "statusStr": "INVALID FROM STATUS FOR  TXN. Status: suspended",
    "payForSMSHeader": "TB3 SureCash"
}
[status:INVALID FROM STATUS FOR  TXN. Status: suspended, msg:, trnxId:, smsHeader:, payFor:null, message:null, description:null, incentiveStatus:null, incentiveStatusDesc:null, interBankDistrCommRate:null, walletNumber:null, fromSMSHeader:TB3 SureCash, toSMSHeader:TB4 SureCash, balanceFrom:-1.0, balanceTo:-1.0, smsFromAc:N/A, smsToAc:N/A, smsToExternalCustomer:N/A, fromAccount:null, toAccount:null, externalCustomer:null, bankName:TB3, ibfee:null, fee:-1.0, commission:-1.0, cbsBalance:-1.0, ticket:N/A, traceNo:N/A, fromAccountType:UNKNOWN_ACCOUNT_TYPE, toAccountType:UNKNOWN_ACCOUNT_TYPE, ibFeeCr:null, ibFeeDr:null, disbursementMaxFee:null, trnxAmount:-1.0, disbursementInfo:null, txnTime:null, trnxCode:11, feeDirection:null, statusStr:INVALID FROM STATUS FOR  TXN. Status: suspended, payForSMSHeader:TB3 SureCash]]]></system-out>
  <system-err><![CDATA[SLF4J: Failed to load class "org.slf4j.impl.StaticLoggerBinder".
SLF4J: Defaulting to no-operation (NOP) logger implementation
SLF4J: See http://www.slf4j.org/codes.html#StaticLoggerBinder for further details.
]]></system-err>
</testsuite>
